==============================================================================
Step3以降の一括実行を開始します
Step2は手修正データ保護のため実行しません
プロジェクトルート: /workspaces/SchoolProject/SportDent
ログ保存先        : /workspaces/SchoolProject/SportDent/logs/run_from_step3_20260716_133346.log
==============================================================================

実行予定ファイル数: 13

[1/13] file/Step5_結果整理/Step5-1_全体比較集計.py

------------------------------------------------------------------------------
実行開始: file/Step5_結果整理/Step5-1_全体比較集計.py
Python   : /workspaces/SchoolProject/.venv/bin/python
------------------------------------------------------------------------------
 歯牙障害特徴順位 品詞 基本形  All出現回数  All出現事例数  All事例出現率(%)  歯牙障害出現回数  歯牙障害出現事例数  歯牙障害事例出現率(%)  出現率差_歯牙障害-All  出現率倍率_歯牙障害_All
        1 名詞  前歯      795       750       9.7631     764.0      721.0       45.5464        35.7833          4.6652
        2 名詞   歯      544       498       6.4827     489.0      444.0       28.0480        21.5653          4.3266
        3 名詞  顔面     1087      1039      13.5251     501.0      489.0       30.8907        17.3656          2.2840
        4 名詞   口      508       490       6.3785     366.0      359.0       22.6785        16.3000          3.5555
        5 名詞  歯科      204       204       2.6556     197.0      197.0       12.4447         9.7891          4.6862
        6 名詞  補綴      202       201       2.6165     196.0      195.0       12.3184         9.7019          4.7080
        7 動詞 加える      213       212       2.7597     198.0      197.0       12.4447         9.6850          4.5094
        8 名詞   折      204       203       2.6425     184.0      183.0       11.5603         8.9178          4.3748
        9 名詞  転倒     1299      1254      16.3239     409.0      398.0       25.1421         8.8182          1.5402
       10 動詞  破る      180       179       2.3301     176.0      175.0       11.0550         8.7249          4.7444
       11 名詞  強打      817       810      10.5441     303.0      302.0       19.0777         8.5336          1.8093
       12 名詞 自転車      540       393       5.1159     293.0      216.0       13.6450         8.5291          2.6672
       13 名詞   本      504       397       5.1679     255.0      215.0       13.5818         8.4139          2.6281
       14 動詞 折れる      185       176       2.2911     154.0      152.0        9.6020         7.3109          4.1910
       15 名詞   床      508       465       6.0531     206.0      189.0       11.9394         5.8863          1.9724
       16 名詞   顔      477       451       5.8709     189.0      183.0       11.5603         5.6894          1.9691
       17 名詞 バット      256       208       2.7076     141.0      113.0        7.1383         4.4307          2.6364
       18 名詞 ボール     2127      1623      21.1273     506.0      402.0       25.3948         4.2675          1.2020
       19 名詞  口元       92        91       1.1846      86.0       85.0        5.3696         4.1850          4.5328
       20 名詞  脱臼      131       131       1.7053      89.0       89.0        5.6222         3.9169          3.2969
       21 名詞 ノック      209       189       2.4603     108.0      100.0        6.3171         3.8568          2.5676
       22 名詞  野球      716       702       9.1382     209.0      205.0       12.9501         3.8119          1.4171
       23 動詞 当たる     1787      1708      22.2338     427.0      410.0       25.9002         3.6664          1.1649
       24 動詞 抜ける      118       115       1.4970      78.0       77.0        4.8642         3.3672          3.2493
       25 名詞  下校      285       281       3.6579     109.0      108.0        6.8225         3.1646          1.8651
       26 動詞  する    15485      6712      87.3731    3278.0     1428.0       90.2085         2.8354          1.0325
       27 名詞  前方      214       211       2.7467      87.0       87.0        5.4959         2.7492          2.0009
       28 名詞  守備      180       173       2.2520      80.0       79.0        4.9905         2.7385          2.2160
       29 名詞  登校      248       234       3.0461      93.0       90.0        5.6854         2.6393          1.8665
       30 名詞   前      628       588       7.6543     176.0      162.0       10.2337         2.5794          1.3370

Step5-1 正常終了
次: Step5-2_歯牙障害特徴ランキング.py
正常終了: Step5-1_全体比較集計.py (0.81秒)

[2/13] file/Step5_結果整理/Step5-2_歯牙障害特徴ランキング.py

------------------------------------------------------------------------------
実行開始: file/Step5_結果整理/Step5-2_歯牙障害特徴ランキング.py
Python   : /workspaces/SchoolProject/.venv/bin/python
------------------------------------------------------------------------------
 総合順位  歯牙障害特徴順位 品詞 基本形  All出現回数  All出現事例数  All事例出現率(%)  歯牙障害出現回数  歯牙障害出現事例数  歯牙障害事例出現率(%)  出現率差_歯牙障害-All  出現率倍率_歯牙障害_All 特徴語  歯牙障害平均TF-IDF  TF-IDF差_歯牙障害-All   総合特徴スコア
    1         1 名詞  前歯      795       750       9.7631     764.0      721.0       45.5464        35.7833          4.6652  前歯      0.050976          0.033166 48.209225
    2         2 名詞   歯      544       498       6.4827     489.0      444.0       28.0480        21.5653          4.3266   歯      0.040236          0.026946 29.869535
    3         3 名詞  顔面     1087      1039      13.5251     501.0      489.0       30.8907        17.3656          2.2840  顔面      0.041067          0.019537 25.497480
    4         4 名詞   口      508       490       6.3785     366.0      359.0       22.6785        16.3000          3.5555   口      0.036210          0.023514 23.187071
    5        26 動詞  する    15485      6712      87.3731    3278.0     1428.0       90.2085         2.8354          1.0325 NaN           NaN               NaN 20.877100
    6         9 名詞  転倒     1299      1254      16.3239     409.0      398.0       25.1421         8.8182          1.5402  転倒      0.037169          0.013653 15.211917
    7         5 名詞  歯科      204       204       2.6556     197.0      197.0       12.4447         9.7891          4.6862  歯科      0.022837          0.016621 13.940177
    8         6 名詞  補綴      202       201       2.6165     196.0      195.0       12.3184         9.7019          4.7080  補綴      0.022751          0.016572 13.822785
    9         7 動詞 加える      213       212       2.7597     198.0      197.0       12.4447         9.6850          4.5094 加える      0.022805          0.016438 13.817779
   10        11 名詞  強打      817       810      10.5441     303.0      302.0       19.0777         8.5336          1.8093  強打      0.029450          0.012166 13.565777
   11         8 名詞   折      204       203       2.6425     184.0      183.0       11.5603         8.9178          4.3748   折      0.022229          0.015958 12.825635
   12        12 名詞 自転車      540       393       5.1159     293.0      216.0       13.6450         8.5291          2.6672 自転車      0.024447          0.014478 12.705903
   13        63 名詞   中     4509      4291      55.8578     941.0      902.0       56.9804         1.1226          1.0201 NaN           NaN               NaN 12.518680
   14        10 動詞  破る      180       179       2.3301     176.0      175.0       11.0550         8.7249          4.7444  破る      0.021581          0.015811 12.516961
   15        13 名詞   本      504       397       5.1679     255.0      215.0       13.5818         8.4139          2.6281   本      0.022625          0.013372 12.467499
   16        14 動詞 折れる      185       176       2.2911     154.0      152.0        9.6020         7.3109          4.1910 折れる      0.020620          0.014670 10.698318
   17        18 名詞 ボール     2127      1623      21.1273     506.0      402.0       25.3948         4.2675          1.2020 ボール      0.041200          0.008701 10.216560
   18        23 動詞 当たる     1787      1708      22.2338     427.0      410.0       25.9002         3.6664          1.1649 当たる      0.042008          0.009518  9.798279
   19        15 名詞   床      508       465       6.0531     206.0      189.0       11.9394         5.8863          1.9724   床      0.021487          0.010577  9.331857
   20        16 名詞   顔      477       451       5.8709     189.0      183.0       11.5603         5.6894          1.9691   顔      0.022372          0.011108  9.112286
   21        36 名詞  練習     2372      2068      26.9201     507.0      462.0       29.1851         2.2650          1.0841  練習      0.042917          0.008724  8.974422
   22        42 名詞  生徒     3740      2296      29.8880     813.0      505.0       31.9015         2.0135          1.0674 NaN           NaN               NaN  8.393800
   23        35 名詞  負傷     1636      1632      21.2445     375.0      373.0       23.5629         2.3184          1.1091  負傷      0.036888          0.007792  7.810165
   24        22 名詞  野球      716       702       9.1382     209.0      205.0       12.9501         3.8119          1.4171  野球      0.027239          0.009305  7.332383
   25        17 名詞 バット      256       208       2.7076     141.0      113.0        7.1383         4.4307          2.6364 バット      0.015601          0.008891  6.747492
   26        21 名詞 ノック      209       189       2.4603     108.0      100.0        6.3171         3.8568          2.5676 ノック      0.019262          0.011906  6.310834
   27        19 名詞  口元       92        91       1.1846      86.0       85.0        5.3696         4.1850          4.5328  口元      0.012972          0.009502  6.209081
   28        33 名詞  試合     1036       965      12.5618     245.0      237.0       14.9716         2.4098          1.1918  試合      0.028929          0.006283  6.032389
   29        20 名詞  脱臼      131       131       1.7053      89.0       89.0        5.6222         3.9169          3.2969  脱臼      0.012782          0.008572  5.898521
   30        25 名詞  下校      285       281       3.6579     109.0      108.0        6.8225         3.1646          1.8651  下校      0.014593          0.007071  5.236160

Step5-2 正常終了
正常終了: Step5-2_歯牙障害特徴ランキング.py (0.93秒)

[3/13] file/Step5_結果整理/Step5-3_Jaccard結果整理.py

------------------------------------------------------------------------------
実行開始: file/Step5_結果整理/Step5-3_Jaccard結果整理.py
Python   : /workspaces/SchoolProject/.venv/bin/python
------------------------------------------------------------------------------
 総合順位      解析区分  順位     特徴1        特徴2  ジャッカード係数  共通出現事例数  特徴1出現事例数  特徴2出現事例数  和集合事例数  対象事例数  歯牙障害内順位
   11 歯牙障害_統合特徴   1       床     衝突対象:床  1.000000      189       189       189     189   1583        1
   13 歯牙障害_統合特徴   2 受傷部位:下肢          足  1.000000      142       142       142     142   1583        2
   16 歯牙障害_統合特徴   3 受傷機転:滑走         滑る  1.000000      112       112       112     112   1583        3
   18 歯牙障害_統合特徴   4      地面    衝突対象:地面  1.000000      101       101       101     101   1583        4
   20 歯牙障害_統合特徴   5 傷害結果:脱臼         脱臼  1.000000       89        89        89      89   1583        5
   23 歯牙障害_統合特徴   6 受傷機転:接触         接触  1.000000       68        68        68      68   1583        6
   25 歯牙障害_統合特徴   7 傷害結果:欠損         欠損  1.000000       55        55        55      55   1583        7
   26 歯牙障害_統合特徴   8 受傷部位:頭部         頭部  1.000000       48        48        48      48   1583        8
   28 歯牙障害_統合特徴   9    つまずく  受傷機転:つまずき  1.000000       44        44        44      44   1583        9
   29 歯牙障害_統合特徴  10 衝突対象:階段         階段  1.000000       43        43        43      43   1583       10
   30 歯牙障害_統合特徴  11      乗る      行動:乗車  1.000000       39        39        39      39   1583       11
   32 歯牙障害_統合特徴  12    ハンドル 衝突対象:自転車部品  1.000000       31        31        31      31   1583       12
   33 歯牙障害_統合特徴  13      切る    受傷機転:切創  1.000000       30        30        30      30   1583       13
   34 歯牙障害_統合特徴  14       壁     衝突対象:壁  1.000000       25        25        25      25   1583       14
   37 歯牙障害_統合特徴  15 傷害結果:骨折         骨折  1.000000       18        18        18      18   1583       15
   38  歯牙障害_語特徴   1      うし          ろ  1.000000       17        17        17      17   1583       16
   39 歯牙障害_統合特徴  16      うし          ろ  1.000000       17        17        17      17   1583       17
   40 歯牙障害_統合特徴  17 傷害結果:裂傷         裂傷  1.000000       15        15        15      15   1583       18
   41 歯牙障害_統合特徴  18   行動:運動         跳ぶ  1.000000       10        10        10      10   1583       19
   42 歯牙障害_統合特徴  19 受傷機転:挟圧        挟まる  1.000000        7         7         7       7   1583       20
   43  歯牙障害_語特徴   2      つま         づく  1.000000        6         6         6       6   1583       21
   44 歯牙障害_統合特徴  20      つま         づく  1.000000        6         6         6       6   1583       22
   45  歯牙障害_語特徴   3    乗り出す          身  1.000000        3         3         3       3   1583       23
   46  歯牙障害_語特徴   4      研究         課題  1.000000        3         3         3       3   1583       24
   47 歯牙障害_統合特徴  21    乗り出す          身  1.000000        3         3         3       3   1583       25
   48 歯牙障害_統合特徴  22       柱     衝突対象:柱  1.000000        3         3         3       3   1583       26
   49 歯牙障害_統合特徴  23      研究         課題  1.000000        3         3         3       3   1583       27
   50 歯牙障害_統合特徴  24 受傷部位:上肢          手  0.991935      123       124       123     124   1583       28
   53  歯牙障害_語特徴   5     加える         歯科  0.989899      196       197       197     198   1583       29
   54 歯牙障害_統合特徴  25     加える         歯科  0.989899      196       197       197     198   1583       30

Step5-3 正常終了
正常終了: Step5-3_Jaccard結果整理.py (0.70秒)

[4/13] file/Step5_結果整理/Step5-4_事故パターン分析.py

------------------------------------------------------------------------------
実行開始: file/Step5_結果整理/Step5-4_事故パターン分析.py
Python   : /workspaces/SchoolProject/.venv/bin/python
------------------------------------------------------------------------------
 順位                                               事故パターン  構成要素数  件数  事例割合(%)
  1                                原因物:スポーツ用具 -> 受傷部位:歯牙      2  77   4.8642
  2                               原因物:スポーツ用具 -> 受傷部位:顎顔面      2  46   2.9059
  3                                  受傷部位:歯牙 -> 受傷部位:顎顔面      2  23   1.4529
  4                    原因物:スポーツ用具 -> 受傷部位:歯牙 -> 受傷部位:顎顔面      3  21   1.3266
  5                                   受傷機転:衝突 -> 受傷部位:歯牙      2  15   0.9476
  6                       原因物:乗り物 -> 受傷機転:転倒 -> 受傷部位:顎顔面      3  14   0.8844
  7                        受傷機転:転倒 -> 受傷部位:顎顔面 -> 衝突対象:床      3  14   0.8844
  8                                  原因物:スポーツ用具 -> 行動:球技      2  13   0.8212
  9                                  受傷機転:転倒 -> 受傷部位:顎顔面      2  13   0.8212
 10                                   受傷機転:転倒 -> 受傷部位:歯牙      2  12   0.7581
 11                     原因物:スポーツ用具 -> 受傷機転:衝突 -> 受傷部位:歯牙      3  11   0.6949
 12                     傷害結果:欠損 -> 原因物:スポーツ用具 -> 受傷部位:歯牙      3  10   0.6317
 13                     傷害結果:脱臼 -> 原因物:スポーツ用具 -> 受傷部位:歯牙      3  10   0.6317
 14                        原因物:乗り物 -> 受傷機転:転倒 -> 受傷部位:歯牙      3  10   0.6317
 15                                   原因物:乗り物 -> 受傷機転:転倒      2  10   0.6317
 16                                原因物:スポーツ用具 -> 受傷機転:衝突      2   9   0.5685
 17            原因物:乗り物 -> 受傷機転:転倒 -> 受傷部位:顎顔面 -> 衝突対象:地面      4   8   0.5054
 18             受傷機転:転倒 -> 受傷部位:歯牙 -> 受傷部位:顎顔面 -> 衝突対象:床      4   8   0.5054
 19                       受傷機転:転倒 -> 受傷部位:歯牙 -> 受傷部位:顎顔面      3   7   0.4422
 20                     原因物:スポーツ用具 -> 受傷部位:上肢 -> 受傷部位:歯牙      3   6   0.3790
 21                       原因物:スポーツ用具 -> 受傷部位:歯牙 -> 行動:球技      3   6   0.3790
 22                      原因物:スポーツ用具 -> 受傷部位:顎顔面 -> 行動:球技      3   6   0.3790
 23                          受傷機転:衝突 -> 受傷部位:歯牙 -> 行動:移動      3   6   0.3790
 24                         受傷機転:転倒 -> 受傷部位:歯牙 -> 衝突対象:床      3   6   0.3790
 25                                   傷害結果:欠損 -> 受傷部位:歯牙      2   6   0.3790
 26                                   受傷機転:接触 -> 受傷部位:歯牙      2   6   0.3790
 27 原因物:乗り物 -> 受傷機転:転倒 -> 受傷部位:歯牙 -> 受傷部位:顎顔面 -> 衝突対象:地面      5   5   0.3159
 28                    原因物:スポーツ用具 -> 受傷機転:衝突 -> 受傷部位:顎顔面      3   5   0.3159
 29                       原因物:スポーツ用具 -> 受傷部位:歯牙 -> 行動:移動      3   5   0.3159
 30                      原因物:スポーツ用具 -> 受傷部位:歯牙 -> 衝突対象:床      3   5   0.3159

Step5-4 正常終了
正常終了: Step5-4_事故パターン分析.py (0.68秒)

[5/13] file/Step5_結果整理/Step5-5_論文掲載表作成.py

------------------------------------------------------------------------------
実行開始: file/Step5_結果整理/Step5-5_論文掲載表作成.py
Python   : /workspaces/SchoolProject/.venv/bin/python
------------------------------------------------------------------------------
Table番号                 表題                        元ファイル                          論文用ファイル  掲載行数
 Table1  All vs 歯牙障害 頻出語比較  Table1_All_vs歯牙障害_頻出語比較.csv  論文用_Table1_All_vs歯牙障害_頻出語比較.csv    30
 Table2  All vs 歯牙障害 特徴語比較  Table2_All_vs歯牙障害_特徴語比較.csv  論文用_Table2_All_vs歯牙障害_特徴語比較.csv    30
 Table3 All vs 歯牙障害 カテゴリ比較 Table3_All_vs歯牙障害_カテゴリ比較.csv 論文用_Table3_All_vs歯牙障害_カテゴリ比較.csv    30
 Table4      歯牙障害 特徴語ランキング      Table4_歯牙障害特徴語ランキング.csv      論文用_Table4_歯牙障害特徴語ランキング.csv    30
 Table5   歯牙障害 特徴カテゴリランキング   Table5_歯牙障害特徴カテゴリランキング.csv   論文用_Table5_歯牙障害特徴カテゴリランキング.csv    15
 Table6        Jaccard上位ペア       Table6_Jaccard上位ペア.csv       論文用_Table6_Jaccard上位ペア.csv    30
 Table7   歯牙障害 Jaccard上位ペア  Table7_歯牙障害_Jaccard上位ペア.csv  論文用_Table7_歯牙障害_Jaccard上位ペア.csv    30
 Table8   歯牙障害 事故パターンランキング  Table8_歯牙障害_事故パターンランキング.csv  論文用_Table8_歯牙障害_事故パターンランキング.csv    20
 Table9      歯牙障害 パターン構成要素     Table9_歯牙障害_パターン構成要素.csv     論文用_Table9_歯牙障害_パターン構成要素.csv    20

Step5-5 正常終了
正常終了: Step5-5_論文掲載表作成.py (0.48秒)

[6/13] file/Step5_結果整理/Step5-6_論文掲載グラフ作成.py

------------------------------------------------------------------------------
実行開始: file/Step5_結果整理/Step5-6_論文掲載グラフ作成.py
Python   : /workspaces/SchoolProject/.venv/bin/python
------------------------------------------------------------------------------

==============================================================================
Step5-6_論文掲載グラフ作成を開始します
指定フォント: HeiseiMin-W3
==============================================================================
使用フォント: Noto Serif CJK JP
フォントパス: /usr/share/fonts/opentype/noto/NotoSerifCJK-Regular.ttc

------------------------------------------------------------------------------
Step5-6 正常終了
------------------------------------------------------------------------------
Figure番号              図題       使用フォント                                                                                  出力ファイル
 Figure1    歯牙障害特徴語Top20 HeiseiMin-W3          Figure1_歯牙障害特徴語Top20.png | Figure1_歯牙障害特徴語Top20.svg | Figure1_歯牙障害特徴語Top20.pdf
 Figure2 歯牙障害特徴カテゴリTop20 HeiseiMin-W3 Figure2_歯牙障害特徴カテゴリTop20.png | Figure2_歯牙障害特徴カテゴリTop20.svg | Figure2_歯牙障害特徴カテゴリTop20.pdf
 Figure3 歯牙障害Jaccard上位ペア HeiseiMin-W3 Figure3_歯牙障害Jaccard上位ペア.png | Figure3_歯牙障害Jaccard上位ペア.svg | Figure3_歯牙障害Jaccard上位ペア.pdf
 Figure4 歯牙障害事故パターンTop15 HeiseiMin-W3 Figure4_歯牙障害事故パターンTop15.png | Figure4_歯牙障害事故パターンTop15.svg | Figure4_歯牙障害事故パターンTop15.pdf

出力先: /workspaces/SchoolProject/SportDent/CreateData/Step5_結果整理/Figures
使用フォント: HeiseiMin-W3
フォントファイル: /usr/share/fonts/opentype/noto/NotoSerifCJK-Regular.ttc
処理時間: 12.80秒
正常終了: Step5-6_論文掲載グラフ作成.py (14.13秒)

[7/13] file/Step5_結果整理/Step5-7_考察支援データ作成.py

------------------------------------------------------------------------------
実行開始: file/Step5_結果整理/Step5-7_考察支援データ作成.py
Python   : /workspaces/SchoolProject/.venv/bin/python
------------------------------------------------------------------------------
  根拠区分  順位                          観察事項                        数値根拠                  考察時の確認項目
   特徴語   1 「前歯」は歯牙障害でAllより35.7833ポイント高い。  歯牙障害=45.5464%, All=9.7631% 事故場面・受傷機転・記載方法による影響を確認する。
   特徴語   2  「歯」は歯牙障害でAllより21.5653ポイント高い。   歯牙障害=28.048%, All=6.4827% 事故場面・受傷機転・記載方法による影響を確認する。
   特徴語   3 「顔面」は歯牙障害でAllより17.3656ポイント高い。 歯牙障害=30.8907%, All=13.5251% 事故場面・受傷機転・記載方法による影響を確認する。
   特徴語   4     「口」は歯牙障害でAllより16.3ポイント高い。  歯牙障害=22.6785%, All=6.3785% 事故場面・受傷機転・記載方法による影響を確認する。
   特徴語   5  「する」は歯牙障害でAllより2.8354ポイント高い。 歯牙障害=90.2085%, All=87.3731% 事故場面・受傷機転・記載方法による影響を確認する。
   特徴語   6  「転倒」は歯牙障害でAllより8.8182ポイント高い。 歯牙障害=25.1421%, All=16.3239% 事故場面・受傷機転・記載方法による影響を確認する。
   特徴語   7  「歯科」は歯牙障害でAllより9.7891ポイント高い。  歯牙障害=12.4447%, All=2.6556% 事故場面・受傷機転・記載方法による影響を確認する。
   特徴語   8  「補綴」は歯牙障害でAllより9.7019ポイント高い。  歯牙障害=12.3184%, All=2.6165% 事故場面・受傷機転・記載方法による影響を確認する。
   特徴語   9  「加える」は歯牙障害でAllより9.685ポイント高い。  歯牙障害=12.4447%, All=2.7597% 事故場面・受傷機転・記載方法による影響を確認する。
   特徴語  10  「強打」は歯牙障害でAllより8.5336ポイント高い。 歯牙障害=19.0777%, All=10.5441% 事故場面・受傷機転・記載方法による影響を確認する。
   特徴語  11   「折」は歯牙障害でAllより8.9178ポイント高い。  歯牙障害=11.5603%, All=2.6425% 事故場面・受傷機転・記載方法による影響を確認する。
   特徴語  12 「自転車」は歯牙障害でAllより8.5291ポイント高い。   歯牙障害=13.645%, All=5.1159% 事故場面・受傷機転・記載方法による影響を確認する。
   特徴語  13   「中」は歯牙障害でAllより1.1226ポイント高い。 歯牙障害=56.9804%, All=55.8578% 事故場面・受傷機転・記載方法による影響を確認する。
   特徴語  14  「破る」は歯牙障害でAllより8.7249ポイント高い。   歯牙障害=11.055%, All=2.3301% 事故場面・受傷機転・記載方法による影響を確認する。
   特徴語  15   「本」は歯牙障害でAllより8.4139ポイント高い。  歯牙障害=13.5818%, All=5.1679% 事故場面・受傷機転・記載方法による影響を確認する。
   特徴語  16 「折れる」は歯牙障害でAllより7.3109ポイント高い。    歯牙障害=9.602%, All=2.2911% 事故場面・受傷機転・記載方法による影響を確認する。
   特徴語  17 「ボール」は歯牙障害でAllより4.2675ポイント高い。 歯牙障害=25.3948%, All=21.1273% 事故場面・受傷機転・記載方法による影響を確認する。
   特徴語  18 「当たる」は歯牙障害でAllより3.6664ポイント高い。 歯牙障害=25.9002%, All=22.2338% 事故場面・受傷機転・記載方法による影響を確認する。
   特徴語  19   「床」は歯牙障害でAllより5.8863ポイント高い。  歯牙障害=11.9394%, All=6.0531% 事故場面・受傷機転・記載方法による影響を確認する。
   特徴語  20   「顔」は歯牙障害でAllより5.6894ポイント高い。  歯牙障害=11.5603%, All=5.8709% 事故場面・受傷機転・記載方法による影響を確認する。
特徴カテゴリ   1    カテゴリ「受傷部位:歯牙」は歯牙障害で相対的に多い。 歯牙障害=47.1257%, All=10.1146%      辞書分類精度と未分類語の影響を確認する。
特徴カテゴリ   2   カテゴリ「受傷部位:顎顔面」は歯牙障害で相対的に多い。  歯牙障害=36.1971%, All=16.454%      辞書分類精度と未分類語の影響を確認する。
特徴カテゴリ   3 カテゴリ「原因物:スポーツ用具」は歯牙障害で相対的に多い。 歯牙障害=33.2912%, All=25.1757%      辞書分類精度と未分類語の影響を確認する。
特徴カテゴリ   4    カテゴリ「受傷機転:転倒」は歯牙障害で相対的に多い。 歯牙障害=32.0278%, All=25.8006%      辞書分類精度と未分類語の影響を確認する。
特徴カテゴリ   5    カテゴリ「原因物:乗り物」は歯牙障害で相対的に多い。  歯牙障害=14.6557%, All=8.0968%      辞書分類精度と未分類語の影響を確認する。
特徴カテゴリ   6     カテゴリ「衝突対象:床」は歯牙障害で相対的に多い。  歯牙障害=11.9394%, All=6.0531%      辞書分類精度と未分類語の影響を確認する。
特徴カテゴリ   7    カテゴリ「傷害結果:脱臼」は歯牙障害で相対的に多い。   歯牙障害=5.6222%, All=1.7053%      辞書分類精度と未分類語の影響を確認する。
特徴カテゴリ   8    カテゴリ「受傷機転:衝突」は歯牙障害で相対的に多い。  歯牙障害=11.7498%, All=9.8282%      辞書分類精度と未分類語の影響を確認する。
特徴カテゴリ   9    カテゴリ「受傷機転:滑走」は歯牙障害で相対的に多い。   歯牙障害=7.0752%, All=5.0508%      辞書分類精度と未分類語の影響を確認する。
特徴カテゴリ  10    カテゴリ「傷害結果:欠損」は歯牙障害で相対的に多い。   歯牙障害=3.4744%, All=1.3538%      辞書分類精度と未分類語の影響を確認する。

Step5 完了
正常終了: Step5-7_考察支援データ作成.py (1.00秒)

[8/13] file/Step6_論文作成支援/Step6-1_Methods下書き作成.py

------------------------------------------------------------------------------
実行開始: file/Step6_論文作成支援/Step6-1_Methods下書き作成.py
Python   : /workspaces/SchoolProject/.venv/bin/python
------------------------------------------------------------------------------

## 対象データ

日本スポーツ振興センターが提供する学校等事故事例データを解析対象とした。
解析対象データには、傷害種別、学校種、学年、性別、発生場所、発生時の状況等の項目が含まれていた。

## データ前処理

解析前に、CSVファイルの文字コード、列名、欠損値および自由記述欄の改行・空白を確認した。
傷害種別に基づいて全事例データと歯牙障害事例データを作成し、それぞれを独立して解析した。

## 形態素解析

自由記述欄である「災害発生時の状況」を対象として、Pythonの日本語形態素解析ライブラリJanomeを用いて形態素解析を実施した。
各形態素について表層形、基本形、品詞、品詞細分類、活用型、活用形、読みおよび発音を取得した。
頻出語解析では、名詞、動詞および形容詞の基本形を対象とした。

## ストップワード処理

解析上の意味が乏しい一般語を除外するため、事前に作成したストップワード辞書を用いた。
ストップワード除去後、各事例について語順保持データと重複除去済み特徴集合を作成した。

## カテゴリ分類

受傷部位、受傷機転、原因物、衝突対象、行動、環境要因および傷害結果等のカテゴリ辞書を作成し、
自由記述から抽出された基本形と完全一致で照合した。
辞書に一致しなかった語は未分類として記録し、辞書改善のための確認対象とした。

## 頻出語および特徴語解析

各語について出現回数、出現事例数および事例出現率を算出した。
特徴語抽出にはTF-IDFを用い、全事例および歯牙障害事例について平均TF-IDFを算出した。

## 共起解析

同一事例内に同時出現した語の組合せを共起語として集計した。
同一事例内で同じ語が複数回出現した場合は、共起事例数の計算では1回として扱った。

## ジャッカード解析

語特徴、カテゴリ特徴および統合特徴について、ジャッカード係数を算出した。
ジャッカード係数は、2集合の共通要素数を和集合要素数で除して求めた。
特徴間解析では、各特徴が出現した事例集合を比較した。
事例間解析では、各事例が保有する特徴集合を比較し、各事例について類似度上位の事例を抽出した。

## Allと歯牙障害の比較

全事例と歯牙障害事例について、頻出語、TF-IDF、カテゴリ出現率および代表特徴集合を比較した。
歯牙障害における出現率から全事例における出現率を減じ、出現率差を算出した。
また、両群の代表特徴集合についてジャッカード係数を算出した。

## 結果整理

論文掲載候補として、歯牙障害で相対的に多い特徴語、特徴カテゴリ、ジャッカード係数上位ペアおよび事故パターンを抽出した。
図表作成時には、上位項目を抽出し、表番号および図番号を付与した。

## 使用環境

解析はPythonを用いて実施した。
主要ライブラリとしてpandas、NumPy、SciPy、scikit-learn、Janomeおよびmatplotlibを使用した。


Step6-1 正常終了
正常終了: Step6-1_Methods下書き作成.py (0.59秒)

[9/13] file/Step6_論文作成支援/Step6-2_Results下書き作成.py

------------------------------------------------------------------------------
実行開始: file/Step6_論文作成支援/Step6-2_Results下書き作成.py
Python   : /workspaces/SchoolProject/.venv/bin/python
------------------------------------------------------------------------------
## 特徴語

「前歯」の事例出現率は、歯牙障害で45.5%、全事例で9.8%であり、差は35.8ポイントであった。「歯」の事例出現率は、歯牙障害で28.0%、全事例で6.5%であり、差は21.6ポイントであった。「顔面」の事例出現率は、歯牙障害で30.9%、全事例で13.5%であり、差は17.4ポイントであった。「口」の事例出現率は、歯牙障害で22.7%、全事例で6.4%であり、差は16.3ポイントであった。「する」の事例出現率は、歯牙障害で90.2%、全事例で87.4%であり、差は2.8ポイントであった。

## 特徴カテゴリ

カテゴリ「受傷部位:歯牙」の事例出現率は、歯牙障害で47.1%、全事例で10.1%であった。カテゴリ「受傷部位:顎顔面」の事例出現率は、歯牙障害で36.2%、全事例で16.5%であった。カテゴリ「原因物:スポーツ用具」の事例出現率は、歯牙障害で33.3%、全事例で25.2%であった。カテゴリ「受傷機転:転倒」の事例出現率は、歯牙障害で32.0%、全事例で25.8%であった。カテゴリ「原因物:乗り物」の事例出現率は、歯牙障害で14.7%、全事例で8.1%であった。

## ジャッカード解析

「床」と「衝突対象:床」のジャッカード係数は1.000であった。「受傷部位:下肢」と「足」のジャッカード係数は1.000であった。「受傷機転:滑走」と「滑る」のジャッカード係数は1.000であった。「地面」と「衝突対象:地面」のジャッカード係数は1.000であった。「傷害結果:脱臼」と「脱臼」のジャッカード係数は1.000であった。

## 事故パターン

事故パターン「原因物:スポーツ用具 -> 受傷部位:歯牙」は77件（4.9%）認められた。事故パターン「原因物:スポーツ用具 -> 受傷部位:顎顔面」は46件（2.9%）認められた。事故パターン「受傷部位:歯牙 -> 受傷部位:顎顔面」は23件（1.5%）認められた。事故パターン「原因物:スポーツ用具 -> 受傷部位:歯牙 -> 受傷部位:顎顔面」は21件（1.3%）認められた。事故パターン「受傷機転:衝突 -> 受傷部位:歯牙」は15件（0.9%）認められた。

Step6-2 正常終了
正常終了: Step6-2_Results下書き作成.py (0.61秒)

[10/13] file/Step6_論文作成支援/Step6-3_Discussion候補作成.py

------------------------------------------------------------------------------
実行開始: file/Step6_論文作成支援/Step6-3_Discussion候補作成.py
Python   : /workspaces/SchoolProject/.venv/bin/python
------------------------------------------------------------------------------
## 特徴語

1. 「前歯」は歯牙障害でAllより35.7833ポイント高い。 根拠: 歯牙障害=45.5464%, All=9.7631% 確認事項: 事故場面・受傷機転・記載方法による影響を確認する。
2. 「歯」は歯牙障害でAllより21.5653ポイント高い。 根拠: 歯牙障害=28.048%, All=6.4827% 確認事項: 事故場面・受傷機転・記載方法による影響を確認する。
3. 「顔面」は歯牙障害でAllより17.3656ポイント高い。 根拠: 歯牙障害=30.8907%, All=13.5251% 確認事項: 事故場面・受傷機転・記載方法による影響を確認する。
4. 「口」は歯牙障害でAllより16.3ポイント高い。 根拠: 歯牙障害=22.6785%, All=6.3785% 確認事項: 事故場面・受傷機転・記載方法による影響を確認する。
5. 「する」は歯牙障害でAllより2.8354ポイント高い。 根拠: 歯牙障害=90.2085%, All=87.3731% 確認事項: 事故場面・受傷機転・記載方法による影響を確認する。
6. 「転倒」は歯牙障害でAllより8.8182ポイント高い。 根拠: 歯牙障害=25.1421%, All=16.3239% 確認事項: 事故場面・受傷機転・記載方法による影響を確認する。
7. 「歯科」は歯牙障害でAllより9.7891ポイント高い。 根拠: 歯牙障害=12.4447%, All=2.6556% 確認事項: 事故場面・受傷機転・記載方法による影響を確認する。
8. 「補綴」は歯牙障害でAllより9.7019ポイント高い。 根拠: 歯牙障害=12.3184%, All=2.6165% 確認事項: 事故場面・受傷機転・記載方法による影響を確認する。
9. 「加える」は歯牙障害でAllより9.685ポイント高い。 根拠: 歯牙障害=12.4447%, All=2.7597% 確認事項: 事故場面・受傷機転・記載方法による影響を確認する。
10. 「強打」は歯牙障害でAllより8.5336ポイント高い。 根拠: 歯牙障害=19.0777%, All=10.5441% 確認事項: 事故場面・受傷機転・記載方法による影響を確認する。

## 特徴カテゴリ

1. カテゴリ「受傷部位:歯牙」は歯牙障害で相対的に多い。 根拠: 歯牙障害=47.1257%, All=10.1146% 確認事項: 辞書分類精度と未分類語の影響を確認する。
2. カテゴリ「受傷部位:顎顔面」は歯牙障害で相対的に多い。 根拠: 歯牙障害=36.1971%, All=16.454% 確認事項: 辞書分類精度と未分類語の影響を確認する。
3. カテゴリ「原因物:スポーツ用具」は歯牙障害で相対的に多い。 根拠: 歯牙障害=33.2912%, All=25.1757% 確認事項: 辞書分類精度と未分類語の影響を確認する。
4. カテゴリ「受傷機転:転倒」は歯牙障害で相対的に多い。 根拠: 歯牙障害=32.0278%, All=25.8006% 確認事項: 辞書分類精度と未分類語の影響を確認する。
5. カテゴリ「原因物:乗り物」は歯牙障害で相対的に多い。 根拠: 歯牙障害=14.6557%, All=8.0968% 確認事項: 辞書分類精度と未分類語の影響を確認する。
6. カテゴリ「衝突対象:床」は歯牙障害で相対的に多い。 根拠: 歯牙障害=11.9394%, All=6.0531% 確認事項: 辞書分類精度と未分類語の影響を確認する。
7. カテゴリ「傷害結果:脱臼」は歯牙障害で相対的に多い。 根拠: 歯牙障害=5.6222%, All=1.7053% 確認事項: 辞書分類精度と未分類語の影響を確認する。
8. カテゴリ「受傷機転:衝突」は歯牙障害で相対的に多い。 根拠: 歯牙障害=11.7498%, All=9.8282% 確認事項: 辞書分類精度と未分類語の影響を確認する。
9. カテゴリ「受傷機転:滑走」は歯牙障害で相対的に多い。 根拠: 歯牙障害=7.0752%, All=5.0508% 確認事項: 辞書分類精度と未分類語の影響を確認する。
10. カテゴリ「傷害結果:欠損」は歯牙障害で相対的に多い。 根拠: 歯牙障害=3.4744%, All=1.3538% 確認事項: 辞書分類精度と未分類語の影響を確認する。

## Jaccard

1. 「床」と「衝突対象:床」は同一事例に共存しやすい。 根拠: Jaccard=1.0 確認事項: 共起は因果関係を意味しない点に注意する。
2. 「受傷部位:下肢」と「足」は同一事例に共存しやすい。 根拠: Jaccard=1.0 確認事項: 共起は因果関係を意味しない点に注意する。
3. 「受傷機転:滑走」と「滑る」は同一事例に共存しやすい。 根拠: Jaccard=1.0 確認事項: 共起は因果関係を意味しない点に注意する。
4. 「地面」と「衝突対象:地面」は同一事例に共存しやすい。 根拠: Jaccard=1.0 確認事項: 共起は因果関係を意味しない点に注意する。
5. 「傷害結果:脱臼」と「脱臼」は同一事例に共存しやすい。 根拠: Jaccard=1.0 確認事項: 共起は因果関係を意味しない点に注意する。
6. 「受傷機転:接触」と「接触」は同一事例に共存しやすい。 根拠: Jaccard=1.0 確認事項: 共起は因果関係を意味しない点に注意する。
7. 「傷害結果:欠損」と「欠損」は同一事例に共存しやすい。 根拠: Jaccard=1.0 確認事項: 共起は因果関係を意味しない点に注意する。
8. 「受傷部位:頭部」と「頭部」は同一事例に共存しやすい。 根拠: Jaccard=1.0 確認事項: 共起は因果関係を意味しない点に注意する。
9. 「つまずく」と「受傷機転:つまずき」は同一事例に共存しやすい。 根拠: Jaccard=1.0 確認事項: 共起は因果関係を意味しない点に注意する。
10. 「衝突対象:階段」と「階段」は同一事例に共存しやすい。 根拠: Jaccard=1.0 確認事項: 共起は因果関係を意味しない点に注意する。

## 事故パターン

1. 事故パターン「原因物:スポーツ用具 -> 受傷部位:歯牙」が確認された。 根拠: 件数=77, 割合=4.8642% 確認事項: 構成要素の順序は時系列を示さない点に注意する。
2. 事故パターン「原因物:スポーツ用具 -> 受傷部位:顎顔面」が確認された。 根拠: 件数=46, 割合=2.9059% 確認事項: 構成要素の順序は時系列を示さない点に注意する。
3. 事故パターン「受傷部位:歯牙 -> 受傷部位:顎顔面」が確認された。 根拠: 件数=23, 割合=1.4529% 確認事項: 構成要素の順序は時系列を示さない点に注意する。
4. 事故パターン「原因物:スポーツ用具 -> 受傷部位:歯牙 -> 受傷部位:顎顔面」が確認された。 根拠: 件数=21, 割合=1.3266% 確認事項: 構成要素の順序は時系列を示さない点に注意する。
5. 事故パターン「受傷機転:衝突 -> 受傷部位:歯牙」が確認された。 根拠: 件数=15, 割合=0.9476% 確認事項: 構成要素の順序は時系列を示さない点に注意する。
6. 事故パターン「原因物:乗り物 -> 受傷機転:転倒 -> 受傷部位:顎顔面」が確認された。 根拠: 件数=14, 割合=0.8844% 確認事項: 構成要素の順序は時系列を示さない点に注意する。
7. 事故パターン「受傷機転:転倒 -> 受傷部位:顎顔面 -> 衝突対象:床」が確認された。 根拠: 件数=14, 割合=0.8844% 確認事項: 構成要素の順序は時系列を示さない点に注意する。
8. 事故パターン「原因物:スポーツ用具 -> 行動:球技」が確認された。 根拠: 件数=13, 割合=0.8212% 確認事項: 構成要素の順序は時系列を示さない点に注意する。
9. 事故パターン「受傷機転:転倒 -> 受傷部位:顎顔面」が確認された。 根拠: 件数=13, 割合=0.8212% 確認事項: 構成要素の順序は時系列を示さない点に注意する。
10. 事故パターン「受傷機転:転倒 -> 受傷部位:歯牙」が確認された。 根拠: 件数=12, 割合=0.7581% 確認事項: 構成要素の順序は時系列を示さない点に注意する。


## 解析上の限界

1. 自由記述の語彙および記載量は事例ごとに異なるため、出現頻度は実際の発生頻度だけでなく記載傾向の影響を受ける。
2. 形態素解析では専門用語、複合語、表記揺れが分割または別語として扱われる可能性がある。
3. カテゴリ分類は辞書への完全一致に基づくため、辞書未登録語および同義語を十分に分類できない可能性がある。
4. ジャッカード係数は特徴の共通性を示すが、因果関係や時間的順序を示さない。
5. All群には歯牙障害事例も含まれるため、完全に独立した対照群との比較ではない。
6. 事故パターンの特徴順序は時系列順序ではなく、集合を表示上並べたものである。
7. 本解析はデータベースに登録された事例に限定され、未報告事例や軽症例を反映しない可能性がある。


## 今後の検討

- 歯牙障害を除いた非歯牙障害群との比較
- 学校種、学年、性別、発生場所、活動種別ごとの層別解析
- 同義語辞書および複合語辞書の追加
- 辞書分類精度の人手評価
- ジャッカード係数以外の類似度指標との比較
- 原文確認による高類似事例の妥当性評価
- 先行研究との一致点および相違点の検討


Step6-3 正常終了
正常終了: Step6-3_Discussion候補作成.py (0.43秒)

[11/13] file/Step6_論文作成支援/Step6-4_抄録下書き作成.py

------------------------------------------------------------------------------
実行開始: file/Step6_論文作成支援/Step6-4_抄録下書き作成.py
Python   : /workspaces/SchoolProject/.venv/bin/python
------------------------------------------------------------------------------

## 目的

学校管理下における事故データを対象として、自由記述のテキストマイニングおよびジャッカード係数を用い、
歯牙障害事例に特徴的な語、カテゴリおよび事故パターンを明らかにすることを目的とした。

## 方法

学校等事故事例データを対象に、全事例および歯牙障害事例を抽出した。
自由記述欄をJanomeで形態素解析し、名詞、動詞および形容詞の基本形を対象として頻出語、共起語およびTF-IDFを算出した。
ストップワード除去後、語特徴および辞書分類によるカテゴリ特徴を作成した。
特徴間および事例間の類似性はジャッカード係数を用いて評価し、全事例と歯牙障害事例の出現率差を比較した。

## 結果

## 特徴語 「前歯」の事例出現率は、歯牙障害で45.5%、全事例で9.8%であり、差は35.8ポイントであった。「歯」の事例出現率は、歯牙障害で28.0%、全事例で6.5%であり、差は21.6ポイントであった。「顔面」の事例出現率は、歯牙障害で30.9%、全事例で13.5%であり、差は17.4ポイントであった。「口」の事例出現率は、歯牙障害で22.7%、全事例で6.4%であり、差は16.3ポイントであった。「する」の事例出現率は、歯牙障害で90.2%、全事例で87.4%であり、差は2.8ポイントであった。 ## 特徴カテゴリ カテゴリ「受傷部位:歯牙」の事例出現率は、歯牙障害で47.1%、全事例で10.1%であった。カテゴリ「受傷部位:顎顔面」の事例出現率は、歯牙障害で36.2%、全事例で16.5%であった。カテゴリ「原因物:スポーツ用具」の事例出現率は、歯牙障害で33.3%、全事例で25.2%であった。カテゴリ「受傷機転:転倒」の事例出現率は、歯牙障害で32.0%、全事例で25.8%であった。カテゴリ「原因物:乗り物」の事例出現率は、歯牙障害で14.7%、全事例で8.1%であった。 ## ジャッカード解析 「床」と「衝突対象:床」のジャッカード係数は1.000であった。「受傷部位:下肢」と「足」のジャッカード係数は1.000であった。「受傷機転:滑走」と「滑る」のジャッカード係数は1.000であった。「地面」と「衝突対象:地面」のジャッカード係数は1.000であった。「傷害結果:脱臼」と「脱臼」のジャッカード係数は1.000であった。 ## 事故パターン 事故パターン「原因物:スポーツ用具 -> 受傷部位:歯牙」は77件（4.9%）認められた。事故パターン「原因物:スポーツ用具 -> 受傷部位:顎顔面」は46件（2.9%）認められた。事故パターン「受傷部位:歯牙 -> 受傷部位:顎顔面」は23件（1.5%）認められた。事故パターン「原因物:スポーツ用具 -> 受傷部位:歯牙 -> 受傷部位:顎顔面」は21件（1.3%）認められた。事故パターン「受傷機転:衝突 -> 受傷部位:歯牙」は15件（0.9%）認められた。

## 結論

自由記述のテキストマイニングとジャッカード解析を組み合わせることで、
歯牙障害事例に特徴的な語およびカテゴリの組合せを定量的に抽出できる可能性が示された。
ただし、結果は自由記述の品質、形態素解析およびカテゴリ辞書の精度に依存するため、
原文確認および辞書改善を含む妥当性評価が必要である。


Step6-4 正常終了
正常終了: Step6-4_抄録下書き作成.py (0.37秒)

[12/13] file/Step6_論文作成支援/Step6-5_Table_Figureキャプション作成.py

------------------------------------------------------------------------------
実行開始: file/Step6_論文作成支援/Step6-5_Table_Figureキャプション作成.py
Python   : /workspaces/SchoolProject/.venv/bin/python
------------------------------------------------------------------------------
Table番号                 表題                                      キャプション案
 Table1  All vs 歯牙障害 頻出語比較  Table1. All vs 歯牙障害 頻出語比較。各値は解析対象データから算出した。
 Table2  All vs 歯牙障害 特徴語比較  Table2. All vs 歯牙障害 特徴語比較。各値は解析対象データから算出した。
 Table3 All vs 歯牙障害 カテゴリ比較 Table3. All vs 歯牙障害 カテゴリ比較。各値は解析対象データから算出した。
 Table4      歯牙障害 特徴語ランキング      Table4. 歯牙障害 特徴語ランキング。各値は解析対象データから算出した。
 Table5   歯牙障害 特徴カテゴリランキング   Table5. 歯牙障害 特徴カテゴリランキング。各値は解析対象データから算出した。
 Table6        Jaccard上位ペア        Table6. Jaccard上位ペア。各値は解析対象データから算出した。
 Table7   歯牙障害 Jaccard上位ペア   Table7. 歯牙障害 Jaccard上位ペア。各値は解析対象データから算出した。
 Table8   歯牙障害 事故パターンランキング   Table8. 歯牙障害 事故パターンランキング。各値は解析対象データから算出した。
 Table9      歯牙障害 パターン構成要素      Table9. 歯牙障害 パターン構成要素。各値は解析対象データから算出した。
Figure番号              図題                                           キャプション案
 Figure1    歯牙障害特徴語Top20    Figure1. 歯牙障害特徴語Top20。図中の値はStep5で整理した解析結果に基づく。
 Figure2 歯牙障害特徴カテゴリTop20 Figure2. 歯牙障害特徴カテゴリTop20。図中の値はStep5で整理した解析結果に基づく。
 Figure3 歯牙障害Jaccard上位ペア Figure3. 歯牙障害Jaccard上位ペア。図中の値はStep5で整理した解析結果に基づく。
 Figure4 歯牙障害事故パターンTop15 Figure4. 歯牙障害事故パターンTop15。図中の値はStep5で整理した解析結果に基づく。

Step6-5 正常終了
正常終了: Step6-5_Table_Figureキャプション作成.py (0.41秒)

[13/13] file/Step6_論文作成支援/Step6-6_論文構成案作成.py

------------------------------------------------------------------------------
実行開始: file/Step6_論文作成支援/Step6-6_論文構成案作成.py
Python   : /workspaces/SchoolProject/.venv/bin/python
------------------------------------------------------------------------------

# 論文構成案

## 表題

学校事故事例データにおける歯牙障害の特徴抽出：
テキストマイニングおよびジャッカード係数を用いた探索的解析

## 抄録

# 構造化抄録 下書き

## 目的

学校管理下における事故データを対象として、自由記述のテキストマイニングおよびジャッカード係数を用い、
歯牙障害事例に特徴的な語、カテゴリおよび事故パターンを明らかにすることを目的とした。

## 方法

学校等事故事例データを対象に、全事例および歯牙障害事例を抽出した。
自由記述欄をJanomeで形態素解析し、名詞、動詞および形容詞の基本形を対象として頻出語、共起語およびTF-IDFを算出した。
ストップワード除去後、語特徴および辞書分類によるカテゴリ特徴を作成した。
特徴間および事例間の類似性はジャッカード係数を用いて評価し、全事例と歯牙障害事例の出現率差を比較した。

## 結果

## 特徴語 「前歯」の事例出現率は、歯牙障害で45.5%、全事例で9.8%であり、差は35.8ポイントであった。「歯」の事例出現率は、歯牙障害で28.0%、全事例で6.5%であり、差は21.6ポイントであった。「顔面」の事例出現率は、歯牙障害で30.9%、全事例で13.5%であり、差は17.4ポイントであった。「口」の事例出現率は、歯牙障害で22.7%、全事例で6.4%であり、差は16.3ポイントであった。「する」の事例出現率は、歯牙障害で90.2%、全事例で87.4%であり、差は2.8ポイントであった。 ## 特徴カテゴリ カテゴリ「受傷部位:歯牙」の事例出現率は、歯牙障害で47.1%、全事例で10.1%であった。カテゴリ「受傷部位:顎顔面」の事例出現率は、歯牙障害で36.2%、全事例で16.5%であった。カテゴリ「原因物:スポーツ用具」の事例出現率は、歯牙障害で33.3%、全事例で25.2%であった。カテゴリ「受傷機転:転倒」の事例出現率は、歯牙障害で32.0%、全事例で25.8%であった。カテゴリ「原因物:乗り物」の事例出現率は、歯牙障害で14.7%、全事例で8.1%であった。 ## ジャッカード解析 「床」と「衝突対象:床」のジャッカード係数は1.000であった。「受傷部位:下肢」と「足」のジャッカード係数は1.000であった。「受傷機転:滑走」と「滑る」のジャッカード係数は1.000であった。「地面」と「衝突対象:地面」のジャッカード係数は1.000であった。「傷害結果:脱臼」と「脱臼」のジャッカード係数は1.000であった。 ## 事故パターン 事故パターン「原因物:スポーツ用具 -> 受傷部位:歯牙」は77件（4.9%）認められた。事故パターン「原因物:スポーツ用具 -> 受傷部位:顎顔面」は46件（2.9%）認められた。事故パターン「受傷部位:歯牙 -> 受傷部位:顎顔面」は23件（1.5%）認められた。事故パターン「原因物:スポーツ用具 -> 受傷部位:歯牙 -> 受傷部位:顎顔面」は21件（1.3%）認められた。事故パターン「受傷機転:衝突 -> 受傷部位:歯牙」は15件（0.9%）認められた。

## 結論

自由記述のテキストマイニングとジャッカード解析を組み合わせることで、
歯牙障害事例に特徴的な語およびカテゴリの組合せを定量的に抽出できる可能性が示された。
ただし、結果は自由記述の品質、形態素解析およびカテゴリ辞書の精度に依存するため、
原文確認および辞書改善を含む妥当性評価が必要である。

## 1. 緒言

- 学校管理下における歯・口の外傷の重要性
- 事故発生時の状況を定量化する必要性
- 自由記述データへテキストマイニングを適用する意義
- ジャッカード係数を用いて特徴の共通性を評価する意義
- 本研究の目的

## 2. 方法

# Methods 下書き

## 対象データ

日本スポーツ振興センターが提供する学校等事故事例データを解析対象とした。
解析対象データには、傷害種別、学校種、学年、性別、発生場所、発生時の状況等の項目が含まれていた。

## データ前処理

解析前に、CSVファイルの文字コード、列名、欠損値および自由記述欄の改行・空白を確認した。
傷害種別に基づいて全事例データと歯牙障害事例データを作成し、それぞれを独立して解析した。

## 形態素解析

自由記述欄である「災害発生時の状況」を対象として、Pythonの日本語形態素解析ライブラリJanomeを用いて形態素解析を実施した。
各形態素について表層形、基本形、品詞、品詞細分類、活用型、活用形、読みおよび発音を取得した。
頻出語解析では、名詞、動詞および形容詞の基本形を対象とした。

## ストップワード処理

解析上の意味が乏しい一般語を除外するため、事前に作成したストップワード辞書を用いた。
ストップワード除去後、各事例について語順保持データと重複除去済み特徴集合を作成した。

## カテゴリ分類

受傷部位、受傷機転、原因物、衝突対象、行動、環境要因および傷害結果等のカテゴリ辞書を作成し、
自由記述から抽出された基本形と完全一致で照合した。
辞書に一致しなかった語は未分類として記録し、辞書改善のための確認対象とした。

## 頻出語および特徴語解析

各語について出現回数、出現事例数および事例出現率を算出した。
特徴語抽出にはTF-IDFを用い、全事例および歯牙障害事例について平均TF-IDFを算出した。

## 共起解析

同一事例内に同時出現した語の組合せを共起語として集計した。
同一事例内で同じ語が複数回出現した場合は、共起事例数の計算では1回として扱った。

## ジャッカード解析

語特徴、カテゴリ特徴および統合特徴について、ジャッカード係数を算出した。
ジャッカード係数は、2集合の共通要素数を和集合要素数で除して求めた。
特徴間解析では、各特徴が出現した事例集合を比較した。
事例間解析では、各事例が保有する特徴集合を比較し、各事例について類似度上位の事例を抽出した。

## Allと歯牙障害の比較

全事例と歯牙障害事例について、頻出語、TF-IDF、カテゴリ出現率および代表特徴集合を比較した。
歯牙障害における出現率から全事例における出現率を減じ、出現率差を算出した。
また、両群の代表特徴集合についてジャッカード係数を算出した。

## 結果整理

論文掲載候補として、歯牙障害で相対的に多い特徴語、特徴カテゴリ、ジャッカード係数上位ペアおよび事故パターンを抽出した。
図表作成時には、上位項目を抽出し、表番号および図番号を付与した。

## 使用環境

解析はPythonを用いて実施した。
主要ライブラリとしてpandas、NumPy、SciPy、scikit-learn、Janomeおよびmatplotlibを使用した。

## 3. 結果

# Results 下書き

## 特徴語

「前歯」の事例出現率は、歯牙障害で45.5%、全事例で9.8%であり、差は35.8ポイントであった。「歯」の事例出現率は、歯牙障害で28.0%、全事例で6.5%であり、差は21.6ポイントであった。「顔面」の事例出現率は、歯牙障害で30.9%、全事例で13.5%であり、差は17.4ポイントであった。「口」の事例出現率は、歯牙障害で22.7%、全事例で6.4%であり、差は16.3ポイントであった。「する」の事例出現率は、歯牙障害で90.2%、全事例で87.4%であり、差は2.8ポイントであった。

## 特徴カテゴリ

カテゴリ「受傷部位:歯牙」の事例出現率は、歯牙障害で47.1%、全事例で10.1%であった。カテゴリ「受傷部位:顎顔面」の事例出現率は、歯牙障害で36.2%、全事例で16.5%であった。カテゴリ「原因物:スポーツ用具」の事例出現率は、歯牙障害で33.3%、全事例で25.2%であった。カテゴリ「受傷機転:転倒」の事例出現率は、歯牙障害で32.0%、全事例で25.8%であった。カテゴリ「原因物:乗り物」の事例出現率は、歯牙障害で14.7%、全事例で8.1%であった。

## ジャッカード解析

「床」と「衝突対象:床」のジャッカード係数は1.000であった。「受傷部位:下肢」と「足」のジャッカード係数は1.000であった。「受傷機転:滑走」と「滑る」のジャッカード係数は1.000であった。「地面」と「衝突対象:地面」のジャッカード係数は1.000であった。「傷害結果:脱臼」と「脱臼」のジャッカード係数は1.000であった。

## 事故パターン

事故パターン「原因物:スポーツ用具 -> 受傷部位:歯牙」は77件（4.9%）認められた。事故パターン「原因物:スポーツ用具 -> 受傷部位:顎顔面」は46件（2.9%）認められた。事故パターン「受傷部位:歯牙 -> 受傷部位:顎顔面」は23件（1.5%）認められた。事故パターン「原因物:スポーツ用具 -> 受傷部位:歯牙 -> 受傷部位:顎顔面」は21件（1.3%）認められた。事故パターン「受傷機転:衝突 -> 受傷部位:歯牙」は15件（0.9%）認められた。

## 4. 考察

# Discussion 候補

## 特徴語

1. 「前歯」は歯牙障害でAllより35.7833ポイント高い。 根拠: 歯牙障害=45.5464%, All=9.7631% 確認事項: 事故場面・受傷機転・記載方法による影響を確認する。
2. 「歯」は歯牙障害でAllより21.5653ポイント高い。 根拠: 歯牙障害=28.048%, All=6.4827% 確認事項: 事故場面・受傷機転・記載方法による影響を確認する。
3. 「顔面」は歯牙障害でAllより17.3656ポイント高い。 根拠: 歯牙障害=30.8907%, All=13.5251% 確認事項: 事故場面・受傷機転・記載方法による影響を確認する。
4. 「口」は歯牙障害でAllより16.3ポイント高い。 根拠: 歯牙障害=22.6785%, All=6.3785% 確認事項: 事故場面・受傷機転・記載方法による影響を確認する。
5. 「する」は歯牙障害でAllより2.8354ポイント高い。 根拠: 歯牙障害=90.2085%, All=87.3731% 確認事項: 事故場面・受傷機転・記載方法による影響を確認する。
6. 「転倒」は歯牙障害でAllより8.8182ポイント高い。 根拠: 歯牙障害=25.1421%, All=16.3239% 確認事項: 事故場面・受傷機転・記載方法による影響を確認する。
7. 「歯科」は歯牙障害でAllより9.7891ポイント高い。 根拠: 歯牙障害=12.4447%, All=2.6556% 確認事項: 事故場面・受傷機転・記載方法による影響を確認する。
8. 「補綴」は歯牙障害でAllより9.7019ポイント高い。 根拠: 歯牙障害=12.3184%, All=2.6165% 確認事項: 事故場面・受傷機転・記載方法による影響を確認する。
9. 「加える」は歯牙障害でAllより9.685ポイント高い。 根拠: 歯牙障害=12.4447%, All=2.7597% 確認事項: 事故場面・受傷機転・記載方法による影響を確認する。
10. 「強打」は歯牙障害でAllより8.5336ポイント高い。 根拠: 歯牙障害=19.0777%, All=10.5441% 確認事項: 事故場面・受傷機転・記載方法による影響を確認する。

## 特徴カテゴリ

1. カテゴリ「受傷部位:歯牙」は歯牙障害で相対的に多い。 根拠: 歯牙障害=47.1257%, All=10.1146% 確認事項: 辞書分類精度と未分類語の影響を確認する。
2. カテゴリ「受傷部位:顎顔面」は歯牙障害で相対的に多い。 根拠: 歯牙障害=36.1971%, All=16.454% 確認事項: 辞書分類精度と未分類語の影響を確認する。
3. カテゴリ「原因物:スポーツ用具」は歯牙障害で相対的に多い。 根拠: 歯牙障害=33.2912%, All=25.1757% 確認事項: 辞書分類精度と未分類語の影響を確認する。
4. カテゴリ「受傷機転:転倒」は歯牙障害で相対的に多い。 根拠: 歯牙障害=32.0278%, All=25.8006% 確認事項: 辞書分類精度と未分類語の影響を確認する。
5. カテゴリ「原因物:乗り物」は歯牙障害で相対的に多い。 根拠: 歯牙障害=14.6557%, All=8.0968% 確認事項: 辞書分類精度と未分類語の影響を確認する。
6. カテゴリ「衝突対象:床」は歯牙障害で相対的に多い。 根拠: 歯牙障害=11.9394%, All=6.0531% 確認事項: 辞書分類精度と未分類語の影響を確認する。
7. カテゴリ「傷害結果:脱臼」は歯牙障害で相対的に多い。 根拠: 歯牙障害=5.6222%, All=1.7053% 確認事項: 辞書分類精度と未分類語の影響を確認する。
8. カテゴリ「受傷機転:衝突」は歯牙障害で相対的に多い。 根拠: 歯牙障害=11.7498%, All=9.8282% 確認事項: 辞書分類精度と未分類語の影響を確認する。
9. カテゴリ「受傷機転:滑走」は歯牙障害で相対的に多い。 根拠: 歯牙障害=7.0752%, All=5.0508% 確認事項: 辞書分類精度と未分類語の影響を確認する。
10. カテゴリ「傷害結果:欠損」は歯牙障害で相対的に多い。 根拠: 歯牙障害=3.4744%, All=1.3538% 確認事項: 辞書分類精度と未分類語の影響を確認する。

## Jaccard

1. 「床」と「衝突対象:床」は同一事例に共存しやすい。 根拠: Jaccard=1.0 確認事項: 共起は因果関係を意味しない点に注意する。
2. 「受傷部位:下肢」と「足」は同一事例に共存しやすい。 根拠: Jaccard=1.0 確認事項: 共起は因果関係を意味しない点に注意する。
3. 「受傷機転:滑走」と「滑る」は同一事例に共存しやすい。 根拠: Jaccard=1.0 確認事項: 共起は因果関係を意味しない点に注意する。
4. 「地面」と「衝突対象:地面」は同一事例に共存しやすい。 根拠: Jaccard=1.0 確認事項: 共起は因果関係を意味しない点に注意する。
5. 「傷害結果:脱臼」と「脱臼」は同一事例に共存しやすい。 根拠: Jaccard=1.0 確認事項: 共起は因果関係を意味しない点に注意する。
6. 「受傷機転:接触」と「接触」は同一事例に共存しやすい。 根拠: Jaccard=1.0 確認事項: 共起は因果関係を意味しない点に注意する。
7. 「傷害結果:欠損」と「欠損」は同一事例に共存しやすい。 根拠: Jaccard=1.0 確認事項: 共起は因果関係を意味しない点に注意する。
8. 「受傷部位:頭部」と「頭部」は同一事例に共存しやすい。 根拠: Jaccard=1.0 確認事項: 共起は因果関係を意味しない点に注意する。
9. 「つまずく」と「受傷機転:つまずき」は同一事例に共存しやすい。 根拠: Jaccard=1.0 確認事項: 共起は因果関係を意味しない点に注意する。
10. 「衝突対象:階段」と「階段」は同一事例に共存しやすい。 根拠: Jaccard=1.0 確認事項: 共起は因果関係を意味しない点に注意する。

## 事故パターン

1. 事故パターン「原因物:スポーツ用具 -> 受傷部位:歯牙」が確認された。 根拠: 件数=77, 割合=4.8642% 確認事項: 構成要素の順序は時系列を示さない点に注意する。
2. 事故パターン「原因物:スポーツ用具 -> 受傷部位:顎顔面」が確認された。 根拠: 件数=46, 割合=2.9059% 確認事項: 構成要素の順序は時系列を示さない点に注意する。
3. 事故パターン「受傷部位:歯牙 -> 受傷部位:顎顔面」が確認された。 根拠: 件数=23, 割合=1.4529% 確認事項: 構成要素の順序は時系列を示さない点に注意する。
4. 事故パターン「原因物:スポーツ用具 -> 受傷部位:歯牙 -> 受傷部位:顎顔面」が確認された。 根拠: 件数=21, 割合=1.3266% 確認事項: 構成要素の順序は時系列を示さない点に注意する。
5. 事故パターン「受傷機転:衝突 -> 受傷部位:歯牙」が確認された。 根拠: 件数=15, 割合=0.9476% 確認事項: 構成要素の順序は時系列を示さない点に注意する。
6. 事故パターン「原因物:乗り物 -> 受傷機転:転倒 -> 受傷部位:顎顔面」が確認された。 根拠: 件数=14, 割合=0.8844% 確認事項: 構成要素の順序は時系列を示さない点に注意する。
7. 事故パターン「受傷機転:転倒 -> 受傷部位:顎顔面 -> 衝突対象:床」が確認された。 根拠: 件数=14, 割合=0.8844% 確認事項: 構成要素の順序は時系列を示さない点に注意する。
8. 事故パターン「原因物:スポーツ用具 -> 行動:球技」が確認された。 根拠: 件数=13, 割合=0.8212% 確認事項: 構成要素の順序は時系列を示さない点に注意する。
9. 事故パターン「受傷機転:転倒 -> 受傷部位:顎顔面」が確認された。 根拠: 件数=13, 割合=0.8212% 確認事項: 構成要素の順序は時系列を示さない点に注意する。
10. 事故パターン「受傷機転:転倒 -> 受傷部位:歯牙」が確認された。 根拠: 件数=12, 割合=0.7581% 確認事項: 構成要素の順序は時系列を示さない点に注意する。


## 解析上の限界

1. 自由記述の語彙および記載量は事例ごとに異なるため、出現頻度は実際の発生頻度だけでなく記載傾向の影響を受ける。
2. 形態素解析では専門用語、複合語、表記揺れが分割または別語として扱われる可能性がある。
3. カテゴリ分類は辞書への完全一致に基づくため、辞書未登録語および同義語を十分に分類できない可能性がある。
4. ジャッカード係数は特徴の共通性を示すが、因果関係や時間的順序を示さない。
5. All群には歯牙障害事例も含まれるため、完全に独立した対照群との比較ではない。
6. 事故パターンの特徴順序は時系列順序ではなく、集合を表示上並べたものである。
7. 本解析はデータベースに登録された事例に限定され、未報告事例や軽症例を反映しない可能性がある。


## 今後の検討

- 歯牙障害を除いた非歯牙障害群との比較
- 学校種、学年、性別、発生場所、活動種別ごとの層別解析
- 同義語辞書および複合語辞書の追加
- 辞書分類精度の人手評価
- ジャッカード係数以外の類似度指標との比較
- 原文確認による高類似事例の妥当性評価
- 先行研究との一致点および相違点の検討

## 5. 結論

本解析パイプラインにより、学校事故事例データの自由記述から、
歯牙障害に特徴的な語、カテゴリおよび特徴の組合せを抽出できた。
今後は辞書精度の改善、原文確認および層別解析を行い、
事故予防および安全教育へ利用可能な知見として検証する必要がある。

## 図表キャプション

# Table・Figure キャプション一覧

## Table キャプション

- Table1. All vs 歯牙障害 頻出語比較。各値は解析対象データから算出した。
- Table2. All vs 歯牙障害 特徴語比較。各値は解析対象データから算出した。
- Table3. All vs 歯牙障害 カテゴリ比較。各値は解析対象データから算出した。
- Table4. 歯牙障害 特徴語ランキング。各値は解析対象データから算出した。
- Table5. 歯牙障害 特徴カテゴリランキング。各値は解析対象データから算出した。
- Table6. Jaccard上位ペア。各値は解析対象データから算出した。
- Table7. 歯牙障害 Jaccard上位ペア。各値は解析対象データから算出した。
- Table8. 歯牙障害 事故パターンランキング。各値は解析対象データから算出した。
- Table9. 歯牙障害 パターン構成要素。各値は解析対象データから算出した。

## Figure キャプション

- Figure1. 歯牙障害特徴語Top20。図中の値はStep5で整理した解析結果に基づく。
- Figure2. 歯牙障害特徴カテゴリTop20。図中の値はStep5で整理した解析結果に基づく。
- Figure3. 歯牙障害Jaccard上位ペア。図中の値はStep5で整理した解析結果に基づく。
- Figure4. 歯牙障害事故パターンTop15。図中の値はStep5で整理した解析結果に基づく。

## 参考文献

- 使用データベースの出典
- 学校歯科外傷に関する先行研究
- テキストマイニングに関する方法論
- ジャッカード係数に関する方法論


Step6 完了
正常終了: Step6-6_論文構成案作成.py (0.50秒)

==============================================================================
Step3以降がすべて正常終了しました
正常終了数   : 13
全体処理時間 : 21.65秒
ログ         : /workspaces/SchoolProject/SportDent/logs/run_from_step3_20260716_133346.log
==============================================================================
