==============================================================================
Step3以降の一括実行を開始します
Step2は手修正データ保護のため実行しません
プロジェクトルート: /workspaces/SchoolProject/SportDent
ログ保存先        : /workspaces/SchoolProject/SportDent/logs/run_from_step3_20260716_131225.log
==============================================================================

実行予定ファイル数: 18

[1/18] file/Step4_Jaccard解析/Step4-1_All_特徴間類似度.py

------------------------------------------------------------------------------
実行開始: file/Step4_Jaccard解析/Step4-1_All_特徴間類似度.py
Python   : /workspaces/SchoolProject/.venv/bin/python
------------------------------------------------------------------------------
==============================================================================
Step4-1 All 特徴間Jaccard
ジャッカード係数: 使用する
==============================================================================

[統合特徴 上位30組]
 順位     特徴1        特徴2  ジャッカード係数  共通出現事例数  特徴1出現事例数  特徴2出現事例数  和集合事例数  対象事例数
  1 受傷部位:下肢          足  1.000000      667       667       667     667   7682
  2       床     衝突対象:床  1.000000      465       465       465     465   7682
  3      地面    衝突対象:地面  1.000000      429       429       429     429   7682
  4 傷害結果:骨折         骨折  1.000000      389       389       389     389   7682
  5 受傷機転:滑走         滑る  1.000000      388       388       388     388   7682
  6 受傷部位:頭部         頭部  1.000000      373       373       373     373   7682
  7      切る    受傷機転:切創  1.000000      303       303       303     303   7682
  8 受傷機転:接触         接触  1.000000      239       239       239     239   7682
  9      乗る      行動:乗車  1.000000      196       196       196     196   7682
 10 衝突対象:階段         階段  1.000000      194       194       194     194   7682
 11    つまずく  受傷機転:つまずき  1.000000      169       169       169     169   7682
 12 傷害結果:脱臼         脱臼  1.000000      131       131       131     131   7682
 13       壁     衝突対象:壁  1.000000      124       124       124     124   7682
 14 傷害結果:欠損         欠損  1.000000      104       104       104     104   7682
 15   行動:運動         跳ぶ  1.000000       94        94        94      94   7682
 16 傷害結果:裂傷         裂傷  1.000000       84        84        84      84   7682
 17    ハンドル 衝突対象:自転車部品  1.000000       68        68        68      68   7682
 18 受傷機転:挟圧        挟まる  1.000000       55        55        55      55   7682
 19       柱     衝突対象:柱  1.000000       46        46        46      46   7682
 20 傷害結果:熱傷         熱傷  1.000000       37        37        37      37   7682
 21      つま         づく  1.000000       21        21        21      21   7682
 22      散る          瞳  0.991071      111       112       111     112   7682
 23      歯科         補綴  0.985294      201       204       201     204   7682
 24      前歯    受傷部位:歯牙  0.965251      750       750       777     777   7682
 25       動          細  0.965116       83        85        84      86   7682
 26       細          除  0.964286       81        84        81      84   7682
 27       動          除  0.952941       81        85        81      85   7682
 28       痕          線  0.951807      158       159       165     166   7682
 29       斑          黄  0.950000       19        20        19      20   7682
 30      うし          ろ  0.948718      111       111       117     117   7682

正常終了
次: Step4-2_歯牙障害_特徴間類似度.py
正常終了: Step4-1_All_特徴間類似度.py (10.68秒)

[2/18] file/Step4_Jaccard解析/Step4-2_歯牙障害_特徴間類似度.py

------------------------------------------------------------------------------
実行開始: file/Step4_Jaccard解析/Step4-2_歯牙障害_特徴間類似度.py
Python   : /workspaces/SchoolProject/.venv/bin/python
------------------------------------------------------------------------------
==============================================================================
Step4-2 歯牙障害 特徴間Jaccard
ジャッカード係数: 使用する
==============================================================================

[統合特徴 上位30組]
 順位     特徴1        特徴2  ジャッカード係数  共通出現事例数  特徴1出現事例数  特徴2出現事例数  和集合事例数  対象事例数
  1       床     衝突対象:床  1.000000      189       189       189     189   1583
  2 受傷部位:下肢          足  1.000000      142       142       142     142   1583
  3 受傷機転:滑走         滑る  1.000000      112       112       112     112   1583
  4      地面    衝突対象:地面  1.000000      101       101       101     101   1583
  5 傷害結果:脱臼         脱臼  1.000000       89        89        89      89   1583
  6 受傷機転:接触         接触  1.000000       68        68        68      68   1583
  7 傷害結果:欠損         欠損  1.000000       55        55        55      55   1583
  8 受傷部位:頭部         頭部  1.000000       48        48        48      48   1583
  9    つまずく  受傷機転:つまずき  1.000000       44        44        44      44   1583
 10 衝突対象:階段         階段  1.000000       43        43        43      43   1583
 11      乗る      行動:乗車  1.000000       39        39        39      39   1583
 12    ハンドル 衝突対象:自転車部品  1.000000       31        31        31      31   1583
 13      切る    受傷機転:切創  1.000000       30        30        30      30   1583
 14       壁     衝突対象:壁  1.000000       25        25        25      25   1583
 15 傷害結果:骨折         骨折  1.000000       18        18        18      18   1583
 16      うし          ろ  1.000000       17        17        17      17   1583
 17 傷害結果:裂傷         裂傷  1.000000       15        15        15      15   1583
 18   行動:運動         跳ぶ  1.000000       10        10        10      10   1583
 19 受傷機転:挟圧        挟まる  1.000000        7         7         7       7   1583
 20      つま         づく  1.000000        6         6         6       6   1583
 21    乗り出す          身  1.000000        3         3         3       3   1583
 22       柱     衝突対象:柱  1.000000        3         3         3       3   1583
 23      研究         課題  1.000000        3         3         3       3   1583
 24 受傷部位:上肢          手  0.991935      123       124       123     124   1583
 25     加える         歯科  0.989899      196       197       197     198   1583
 26     加える         補綴  0.989848      195       197       195     197   1583
 27      歯科         補綴  0.989848      195       197       195     197   1583
 28      前歯    受傷部位:歯牙  0.966488      721       721       746     746   1583
 29       折         破る  0.956284      175       183       175     183   1583
 30 環境要因:天候          雨  0.952381       20        21        20      21   1583

正常終了
次: Step4-3_All_事例間類似度.py
正常終了: Step4-2_歯牙障害_特徴間類似度.py (1.84秒)

[3/18] file/Step4_Jaccard解析/Step4-3_All_事例間類似度.py

------------------------------------------------------------------------------
実行開始: file/Step4_Jaccard解析/Step4-3_All_事例間類似度.py
Python   : /workspaces/SchoolProject/.venv/bin/python
------------------------------------------------------------------------------

ユーザー操作により中断されました。
