==============================================================================
Step3以降の一括実行を開始します
Step2は手修正データ保護のため実行しません
プロジェクトルート: /workspaces/SchoolProject/SportDent
ログ保存先        : /workspaces/SchoolProject/SportDent/logs/run_from_step3_20260716_131321.log
==============================================================================

実行予定ファイル数: 13

[1/13] file/Step5_結果整理/Step5-1_全体比較集計.py

------------------------------------------------------------------------------
実行開始: file/Step5_結果整理/Step5-1_全体比較集計.py
Python   : /workspaces/SchoolProject/.venv/bin/python
------------------------------------------------------------------------------
 歯牙障害特徴順位 品詞 基本形  All出現回数  All出現事例数  All事例出現率(%)  歯牙障害出現回数  歯牙障害出現事例数  歯牙障害事例出現率(%)  出現率差_歯牙障害-All  出現率倍率_歯牙障害_All
        1 名詞  前歯      795       750       9.7631     764.0      721.0       45.5464        35.7833          4.6652
        2 名詞   歯      544       498       6.4827     489.0      444.0       28.0480        21.5653          4.3266
        3 名詞  顔面     1087      1039      13.5251     501.0      489.0       30.8907        17.3656          2.2840
        4 名詞   口      508       490       6.3785     366.0      359.0       22.6785        16.3000          3.5555
        5 名詞  歯科      204       204       2.6556     197.0      197.0       12.4447         9.7891          4.6862
        6 名詞  補綴      202       201       2.6165     196.0      195.0       12.3184         9.7019          4.7080
        7 動詞 加える      213       212       2.7597     198.0      197.0       12.4447         9.6850          4.5094
        8 名詞   折      204       203       2.6425     184.0      183.0       11.5603         8.9178          4.3748
        9 名詞  転倒     1299      1254      16.3239     409.0      398.0       25.1421         8.8182          1.5402
       10 動詞  破る      180       179       2.3301     176.0      175.0       11.0550         8.7249          4.7444
       11 名詞  強打      817       810      10.5441     303.0      302.0       19.0777         8.5336          1.8093
       12 名詞 自転車      540       393       5.1159     293.0      216.0       13.6450         8.5291          2.6672
       13 名詞   本      504       397       5.1679     255.0      215.0       13.5818         8.4139          2.6281
       14 動詞 折れる      185       176       2.2911     154.0      152.0        9.6020         7.3109          4.1910
       15 名詞   床      508       465       6.0531     206.0      189.0       11.9394         5.8863          1.9724
       16 名詞   顔      477       451       5.8709     189.0      183.0       11.5603         5.6894          1.9691
       17 名詞 バット      256       208       2.7076     141.0      113.0        7.1383         4.4307          2.6364
       18 名詞 ボール     2127      1623      21.1273     506.0      402.0       25.3948         4.2675          1.2020
       19 名詞  口元       92        91       1.1846      86.0       85.0        5.3696         4.1850          4.5328
       20 名詞  脱臼      131       131       1.7053      89.0       89.0        5.6222         3.9169          3.2969
       21 名詞 ノック      209       189       2.4603     108.0      100.0        6.3171         3.8568          2.5676
       22 名詞  野球      716       702       9.1382     209.0      205.0       12.9501         3.8119          1.4171
       23 動詞 当たる     1787      1708      22.2338     427.0      410.0       25.9002         3.6664          1.1649
       24 動詞 抜ける      118       115       1.4970      78.0       77.0        4.8642         3.3672          3.2493
       25 名詞  下校      285       281       3.6579     109.0      108.0        6.8225         3.1646          1.8651
       26 動詞  する    15485      6712      87.3731    3278.0     1428.0       90.2085         2.8354          1.0325
       27 名詞  前方      214       211       2.7467      87.0       87.0        5.4959         2.7492          2.0009
       28 名詞  守備      180       173       2.2520      80.0       79.0        4.9905         2.7385          2.2160
       29 名詞  登校      248       234       3.0461      93.0       90.0        5.6854         2.6393          1.8665
       30 名詞   前      628       588       7.6543     176.0      162.0       10.2337         2.5794          1.3370

Step5-1 正常終了
次: Step5-2_歯牙障害特徴ランキング.py
正常終了: Step5-1_全体比較集計.py (0.81秒)

[2/13] file/Step5_結果整理/Step5-2_歯牙障害特徴ランキング.py

------------------------------------------------------------------------------
実行開始: file/Step5_結果整理/Step5-2_歯牙障害特徴ランキング.py
Python   : /workspaces/SchoolProject/.venv/bin/python
------------------------------------------------------------------------------
 総合順位  歯牙障害特徴順位 品詞 基本形  All出現回数  All出現事例数  All事例出現率(%)  歯牙障害出現回数  歯牙障害出現事例数  歯牙障害事例出現率(%)  出現率差_歯牙障害-All  出現率倍率_歯牙障害_All 特徴語  歯牙障害平均TF-IDF  TF-IDF差_歯牙障害-All   総合特徴スコア
    1         1 名詞  前歯      795       750       9.7631     764.0      721.0       45.5464        35.7833          4.6652  前歯      0.050976          0.033166 48.209225
    2         2 名詞   歯      544       498       6.4827     489.0      444.0       28.0480        21.5653          4.3266   歯      0.040236          0.026946 29.869535
    3         3 名詞  顔面     1087      1039      13.5251     501.0      489.0       30.8907        17.3656          2.2840  顔面      0.041067          0.019537 25.497480
    4         4 名詞   口      508       490       6.3785     366.0      359.0       22.6785        16.3000          3.5555   口      0.036210          0.023514 23.187071
    5        26 動詞  する    15485      6712      87.3731    3278.0     1428.0       90.2085         2.8354          1.0325 NaN           NaN               NaN 20.877100
    6         9 名詞  転倒     1299      1254      16.3239     409.0      398.0       25.1421         8.8182          1.5402  転倒      0.037169          0.013653 15.211917
    7         5 名詞  歯科      204       204       2.6556     197.0      197.0       12.4447         9.7891          4.6862  歯科      0.022837          0.016621 13.940177
    8         6 名詞  補綴      202       201       2.6165     196.0      195.0       12.3184         9.7019          4.7080  補綴      0.022751          0.016572 13.822785
    9         7 動詞 加える      213       212       2.7597     198.0      197.0       12.4447         9.6850          4.5094 加える      0.022805          0.016438 13.817779
   10        11 名詞  強打      817       810      10.5441     303.0      302.0       19.0777         8.5336          1.8093  強打      0.029450          0.012166 13.565777
   11         8 名詞   折      204       203       2.6425     184.0      183.0       11.5603         8.9178          4.3748   折      0.022229          0.015958 12.825635
   12        12 名詞 自転車      540       393       5.1159     293.0      216.0       13.6450         8.5291          2.6672 自転車      0.024447          0.014478 12.705903
   13        63 名詞   中     4509      4291      55.8578     941.0      902.0       56.9804         1.1226          1.0201 NaN           NaN               NaN 12.518680
   14        10 動詞  破る      180       179       2.3301     176.0      175.0       11.0550         8.7249          4.7444  破る      0.021581          0.015811 12.516961
   15        13 名詞   本      504       397       5.1679     255.0      215.0       13.5818         8.4139          2.6281   本      0.022625          0.013372 12.467499
   16        14 動詞 折れる      185       176       2.2911     154.0      152.0        9.6020         7.3109          4.1910 折れる      0.020620          0.014670 10.698318
   17        18 名詞 ボール     2127      1623      21.1273     506.0      402.0       25.3948         4.2675          1.2020 ボール      0.041200          0.008701 10.216560
   18        23 動詞 当たる     1787      1708      22.2338     427.0      410.0       25.9002         3.6664          1.1649 当たる      0.042008          0.009518  9.798279
   19        15 名詞   床      508       465       6.0531     206.0      189.0       11.9394         5.8863          1.9724   床      0.021487          0.010577  9.331857
   20        16 名詞   顔      477       451       5.8709     189.0      183.0       11.5603         5.6894          1.9691   顔      0.022372          0.011108  9.112286
   21        36 名詞  練習     2372      2068      26.9201     507.0      462.0       29.1851         2.2650          1.0841  練習      0.042917          0.008724  8.974422
   22        42 名詞  生徒     3740      2296      29.8880     813.0      505.0       31.9015         2.0135          1.0674 NaN           NaN               NaN  8.393800
   23        35 名詞  負傷     1636      1632      21.2445     375.0      373.0       23.5629         2.3184          1.1091  負傷      0.036888          0.007792  7.810165
   24        22 名詞  野球      716       702       9.1382     209.0      205.0       12.9501         3.8119          1.4171  野球      0.027239          0.009305  7.332383
   25        17 名詞 バット      256       208       2.7076     141.0      113.0        7.1383         4.4307          2.6364 バット      0.015601          0.008891  6.747492
   26        21 名詞 ノック      209       189       2.4603     108.0      100.0        6.3171         3.8568          2.5676 ノック      0.019262          0.011906  6.310834
   27        19 名詞  口元       92        91       1.1846      86.0       85.0        5.3696         4.1850          4.5328  口元      0.012972          0.009502  6.209081
   28        33 名詞  試合     1036       965      12.5618     245.0      237.0       14.9716         2.4098          1.1918  試合      0.028929          0.006283  6.032389
   29        20 名詞  脱臼      131       131       1.7053      89.0       89.0        5.6222         3.9169          3.2969  脱臼      0.012782          0.008572  5.898521
   30        25 名詞  下校      285       281       3.6579     109.0      108.0        6.8225         3.1646          1.8651  下校      0.014593          0.007071  5.236160

Step5-2 正常終了
正常終了: Step5-2_歯牙障害特徴ランキング.py (0.51秒)

[3/13] file/Step5_結果整理/Step5-3_Jaccard結果整理.py

------------------------------------------------------------------------------
実行開始: file/Step5_結果整理/Step5-3_Jaccard結果整理.py
Python   : /workspaces/SchoolProject/.venv/bin/python
------------------------------------------------------------------------------
 総合順位      解析区分  順位     特徴1        特徴2  ジャッカード係数  共通出現事例数  特徴1出現事例数  特徴2出現事例数  和集合事例数  対象事例数  歯牙障害内順位
   11 歯牙障害_統合特徴   1       床     衝突対象:床  1.000000      189       189       189     189   1583        1
   13 歯牙障害_統合特徴   2 受傷部位:下肢          足  1.000000      142       142       142     142   1583        2
   16 歯牙障害_統合特徴   3 受傷機転:滑走         滑る  1.000000      112       112       112     112   1583        3
   18 歯牙障害_統合特徴   4      地面    衝突対象:地面  1.000000      101       101       101     101   1583        4
   20 歯牙障害_統合特徴   5 傷害結果:脱臼         脱臼  1.000000       89        89        89      89   1583        5
   23 歯牙障害_統合特徴   6 受傷機転:接触         接触  1.000000       68        68        68      68   1583        6
   25 歯牙障害_統合特徴   7 傷害結果:欠損         欠損  1.000000       55        55        55      55   1583        7
   26 歯牙障害_統合特徴   8 受傷部位:頭部         頭部  1.000000       48        48        48      48   1583        8
   28 歯牙障害_統合特徴   9    つまずく  受傷機転:つまずき  1.000000       44        44        44      44   1583        9
   29 歯牙障害_統合特徴  10 衝突対象:階段         階段  1.000000       43        43        43      43   1583       10
   30 歯牙障害_統合特徴  11      乗る      行動:乗車  1.000000       39        39        39      39   1583       11
   32 歯牙障害_統合特徴  12    ハンドル 衝突対象:自転車部品  1.000000       31        31        31      31   1583       12
   33 歯牙障害_統合特徴  13      切る    受傷機転:切創  1.000000       30        30        30      30   1583       13
   34 歯牙障害_統合特徴  14       壁     衝突対象:壁  1.000000       25        25        25      25   1583       14
   37 歯牙障害_統合特徴  15 傷害結果:骨折         骨折  1.000000       18        18        18      18   1583       15
   38  歯牙障害_語特徴   1      うし          ろ  1.000000       17        17        17      17   1583       16
   39 歯牙障害_統合特徴  16      うし          ろ  1.000000       17        17        17      17   1583       17
   40 歯牙障害_統合特徴  17 傷害結果:裂傷         裂傷  1.000000       15        15        15      15   1583       18
   41 歯牙障害_統合特徴  18   行動:運動         跳ぶ  1.000000       10        10        10      10   1583       19
   42 歯牙障害_統合特徴  19 受傷機転:挟圧        挟まる  1.000000        7         7         7       7   1583       20
   43  歯牙障害_語特徴   2      つま         づく  1.000000        6         6         6       6   1583       21
   44 歯牙障害_統合特徴  20      つま         づく  1.000000        6         6         6       6   1583       22
   45  歯牙障害_語特徴   3    乗り出す          身  1.000000        3         3         3       3   1583       23
   46  歯牙障害_語特徴   4      研究         課題  1.000000        3         3         3       3   1583       24
   47 歯牙障害_統合特徴  21    乗り出す          身  1.000000        3         3         3       3   1583       25
   48 歯牙障害_統合特徴  22       柱     衝突対象:柱  1.000000        3         3         3       3   1583       26
   49 歯牙障害_統合特徴  23      研究         課題  1.000000        3         3         3       3   1583       27
   50 歯牙障害_統合特徴  24 受傷部位:上肢          手  0.991935      123       124       123     124   1583       28
   53  歯牙障害_語特徴   5     加える         歯科  0.989899      196       197       197     198   1583       29
   54 歯牙障害_統合特徴  25     加える         歯科  0.989899      196       197       197     198   1583       30

Step5-3 正常終了
正常終了: Step5-3_Jaccard結果整理.py (0.54秒)

[4/13] file/Step5_結果整理/Step5-4_事故パターン分析.py

------------------------------------------------------------------------------
実行開始: file/Step5_結果整理/Step5-4_事故パターン分析.py
Python   : /workspaces/SchoolProject/.venv/bin/python
------------------------------------------------------------------------------
 順位                                               事故パターン  構成要素数  件数  事例割合(%)
  1                                原因物:スポーツ用具 -> 受傷部位:歯牙      2  77   4.8642
  2                               原因物:スポーツ用具 -> 受傷部位:顎顔面      2  46   2.9059
  3                                  受傷部位:歯牙 -> 受傷部位:顎顔面      2  23   1.4529
  4                    原因物:スポーツ用具 -> 受傷部位:歯牙 -> 受傷部位:顎顔面      3  21   1.3266
  5                                   受傷機転:衝突 -> 受傷部位:歯牙      2  15   0.9476
  6                       原因物:乗り物 -> 受傷機転:転倒 -> 受傷部位:顎顔面      3  14   0.8844
  7                        受傷機転:転倒 -> 受傷部位:顎顔面 -> 衝突対象:床      3  14   0.8844
  8                                  原因物:スポーツ用具 -> 行動:球技      2  13   0.8212
  9                                  受傷機転:転倒 -> 受傷部位:顎顔面      2  13   0.8212
 10                                   受傷機転:転倒 -> 受傷部位:歯牙      2  12   0.7581
 11                     原因物:スポーツ用具 -> 受傷機転:衝突 -> 受傷部位:歯牙      3  11   0.6949
 12                     傷害結果:欠損 -> 原因物:スポーツ用具 -> 受傷部位:歯牙      3  10   0.6317
 13                     傷害結果:脱臼 -> 原因物:スポーツ用具 -> 受傷部位:歯牙      3  10   0.6317
 14                        原因物:乗り物 -> 受傷機転:転倒 -> 受傷部位:歯牙      3  10   0.6317
 15                                   原因物:乗り物 -> 受傷機転:転倒      2  10   0.6317
 16                                原因物:スポーツ用具 -> 受傷機転:衝突      2   9   0.5685
 17            原因物:乗り物 -> 受傷機転:転倒 -> 受傷部位:顎顔面 -> 衝突対象:地面      4   8   0.5054
 18             受傷機転:転倒 -> 受傷部位:歯牙 -> 受傷部位:顎顔面 -> 衝突対象:床      4   8   0.5054
 19                       受傷機転:転倒 -> 受傷部位:歯牙 -> 受傷部位:顎顔面      3   7   0.4422
 20                     原因物:スポーツ用具 -> 受傷部位:上肢 -> 受傷部位:歯牙      3   6   0.3790
 21                       原因物:スポーツ用具 -> 受傷部位:歯牙 -> 行動:球技      3   6   0.3790
 22                      原因物:スポーツ用具 -> 受傷部位:顎顔面 -> 行動:球技      3   6   0.3790
 23                          受傷機転:衝突 -> 受傷部位:歯牙 -> 行動:移動      3   6   0.3790
 24                         受傷機転:転倒 -> 受傷部位:歯牙 -> 衝突対象:床      3   6   0.3790
 25                                   傷害結果:欠損 -> 受傷部位:歯牙      2   6   0.3790
 26                                   受傷機転:接触 -> 受傷部位:歯牙      2   6   0.3790
 27 原因物:乗り物 -> 受傷機転:転倒 -> 受傷部位:歯牙 -> 受傷部位:顎顔面 -> 衝突対象:地面      5   5   0.3159
 28                    原因物:スポーツ用具 -> 受傷機転:衝突 -> 受傷部位:顎顔面      3   5   0.3159
 29                       原因物:スポーツ用具 -> 受傷部位:歯牙 -> 行動:移動      3   5   0.3159
 30                      原因物:スポーツ用具 -> 受傷部位:歯牙 -> 衝突対象:床      3   5   0.3159

Step5-4 正常終了
正常終了: Step5-4_事故パターン分析.py (0.88秒)

[5/13] file/Step5_結果整理/Step5-5_論文掲載表作成.py

------------------------------------------------------------------------------
実行開始: file/Step5_結果整理/Step5-5_論文掲載表作成.py
Python   : /workspaces/SchoolProject/.venv/bin/python
------------------------------------------------------------------------------
Table番号                 表題                        元ファイル                          論文用ファイル  掲載行数
 Table1  All vs 歯牙障害 頻出語比較  Table1_All_vs歯牙障害_頻出語比較.csv  論文用_Table1_All_vs歯牙障害_頻出語比較.csv    30
 Table2  All vs 歯牙障害 特徴語比較  Table2_All_vs歯牙障害_特徴語比較.csv  論文用_Table2_All_vs歯牙障害_特徴語比較.csv    30
 Table3 All vs 歯牙障害 カテゴリ比較 Table3_All_vs歯牙障害_カテゴリ比較.csv 論文用_Table3_All_vs歯牙障害_カテゴリ比較.csv    30
 Table4      歯牙障害 特徴語ランキング      Table4_歯牙障害特徴語ランキング.csv      論文用_Table4_歯牙障害特徴語ランキング.csv    30
 Table5   歯牙障害 特徴カテゴリランキング   Table5_歯牙障害特徴カテゴリランキング.csv   論文用_Table5_歯牙障害特徴カテゴリランキング.csv    15
 Table6        Jaccard上位ペア       Table6_Jaccard上位ペア.csv       論文用_Table6_Jaccard上位ペア.csv    30
 Table7   歯牙障害 Jaccard上位ペア  Table7_歯牙障害_Jaccard上位ペア.csv  論文用_Table7_歯牙障害_Jaccard上位ペア.csv    30
 Table8   歯牙障害 事故パターンランキング  Table8_歯牙障害_事故パターンランキング.csv  論文用_Table8_歯牙障害_事故パターンランキング.csv    20
 Table9      歯牙障害 パターン構成要素     Table9_歯牙障害_パターン構成要素.csv     論文用_Table9_歯牙障害_パターン構成要素.csv    20

Step5-5 正常終了
正常終了: Step5-5_論文掲載表作成.py (0.58秒)

[6/13] file/Step5_結果整理/Step5-6_論文掲載グラフ作成.py

------------------------------------------------------------------------------
実行開始: file/Step5_結果整理/Step5-6_論文掲載グラフ作成.py
Python   : /workspaces/SchoolProject/.venv/bin/python
------------------------------------------------------------------------------

==============================================================================
Step5-6_論文掲載グラフ作成を開始します
指定フォント: HeiseiMin-W3
==============================================================================

[処理中にエラーが発生しました]
Traceback (most recent call last):
  File "/workspaces/SchoolProject/SportDent/file/Step5_結果整理/Step5-6_論文掲載グラフ作成.py", line 379, in main
    font_property, font_path = configure_font()
                               ^^^^^^^^^^^^^^^^
  File "/workspaces/SchoolProject/SportDent/file/Step5_結果整理/Step5-6_論文掲載グラフ作成.py", line 216, in configure_font
    font_path = find_heiseimin_font()
                ^^^^^^^^^^^^^^^^^^^^^
  File "/workspaces/SchoolProject/SportDent/file/Step5_結果整理/Step5-6_論文掲載グラフ作成.py", line 195, in find_heiseimin_font
    raise FileNotFoundError(
FileNotFoundError: 
HeiseiMin-W3のフォントファイルが見つかりません。

文字化けしたFigureを生成しないため、処理を停止しました。

次のいずれかを実施してください。

方法1:
  Meikai/font/HeiseiMin-W3.otf
  として、利用権限のあるフォントを配置する。

方法2:
  export HEISEIMIN_W3_PATH="/絶対パス/HeiseiMin-W3.otf"

フォントファイル自体は、このPythonには含まれていません。

During handling of the above exception, another exception occurred:

Traceback (most recent call last):
  File "/workspaces/SchoolProject/SportDent/file/Step5_結果整理/Step5-6_論文掲載グラフ作成.py", line 592, in <module>
    main()
  File "/workspaces/SchoolProject/SportDent/file/Step5_結果整理/Step5-6_論文掲載グラフ作成.py", line 583, in main
    f"{type(
       ^^^^^
TypeError: type() takes 1 or 3 arguments

==============================================================================
一括実行を停止しました
終了コード   : 1
失敗ファイル : file/Step5_結果整理/Step5-6_論文掲載グラフ作成.py
正常終了数   : 5
ログ         : /workspaces/SchoolProject/SportDent/logs/run_from_step3_20260716_131321.log
==============================================================================
