==============================================================================
Step3以降の一括実行を開始します
Step2は手修正データ保護のため実行しません
プロジェクトルート: /workspaces/SchoolProject/SportDent
ログ保存先        : /workspaces/SchoolProject/SportDent/logs/run_from_step3_20260716_125847.log
==============================================================================

実行予定ファイル数: 32

[1/32] file/Step3_All/Step3-1_All_形態素解析.py

------------------------------------------------------------------------------
実行開始: file/Step3_All/Step3-1_All_形態素解析.py
Python   : /workspaces/SchoolProject/.venv/bin/python
------------------------------------------------------------------------------

==============================================================================
Step3-1_All_形態素解析を開始します
解析対象　　　：全データ
解析方法　　　：Janomeによる形態素解析
ジャッカード　：使用しない
==============================================================================
入力ファイル：/workspaces/SchoolProject/SportDent/DB/shougai(2025.01.31).csv
文字コード　：utf-8-sig

【形態素解析結果：先頭20行】
 元データ行番号   記号  形態素番号 表層形 基本形  品詞 品詞細分類1 品詞細分類2 品詞細分類3      活用型 活用形    読み    発音
       2 17障1      1  理科  理科  名詞     一般      *      *                 リカ    リカ
       2 17障1      2   の   の  助詞    連体化      *      *                  ノ     ノ
       2 17障1      3  授業  授業  名詞   サ変接続      *      *              ジュギョウ ジュギョー
       2 17障1      4   中   中  名詞     接尾   副詞可能      *                チュウ   チュー
       2 17障1      5   、   、  記号     読点      *      *                  、     、
       2 17障1      6  運動  運動  名詞   サ変接続      *      *               ウンドウ  ウンドー
       2 17障1      7   場   場  名詞     接尾     一般      *                ジョウ   ジョー
       2 17障1      8   で   で  助詞    格助詞     一般      *                  デ     デ
       2 17障1      9   熱   熱  名詞     一般      *      *                 ネツ    ネツ
       2 17障1     10  気球  気球  名詞     一般      *      *               キキュウ  キキュー
       2 17障1     11   を   を  助詞    格助詞     一般      *                  ヲ     ヲ
       2 17障1     12 飛ばす 飛ばす  動詞     自立      *      *    五段・サ行 基本形   トバス   トバス
       2 17障1     13  実験  実験  名詞   サ変接続      *      *               ジッケン  ジッケン
       2 17障1     14   を   を  助詞    格助詞     一般      *                  ヲ     ヲ
       2 17障1     15   し  する  動詞     自立      *      *    サ変・スル 連用形     シ     シ
       2 17障1     16   て   て  助詞   接続助詞      *      *                  テ     テ
       2 17障1     17   い  いる  動詞    非自立      *      *       一段 連用形     イ     イ
       2 17障1     18   た   た 助動詞      *      *      *     特殊・タ 基本形     タ     タ
       2 17障1     19   。   。  記号     句点      *      *                  。     。
       2 17障1     20  黒い  黒い 形容詞     自立      *      * 形容詞・アウオ段 基本形   クロイ   クロイ

【品詞速報】
名詞    ：   143,329件
動詞    ：    60,565件
形容詞   ：     1,677件
助詞    ：   100,095件
助動詞   ：    28,682件
副詞    ：     1,505件
連体詞   ：     1,601件
接続詞   ：       392件
記号    ：    40,195件

【解析異常候補】
   異常区分  件数
形態素数が多い  18
  文章が長い  12

━━━━━━━━━━━━━━━━━━━━━━━━━━━━━━━━━━━━━━━━━━━━━━━━━━━━━━━━━━━━━━━━━━━━━━━━━━━━━━
Step3-1_All_形態素解析　正常終了
━━━━━━━━━━━━━━━━━━━━━━━━━━━━━━━━━━━━━━━━━━━━━━━━━━━━━━━━━━━━━━━━━━━━━━━━━━━━━━
入力件数　　　　　　：7,682件
解析成功件数　　　　：7,682件
解析失敗件数　　　　：0件
総形態素数　　　　　：382,913件
平均形態素数　　　　：49.85件／事例
最小形態素数　　　　：6件
最大形態素数　　　　：223件
異常候補レコード数　：30件
処理時間　　　　　　：28.18秒

形態素解析CSV　　　　：/workspaces/SchoolProject/SportDent/CreateData/Step3_All/Step3-1_All_形態素解析.csv
解析サマリーCSV　　　：/workspaces/SchoolProject/SportDent/CreateData/Step3_All/Step3-1_All_解析サマリー.csv
解析異常一覧CSV　　　：/workspaces/SchoolProject/SportDent/CreateData/Step3_All/Step3-1_All_解析異常一覧.csv
事例別解析文章CSV　　：/workspaces/SchoolProject/SportDent/CreateData/Step3_All/Step3-1_All_事例別解析文章.csv

同名CSVは上書きしています。
ジャッカード係数は使用していません。
次のStep：Step3-2_All_品詞集計.py
━━━━━━━━━━━━━━━━━━━━━━━━━━━━━━━━━━━━━━━━━━━━━━━━━━━━━━━━━━━━━━━━━━━━━━━━━━━━━━
正常終了: Step3-1_All_形態素解析.py (31.35秒)

[2/32] file/Step3_All/Step3-2_All_品詞集計.py

------------------------------------------------------------------------------
実行開始: file/Step3_All/Step3-2_All_品詞集計.py
Python   : /workspaces/SchoolProject/.venv/bin/python
------------------------------------------------------------------------------

==============================================================================
Step3-2_All_品詞集計を開始します
解析対象　　　：Step3-1の全形態素
解析方法　　　：記述統計
ジャッカード　：使用しない
==============================================================================

【主要品詞集計】
 順位   品詞      件数   割合（％）   全形態素数
  1   名詞 143,329 37.4312 382,913
  2   助詞 100,095 26.1404 382,913
  3   動詞  60,565 15.8169 382,913
  4   記号  40,195 10.4972 382,913
  5  助動詞  28,682  7.4905 382,913
  6  接頭詞   4,840  1.2640 382,913
  7  形容詞   1,677  0.4380 382,913
  8  連体詞   1,601  0.4181 382,913
  9   副詞   1,505  0.3930 382,913
 10  接続詞     392  0.1024 382,913
 11  感動詞      18  0.0047 382,913
 12 フィラー       9  0.0024 382,913
 13  その他       5  0.0013 382,913

【品詞・細分類集計：上位30行】
 全体順位  品詞 品詞細分類1  品詞内順位     件数 品詞内割合（％） 全体割合（％）  品詞合計件数   全形態素数
    1  名詞     一般      1 79,026  55.1361 20.6381 143,329 382,913
    2  助詞    格助詞      1 61,030  60.9721 15.9383 100,095 382,913
    3  動詞     自立      1 48,637  80.3055 12.7018  60,565 382,913
    4 助動詞    未設定      1 28,682 100.0000  7.4905  28,682 382,913
    5  名詞   サ変接続      2 28,376  19.7978  7.4106 143,329 382,913
    6  記号     読点      1 25,389  63.1646  6.6305  40,195 382,913
    7  助詞    連体化      2 18,208  18.1907  4.7551 100,095 382,913
    8  名詞     接尾      3 16,793  11.7164  4.3856 143,329 382,913
    9  助詞   接続助詞      3 16,513  16.4973  4.3125 100,095 382,913
   10  記号     句点      2 13,044  32.4518  3.4065  40,195 382,913
   11  名詞    非自立      4 10,801   7.5358  2.8207 143,329 382,913
   12  動詞    非自立      2  9,816  16.2074  2.5635  60,565 382,913
   13 接頭詞   名詞接続      1  4,308  89.0083  1.1251   4,840 382,913
   14  名詞      数      5  3,556   2.4810  0.9287 143,329 382,913
   15  名詞   副詞可能      6  3,081   2.1496  0.8046 143,329 382,913
   16  動詞     接尾      3  2,112   3.4872  0.5516  60,565 382,913
   17  助詞    係助詞      4  1,659   1.6574  0.4333 100,095 382,913
   18 形容詞     自立      1  1,640  97.7937  0.4283   1,677 382,913
   19 連体詞    未設定      1  1,601 100.0000  0.4181   1,601 382,913
   20  助詞   並立助詞      5  1,539   1.5375  0.4019 100,095 382,913
   21  副詞     一般      1    882  58.6047  0.2303   1,505 382,913
   22  名詞   固有名詞      7    754   0.5261  0.1969 143,329 382,913
   23  記号    括弧開      3    685   1.7042  0.1789  40,195 382,913
   24  記号    括弧閉      4    680   1.6918  0.1776  40,195 382,913
   25  名詞 形容動詞語幹      8    674   0.4702  0.1760 143,329 382,913
   26  副詞  助詞類接続      2    623  41.3953  0.1627   1,505 382,913
   27 接頭詞    数接続      2    524  10.8264  0.1368   4,840 382,913
   28  助詞    副詞化      6    505   0.5045  0.1319 100,095 382,913
   29  助詞    副助詞      7    414   0.4136  0.1081 100,095 382,913
   30 接続詞    未設定      1    392 100.0000  0.1024     392 382,913

【整合性確認】
入力形態素数　　　：382,913件
主要品詞件数合計　：382,913件
詳細集計件数合計　：382,913件
主要品詞割合合計　：100.0001％
詳細全体割合合計　：100.0001％

━━━━━━━━━━━━━━━━━━━━━━━━━━━━━━━━━━━━━━━━━━━━━━━━━━━━━━━━━━━━━━━━━━━━━━━━━━━━━━
Step3-2_All_品詞集計　正常終了
━━━━━━━━━━━━━━━━━━━━━━━━━━━━━━━━━━━━━━━━━━━━━━━━━━━━━━━━━━━━━━━━━━━━━━━━━━━━━━
入力形態素数　　　　：382,913件
対象事例数　　　　　：7,682件
品詞大分類数　　　　：13種類
品詞・細分類組合せ　：45種類
処理時間　　　　　　：1.04秒

品詞詳細集計CSV　　　：/workspaces/SchoolProject/SportDent/CreateData/Step3_All/Step3-2_All_品詞集計.csv
主要品詞集計CSV　　　：/workspaces/SchoolProject/SportDent/CreateData/Step3_All/Step3-2_All_主要品詞集計.csv
解析サマリーCSV　　　：/workspaces/SchoolProject/SportDent/CreateData/Step3_All/Step3-2_All_解析サマリー.csv

同名CSVは上書きしています。
ジャッカード係数は使用していません。
次のStep：Step3-3_All_頻出語集計.py
━━━━━━━━━━━━━━━━━━━━━━━━━━━━━━━━━━━━━━━━━━━━━━━━━━━━━━━━━━━━━━━━━━━━━━━━━━━━━━
正常終了: Step3-2_All_品詞集計.py (1.75秒)

[3/32] file/Step3_All/Step3-3_All_頻出語集計.py

------------------------------------------------------------------------------
実行開始: file/Step3_All/Step3-3_All_頻出語集計.py
Python   : /workspaces/SchoolProject/.venv/bin/python
------------------------------------------------------------------------------

==============================================================================
Step3-3_All_頻出語集計を開始します
解析対象　　　：名詞・動詞・形容詞
解析方法　　　：頻度・出現事例数集計
ジャッカード　：使用しない
==============================================================================

【名詞：上位20語】
 品詞別順位 基本形  出現回数 出現事例数 事例出現率（％） 1事例当たり平均出現回数
     1   中 4,509 4,291  55.8578       1.0508
     2   際 3,098 3,015  39.2476       1.0275
     3   部 2,710 2,321  30.2135       1.1676
     4  生徒 3,740 2,296  29.8880       1.6289
     5  練習 2,372 2,068  26.9201       1.1470
     6 ところ 2,038 1,929  25.1106       1.0565
     7  負傷 1,636 1,632  21.2445       1.0025
     8 ボール 2,127 1,623  21.1273       1.3105
     9   右 2,081 1,550  20.1770       1.3426
    10   眼 1,779 1,473  19.1747       1.2077
    11   左 1,943 1,470  19.1356       1.3218
    12  ため 1,449 1,266  16.4801       1.1445
    13  転倒 1,299 1,254  16.3239       1.0359
    14   他 1,383 1,224  15.9334       1.1299
    15  とき 1,165 1,108  14.4233       1.0514
    16  活動 1,134 1,104  14.3713       1.0272
    17  児童 1,927 1,055  13.7334       1.8265
    18  顔面 1,087 1,039  13.5251       1.0462
    19  授業 1,015   990  12.8873       1.0253
    20  試合 1,036   965  12.5618       1.0736

【動詞：上位20語】
 品詞別順位  基本形   出現回数 出現事例数 事例出現率（％） 1事例当たり平均出現回数
     1   する 15,485 6,712  87.3731       2.3071
     2   いる  7,534 5,314  69.1747       1.4178
     3  当たる  1,787 1,708  22.2338       1.0463
     4   れる  1,522 1,340  17.4434       1.1358
     5   なる  1,181 1,043  13.5772       1.1323
     6   打つ    871   835  10.8696       1.0431
     7   残る    819   797  10.3749       1.0276
     8  受ける    785   749   9.7501       1.0481
     9  しまう    846   717   9.3335       1.1799
    10   走る    806   704   9.1643       1.1449
    11   くる    729   697   9.0732       1.0459
    12  倒れる    651   612   7.9667       1.0637
    13   行う    732   601   7.8235       1.2180
    14   ある    605   551   7.1726       1.0980
    15   遊ぶ    570   545   7.0945       1.0459
    16 ぶつかる    556   534   6.9513       1.0412
    17   崩す    519   518   6.7430       1.0019
    18 ぶつける    427   422   5.4934       1.0118
    19  投げる    450   403   5.2460       1.1166
    20   蹴る    427   400   5.2070       1.0675

【形容詞：上位20語】
 品詞別順位 基本形 出現回数 出現事例数 事例出現率（％） 1事例当たり平均出現回数
     1  強い  592   577   7.5111       1.0260
     2  高い  112   107   1.3929       1.0467
     3  ない  116   103   1.3408       1.1262
     4  悪い   74    73   0.9503       1.0137
     5 激しい   70    69   0.8982       1.0145
     6  痛い   62    59   0.7680       1.0508
     7 大きい   59    58   0.7550       1.0172
     8  深い   55    55   0.7160       1.0000
     9  暗い   43    42   0.5467       1.0238
    10 うまい   35    35   0.4556       1.0000
    11  軽い   28    28   0.3645       1.0000
    12  低い   22    22   0.2864       1.0000
    13  重い   19    19   0.2473       1.0000
    13  長い   19    19   0.2473       1.0000
    15  硬い   18    18   0.2343       1.0000
    16 にくい   16    16   0.2083       1.0000
    17  熱い   15    15   0.1953       1.0000
    17  近い   15    15   0.1953       1.0000
    17  遠い   15    15   0.1953       1.0000
    20 ひどい   14    14   0.1822       1.0000

【整合性確認】
入力形態素数　　　　：382,913件
集計対象形態素数　　：205,571件
出現回数合計　　　　：205,571件
入力事例数　　　　　：7,682件
集計対象事例数　　　：7,682件

━━━━━━━━━━━━━━━━━━━━━━━━━━━━━━━━━━━━━━━━━━━━━━━━━━━━━━━━━━━━━━━━━━━━━━━━━━━━━━
Step3-3_All_頻出語集計　正常終了
━━━━━━━━━━━━━━━━━━━━━━━━━━━━━━━━━━━━━━━━━━━━━━━━━━━━━━━━━━━━━━━━━━━━━━━━━━━━━━
入力形態素数　　　　：382,913件
集計対象形態素数　　：205,571件
異なり語数　　　　　：7,268語
品詞別上位語出力行数：300行
処理時間　　　　　　：1.32秒

頻出語集計CSV　　　　：/workspaces/SchoolProject/SportDent/CreateData/Step3_All/Step3-3_All_頻出語集計.csv
品詞別上位語CSV　　　：/workspaces/SchoolProject/SportDent/CreateData/Step3_All/Step3-3_All_品詞別頻出語上位.csv
解析サマリーCSV　　　：/workspaces/SchoolProject/SportDent/CreateData/Step3_All/Step3-3_All_解析サマリー.csv

同名CSVは上書きしています。
ジャッカード係数は使用していません。
次のStep：Step3-4_All_共起語解析.py
━━━━━━━━━━━━━━━━━━━━━━━━━━━━━━━━━━━━━━━━━━━━━━━━━━━━━━━━━━━━━━━━━━━━━━━━━━━━━━
正常終了: Step3-3_All_頻出語集計.py (1.89秒)

[4/32] file/Step3_All/Step3-4_All_共起語解析.py

------------------------------------------------------------------------------
実行開始: file/Step3_All/Step3-4_All_共起語解析.py
Python   : /workspaces/SchoolProject/.venv/bin/python
------------------------------------------------------------------------------

==============================================================================
Step3-4_All_共起語解析を開始します
解析対象　　　：名詞・動詞・形容詞
解析方法　　　：事例単位の共起集計
ジャッカード　：使用しない
==============================================================================

【共起語：上位30組】
 全体順位 語1 語1品詞  語2 語2品詞 共起事例数 共起事例率（％）
    1 いる   動詞  する   動詞 4,813  62.6530
    2 する   動詞   中   名詞 3,788  49.3101
    3 する   動詞   際   名詞 2,774  36.1104
    4 いる   動詞   中   名詞 2,731  35.5506
    5 いる   動詞   際   名詞 2,187  28.4691
    6 する   動詞   部   名詞 2,089  27.1934
    7 する   動詞  生徒   名詞 2,034  26.4775
    8  中   名詞   際   名詞 1,869  24.3296
    9 する   動詞  練習   名詞 1,854  24.1343
   10  中   名詞   部   名詞 1,753  22.8196
   11 する   動詞 ところ   名詞 1,733  22.5592
   12 いる   動詞  生徒   名詞 1,700  22.1297
   13 する   動詞  負傷   名詞 1,632  21.2445
   14 いる   動詞 ところ   名詞 1,591  20.7108
   15 いる   動詞   部   名詞 1,572  20.4634
   16  中   名詞  練習   名詞 1,442  18.7712
   17 いる   動詞  練習   名詞 1,437  18.7061
   18 する   動詞 ボール   名詞 1,434  18.6670
   19 する   動詞   右   名詞 1,355  17.6386
   20 する   動詞 当たる   動詞 1,353  17.6126
   21  中   名詞  生徒   名詞 1,336  17.3913
   22 する   動詞   左   名詞 1,280  16.6623
   23 いる   動詞 当たる   動詞 1,267  16.4931
   24 する   動詞   眼   名詞 1,249  16.2588
   25 する   動詞  転倒   名詞 1,240  16.1416
   26 する   動詞  れる   動詞 1,202  15.6470
   27 練習   名詞   部   名詞 1,180  15.3606
   28 する   動詞  ため   名詞 1,169  15.2174
   29 いる   動詞 ボール   名詞 1,162  15.1263
   30 いる   動詞  負傷   名詞 1,127  14.6707

【整合性確認】
入力形態素数　　　　：382,913件
共起分析対象形態素数：205,571件
共起分析対象事例数　：7,682件
共起分析対象語数　　：7,268語
出力共起組数　　　　：72,451組

━━━━━━━━━━━━━━━━━━━━━━━━━━━━━━━━━━━━━━━━━━━━━━━━━━━━━━━━━━━━━━━━━━━━━━━━━━━━━━
Step3-4_All_共起語解析　正常終了
━━━━━━━━━━━━━━━━━━━━━━━━━━━━━━━━━━━━━━━━━━━━━━━━━━━━━━━━━━━━━━━━━━━━━━━━━━━━━━
出力共起組数　　　　：72,451組
上位共起組出力数　　：500組
最小共起事例数　　　：5件
処理時間　　　　　　：16.02秒

共起語解析CSV　　　　：/workspaces/SchoolProject/SportDent/CreateData/Step3_All/Step3-4_All_共起語解析.csv
共起語上位CSV　　　　：/workspaces/SchoolProject/SportDent/CreateData/Step3_All/Step3-4_All_共起語上位.csv
解析サマリーCSV　　　：/workspaces/SchoolProject/SportDent/CreateData/Step3_All/Step3-4_All_解析サマリー.csv

同名CSVは上書きしています。
ジャッカード係数は使用していません。
次のStep：Step3-5_All_ストップワード除去.py
━━━━━━━━━━━━━━━━━━━━━━━━━━━━━━━━━━━━━━━━━━━━━━━━━━━━━━━━━━━━━━━━━━━━━━━━━━━━━━
正常終了: Step3-4_All_共起語解析.py (16.84秒)

[5/32] file/Step3_All/Step3-5_All_ストップワード除去.py

------------------------------------------------------------------------------
実行開始: file/Step3_All/Step3-5_All_ストップワード除去.py
Python   : /workspaces/SchoolProject/.venv/bin/python
------------------------------------------------------------------------------

==============================================================================
Step3-5_All_ストップワード除去を開始します
解析対象　　　：名詞・動詞・形容詞
設定ファイル　：Common/Config/設定_ストップワード.txt
ジャッカード　：使用しない
==============================================================================

【事例別除去結果：先頭20行】
    記号  除去前語数  除去後語数  除去語数  除去率（％）                                     除去語列                                                                                                                                              解析用語列                                                                                                 解析用語集合  解析用語異なり語数
  17障1     60     46    14 23.3333 授業 中 する いる する いる 後 中 する する ところ する する 受ける 理科 運動 場 熱 気球 飛ばす 実験 黒い ビニール 袋 針金 熱 気球 作る 皿 入れる 脱脂綿 アルコール 浸す 火 つけ 熱 気球 飛ばす 実験 いくつ 熱 気球 飛ばす 皿 脱脂綿 燃える の 確認 新しい アルコール 注ぐ アルコール 缶 火種 引火 爆発 熱風 全身 火傷 負う 理科 運動 場 熱 気球 飛ばす 実験 黒い ビニール 袋 針金 作る 皿 入れる 脱脂綿 アルコール 浸す 火 つけ いくつ 燃える の 確認 新しい 注ぐ 缶 火種 引火 爆発 熱風 全身 火傷 負う         33
 17障10     22     14     8 36.3636                   授業 中 する いる 際 こと できる なる                                                                                                             体育 跳び箱 ３ 段 跳ぶ 練習 右手 上手い つく 手 指 甲 つく 状態                                                                    体育 跳び箱 ３ 段 跳ぶ 練習 右手 上手い つく 手 指 甲 状態         13
17障100     22     14     8 36.3636                    する いる いる とき 上 児童 する 際                                                                                                     朝 休み 友だち バラ ゲーム 逃げる 水飲み 場 飛び降りる ぶつかる 転倒 顔 部 打つ                                                         朝 休み 友だち バラ ゲーム 逃げる 水飲み 場 飛び降りる ぶつかる 転倒 顔 部 打つ         14
17障101     30     23     7 23.3333                        前 中 とき 後 児童 児童 する                                                                朝 始業 体育館 ミニ バスケットボール 練習 ２ チーム 分かれる 対面 ゴール 攻める いく 側 コート ドリブル 回り込む くる 頭 顔面 ぶつかる 右目 負傷                    朝 始業 体育館 ミニ バスケットボール 練習 ２ チーム 分かれる 対面 ゴール 攻める いく 側 コート ドリブル 回り込む くる 頭 顔面 ぶつかる 右目 負傷         23
17障102     28     21     7 25.0000                       前 中 する いる する ところ 左                                                                             始業 特定 時間 友達 追う かけっこ 教室 角 曲がる バランス 失う 滑る ガラス 戸 手 飛び込む しまう 割れる ガラス 手首 切る                                     始業 特定 時間 友達 追う かけっこ 教室 角 曲がる バランス 失う 滑る ガラス 戸 手 飛び込む しまう 割れる 手首 切る         20
17障103     22     16     6 27.2727                        授業 後 いる ところ いる ため                                                                                           終了 スクールバス 待つ 間 校庭 遊ぶ 校舎 走る 出る 急ぐ 校庭 転ぶ 額 アスファルト 道路 打ち付ける                                                  終了 スクールバス 待つ 間 校庭 遊ぶ 校舎 走る 出る 急ぐ 転ぶ 額 アスファルト 道路 打ち付ける         15
17障104     29     22     7 24.1379                         授業 後 中 時 いる 際 なる                                                                           終了 特定 時間 運動 場 ジャングルジム 上部 登 下校 身 着ける 安全 たすき 結びつける 遊ぶ 誤る たすき 首 かかる 首 吊る 状態                                     終了 特定 時間 運動 場 ジャングルジム 上部 登 下校 身 着ける 安全 たすき 結びつける 遊ぶ 誤る 首 かかる 吊る 状態         20
17障105     27     19     8 29.6296                    授業 後 中 ため いる いる する する                                                                                      終了 特定 時間 友達 一緒 帰る すべり台 遊ぶ 待つ 遊ぶ うち バランス 崩す 手 ねじれる 形 当たる 転倒 骨折                                             終了 特定 時間 友達 一緒 帰る すべり台 遊ぶ 待つ うち バランス 崩す 手 ねじれる 形 当たる 転倒 骨折         18
17障106     30     22     8 26.6667                     授業 後 中 いる 際 する ため する                                                                               終了 特定 時間 輪ゴム 左手 中指 巻く つける 遊ぶ 指 色 変わる くる 外す きつい 巻く すぎる とれる 帰宅 兄 急ぐ 外す                                         終了 特定 時間 輪ゴム 左手 中指 巻く つける 遊ぶ 指 色 変わる くる 外す きつい すぎる とれる 帰宅 兄 急ぐ         20
17障107     22     13     9 40.9091                 する いる ところ 他 児童 する 際 右 する                                                                                                          放課後 廊下 話 押す れる 転倒 前額 部 コンクリート 柱 角 ぶつける 負傷                                                              放課後 廊下 話 押す れる 転倒 前額 部 コンクリート 柱 角 ぶつける 負傷         13
17障108     32     24     8 25.0000                     授業 後 中 いる 際 自分 する する                                                                          終了 特定 時間 校庭 シーソー 遊ぶ 反対 側 座席 座る 友人 2 人 体重 押し上げる 体重 差 為 戻る シーソー 取っ手 部分 喉 強打                                      終了 特定 時間 校庭 シーソー 遊ぶ 反対 側 座席 座る 友人 2 人 体重 押し上げる 差 為 戻る 取っ手 部分 喉 強打         22
17障109     26     18     8 30.7692                    授業 後 中 する ところ 際 児童 する                                                                                      終了 特定 時間 同級生 注意 聞き入れる 同級生 帽子 取り上げる 同級生 耳 後ろ 爪 たてる 首 つかむ 首 痛める                                                    終了 特定 時間 同級生 注意 聞き入れる 帽子 取り上げる 耳 後ろ 爪 たてる 首 つかむ 痛める         15
 17障11     19     12     7 36.8421                        授業 中 する いる 際 下 する                                                                                                             体育 鉄棒 練習 手 すべる 鉄棒 落ちる 顔面 地面 打ちつける 唇 負傷                                                                    体育 鉄棒 練習 手 すべる 落ちる 顔面 地面 打ちつける 唇 負傷         11
17障110     40     32     8 20.0000                   児童 する する いる する いる 際 する                                                      寄宿舎 余暇 時間 職員 手 持つ 軽い 力 加える 離す 駆け足 せる 遊び ５ 回 目 駆け足 遊ぶ 急 体 反転 せる 勢い 足 滑る せる うつ 伏せ 倒れる 歯 床 打ちつける                    寄宿舎 余暇 時間 職員 手 持つ 軽い 力 加える 離す 駆け足 せる 遊び ５ 回 目 遊ぶ 急 体 反転 勢い 足 滑る うつ 伏せ 倒れる 歯 床 打ちつける         29
17障111     13     11     2 15.3846                                     中 とき                                                                                                                  登校 友人 一緒 走る だす 足 もつれる 転ぶ 顔面 強い 打つ                                                                      登校 友人 一緒 走る だす 足 もつれる 転ぶ 顔面 強い 打つ         11
17障112     41     33     8 19.5122                       中 いる なる 際 左 上 いる 左                                                登校 ゆるい 下り坂 道路 ポケット 手 入れる 歩く 躓く 転ぶ そう マンション 外壁 角 ( 120 度 ) 顔面 ぶつける 眼 3 ㎝ 切る かける 眼鏡 フレーム 眉 2 . 5 ㎝ 切る         登校 ゆるい 下り坂 道路 ポケット 手 入れる 歩く 躓く 転ぶ そう マンション 外壁 角 ( 120 度 ) 顔面 ぶつける 眼 3 ㎝ 切る かける 眼鏡 フレーム 眉 2 . 5         31
17障113     19     15     4 21.0526                                 中 際 右 よう                                                                                                      徒歩 登校 道路 脇 溝 落ちる 下腿 部 膝 部 付近 大きい えぐれる 切れる しまう                                                            徒歩 登校 道路 脇 溝 落ちる 下腿 部 膝 付近 大きい えぐれる 切れる しまう         14
17障114     19     12     7 36.8421                       中 する いる する 際 する する                                                                                                                徒歩 登校 舗装 れる 道 つまずく 転倒 顔面 石 強打 前歯 負傷                                                                    徒歩 登校 舗装 れる 道 つまずく 転倒 顔面 石 強打 前歯 負傷         12
17障115     30     24     6 20.0000                          中 際 児童 する する する                                                                      妹 ２ 人 自転車 登校 下り坂 スピード 上げる ハンドル 妹 自転車 ハンドル 接触 バランス 崩す 転倒 口 打つ しまう 上顎 前歯 ２ 本 脱落                                       妹 ２ 人 自転車 登校 下り坂 スピード 上げる ハンドル 接触 バランス 崩す 転倒 口 打つ しまう 上顎 前歯 本 脱落         20
17障116     27     22     5 18.5185                             中 いる 際 ため する                                                                        登校 母親 押す 車椅子 乗る 母親 ゴミ 捨てる 歩道 ブレーキ かける 止める 車椅子 離れる 隙 動き出す 車道 側 転倒 地面 頭部 ぶつける                                   登校 母親 押す 車椅子 乗る ゴミ 捨てる 歩道 ブレーキ かける 止める 離れる 隙 動き出す 車道 側 転倒 地面 頭部 ぶつける         20

【実際に除去された語：上位30語】
 順位 品詞 基本形   出現回数 出現事例数 事例出現率（％）
  1 動詞  する 15,485 6,712  87.3731
  2 動詞  いる  7,534 5,314  69.1747
  3 名詞   中  4,509 4,291  55.8578
  4 名詞   際  3,098 3,015  39.2476
  5 名詞  生徒  3,740 2,296  29.8880
  6 名詞 ところ  2,038 1,929  25.1106
  7 名詞   右  2,081 1,550  20.1770
  8 名詞   左  1,943 1,470  19.1356
  9 名詞  ため  1,449 1,266  16.4801
 10 名詞   他  1,383 1,224  15.9334
 11 名詞  とき  1,165 1,108  14.4233
 12 名詞  活動  1,134 1,104  14.3713
 13 名詞  児童  1,927 1,055  13.7334
 14 動詞  なる  1,181 1,043  13.5772
 15 名詞  授業  1,015   990  12.8873
 16 名詞   後    860   788  10.2577
 17 名詞   時    798   753   9.8021
 18 動詞 受ける    785   749   9.7501
 19 動詞  行う    732   601   7.8235
 20 名詞   前    628   588   7.6543
 21 動詞  ある    605   551   7.1726
 22 名詞   上    583   541   7.0424
 23 名詞   下    404   374   4.8685
 24 名詞  よう    399   366   4.7644
 25 名詞  こと    327   305   3.9703
 26 名詞  学校    284   278   3.6188
 27 名詞  自分    225   216   2.8118
 28 動詞 できる    181   178   2.3171
 29 名詞 その後    187   177   2.3041
 30 名詞  それ    107   106   1.3798

【除去後に残った語：上位30語】
 順位  品詞 基本形  出現回数 出現事例数 事例出現率（％）
  1  名詞   部 2,710 2,321  30.2135
  2  名詞  練習 2,372 2,068  26.9201
  3  動詞 当たる 1,787 1,708  22.2338
  4  名詞  負傷 1,636 1,632  21.2445
  5  名詞 ボール 2,127 1,623  21.1273
  6  名詞   眼 1,779 1,473  19.1747
  7  動詞  れる 1,522 1,340  17.4434
  8  名詞  転倒 1,299 1,254  16.3239
  9  名詞  顔面 1,087 1,039  13.5251
 10  名詞  試合 1,036   965  12.5618
 11  名詞  相手 1,092   908  11.8198
 12  名詞  体育   914   891  11.5985
 13  名詞   場   918   886  11.5335
 14  動詞  打つ   871   835  10.8696
 15  名詞  時間   829   822  10.7003
 16  名詞  強打   817   810  10.5441
 17  名詞  運動   844   809  10.5311
 18  動詞  残る   819   797  10.3749
 19  名詞  前歯   795   750   9.7631
 20  動詞 しまう   846   717   9.3335
 21  動詞  走る   806   704   9.1643
 22  名詞  野球   716   702   9.1382
 23  動詞  くる   729   697   9.0732
 24  名詞  友人   941   691   8.9951
 25  名詞   足   721   667   8.6826
 26  名詞   手   706   634   8.2531
 27  動詞 倒れる   651   612   7.9667
 28  名詞  教室   659   580   7.5501
 29 形容詞  強い   592   577   7.5111
 30  名詞 体育館   605   562   7.3158

【整合性確認】
除去前語数合計　　　：205,571語
除去後語数合計　　　：148,642語
除去語数合計　　　　：56,929語
前後＋除去の整合性　：205,571語
対象事例数　　　　　：7,682件
出力事例数　　　　　：7,682件

━━━━━━━━━━━━━━━━━━━━━━━━━━━━━━━━━━━━━━━━━━━━━━━━━━━━━━━━━━━━━━━━━━━━━━━━━━━━━━
Step3-5_All_ストップワード除去　正常終了
━━━━━━━━━━━━━━━━━━━━━━━━━━━━━━━━━━━━━━━━━━━━━━━━━━━━━━━━━━━━━━━━━━━━━━━━━━━━━━
登録ストップワード数：35語
除去前語数　　　　　：205,571語
除去後語数　　　　　：148,642語
除去語数　　　　　　：56,929語
全体除去率　　　　　：27.6931％
除去後語数0の事例数 ：0件
処理時間　　　　　　：8.04秒

事例別結果CSV　　　　：/workspaces/SchoolProject/SportDent/CreateData/Step3_All/Step3-5_All_ストップワード除去.csv
除去語集計CSV　　　　：/workspaces/SchoolProject/SportDent/CreateData/Step3_All/Step3-5_All_除去語集計.csv
残存語集計CSV　　　　：/workspaces/SchoolProject/SportDent/CreateData/Step3_All/Step3-5_All_残存語集計.csv
解析サマリーCSV　　　：/workspaces/SchoolProject/SportDent/CreateData/Step3_All/Step3-5_All_解析サマリー.csv

同名CSVは上書きしています。
ジャッカード係数は使用していません。
次のStep：Step3-6_All_カテゴリ分類.py
━━━━━━━━━━━━━━━━━━━━━━━━━━━━━━━━━━━━━━━━━━━━━━━━━━━━━━━━━━━━━━━━━━━━━━━━━━━━━━
正常終了: Step3-5_All_ストップワード除去.py (8.62秒)

[6/32] file/Step3_All/Step3-6_All_カテゴリ分類.py

------------------------------------------------------------------------------
実行開始: file/Step3_All/Step3-6_All_カテゴリ分類.py
Python   : /workspaces/SchoolProject/.venv/bin/python
------------------------------------------------------------------------------

==============================================================================
Step3-6_All_カテゴリ分類を開始します
解析方法      : Commonカテゴリ辞書との完全一致
ジャッカード  : 使用しない
==============================================================================

[カテゴリ集計: 上位30行]
 順位 カテゴリ サブカテゴリ   出現回数  出現事例数  事例出現率(%)  対象事例数
  1  未分類    未分類 185699   7682  100.0000   7682
  2 受傷機転     転倒   2115   1982   25.8006   7682
  3  原因物 スポーツ用具   2759   1934   25.1757   7682
  4 受傷部位      眼   2034   1664   21.6610   7682
  5 受傷部位    顎顔面   1371   1264   16.4540   7682
  6   行動     移動   1040    891   11.5985   7682
  7 受傷部位     上肢   1095    847   11.0258   7682
  8   行動     球技    877    794   10.3359   7682
  9 受傷部位     歯牙    831    777   10.1146   7682
 10 受傷機転     衝突    799    755    9.8282   7682
 11 受傷部位     下肢    721    667    8.6826   7682
 12  原因物    乗り物    856    622    8.0968   7682
 13 衝突対象      床    508    465    6.0531   7682
 14 受傷機転     転落    474    454    5.9099   7682
 15 衝突対象     地面    448    429    5.5845   7682
 16 傷害結果     骨折    412    389    5.0638   7682
 17 受傷機転     滑走    401    388    5.0508   7682
 18 受傷部位     頭部    414    373    4.8555   7682
 19 受傷機転     切創    311    303    3.9443   7682
 20 受傷機転     接触    245    239    3.1112   7682
 21   行動     乗車    209    196    2.5514   7682
 22 衝突対象     階段    273    194    2.5254   7682
 23  原因物     遊具    294    192    2.4993   7682
 24 環境要因     路面    199    178    2.3171   7682
 25 受傷機転   つまずき    171    169    2.1999   7682
 26   行動     昇降    167    148    1.9266   7682
 27 傷害結果     脱臼    131    131    1.7053   7682
 28 衝突対象      壁    131    124    1.6142   7682
 29 傷害結果     欠損    106    104    1.3538   7682
 30   行動     運動    111     94    1.2236   7682

[未分類語: 上位30語]
 順位 品詞 基本形  出現回数  出現事例数
  1 動詞  する 15485   6712
  2 動詞  いる  7534   5314
  3 名詞   中  4509   4291
  4 名詞   際  3098   3015
  5 名詞   部  2710   2321
  6 名詞  生徒  3740   2296
  7 名詞  練習  2372   2068
  8 名詞 ところ  2038   1929
  9 動詞 当たる  1787   1708
 10 名詞  負傷  1636   1632
 11 名詞   右  2081   1550
 12 名詞   左  1943   1470
 13 動詞  れる  1522   1340
 14 名詞  ため  1449   1266
 15 名詞   他  1383   1224
 16 名詞  とき  1165   1108
 17 名詞  活動  1134   1104
 18 名詞  児童  1927   1055
 19 動詞  なる  1181   1043
 20 名詞  授業  1015    990
 21 名詞  試合  1036    965
 22 名詞  相手  1092    908
 23 名詞  体育   914    891
 24 名詞   場   918    886
 25 動詞  打つ   871    835
 26 名詞  時間   829    822
 27 名詞  強打   817    810
 28 名詞  運動   844    809
 29 動詞  残る   819    797
 30 名詞   後   860    788

------------------------------------------------------------------------------
Step3-6_All_カテゴリ分類 正常終了
------------------------------------------------------------------------------
辞書登録語数         : 67語
分類対象語レコード数 : 205,571件
辞書ヒット件数       : 19,872件
未分類件数           : 185,699件
辞書ヒット率         : 9.6667%
対象事例数           : 7,682件
処理時間             : 13.58秒

カテゴリ分類CSV      : /workspaces/SchoolProject/SportDent/CreateData/Step3_All/Step3-6_All_カテゴリ分類.csv
カテゴリ集計CSV      : /workspaces/SchoolProject/SportDent/CreateData/Step3_All/Step3-6_All_カテゴリ集計.csv
事例別カテゴリCSV    : /workspaces/SchoolProject/SportDent/CreateData/Step3_All/Step3-6_All_事例別カテゴリ.csv
未分類語集計CSV      : /workspaces/SchoolProject/SportDent/CreateData/Step3_All/Step3-6_All_未分類語集計.csv
解析サマリーCSV      : /workspaces/SchoolProject/SportDent/CreateData/Step3_All/Step3-6_All_解析サマリー.csv

同名CSVは上書きしています。
ジャッカード係数は使用していません。
次のStep: Step3-7_All_特徴語抽出.py
------------------------------------------------------------------------------
正常終了: Step3-6_All_カテゴリ分類.py (14.98秒)

[7/32] file/Step3_All/Step3-7_All_特徴語抽出.py

------------------------------------------------------------------------------
実行開始: file/Step3_All/Step3-7_All_特徴語抽出.py
Python   : /workspaces/SchoolProject/.venv/bin/python
------------------------------------------------------------------------------

==============================================================================
Step3-7_All_特徴語抽出を開始します
解析方法      : TF-IDFおよびカテゴリ出現率
ジャッカード  : 使用しない
==============================================================================
入力ファイル：/workspaces/SchoolProject/SportDent/DB/shougai(2025.01.31).csv
文字コード　：utf-8-sig

[傷害種別別特徴語: 各上位10語]

--- せき柱障害 ---
 傷害種別  順位 特徴語   平均TF-IDF 出現事例数 カテゴリ事例数 カテゴリ内出現率(%)
せき柱障害   1  背中 0.06893286    45     154     29.2208
せき柱障害   2   腰 0.05520367    38     154     24.6753
せき柱障害   3 マット 0.05191382    35     154     22.7273
せき柱障害   4  体育 0.05112030    51     154     33.1169
せき柱障害   5   転 0.05078141    28     154     18.1818
せき柱障害   6  倒立 0.04884667    24     154     15.5844
せき柱障害   7 せき柱 0.04749723    27     154     17.5325
せき柱障害   8  骨折 0.04736151    42     154     27.2727
せき柱障害   9  変形 0.04605424    29     154     18.8312
せき柱障害  10  圧迫 0.03963094    25     154     16.2338

--- そしゃく機能障害 ---
    傷害種別  順位  特徴語   平均TF-IDF 出現事例数 カテゴリ事例数 カテゴリ内出現率(%)
そしゃく機能障害   1    顎 0.08479355     8      20     40.0000
そしゃく機能障害   2   負傷 0.05904850    10      20     50.0000
そしゃく機能障害   3    喉 0.04432165     3      20     15.0000
そしゃく機能障害   4   くる 0.04360812     5      20     25.0000
そしゃく機能障害   5 そしゃく 0.04129962     2      20     10.0000
そしゃく機能障害   6    部 0.04110061     8      20     40.0000
そしゃく機能障害   7   障害 0.03789732     4      20     20.0000
そしゃく機能障害   8    主 0.03513150     2      20     10.0000
そしゃく機能障害   9   機能 0.03325693     3      20     15.0000
そしゃく機能障害  10    6 0.03102539     2      20     10.0000

--- 上肢切断・機能障害 ---
     傷害種別  順位 特徴語   平均TF-IDF 出現事例数 カテゴリ事例数 カテゴリ内出現率(%)
上肢切断・機能障害   1   肘 0.08146154    78     217     35.9447
上肢切断・機能障害   2  転倒 0.05303975    76     217     35.0230
上肢切断・機能障害   3  左腕 0.04389196    35     217     16.1290
上肢切断・機能障害   4  骨折 0.04270588    51     217     23.5023
上肢切断・機能障害   5  つく 0.04248445    42     217     19.3548
上肢切断・機能障害   6  関節 0.03794198    37     217     17.0507
上肢切断・機能障害   7  低下 0.03466626    31     217     14.2857
上肢切断・機能障害   8  地面 0.03411768    40     217     18.4332
上肢切断・機能障害   9  負傷 0.03311411    56     217     25.8065
上肢切断・機能障害  10  機能 0.03176772    34     217     15.6682

--- 下肢切断・機能障害 ---
     傷害種別  順位 特徴語   平均TF-IDF 出現事例数 カテゴリ事例数 カテゴリ内出現率(%)
下肢切断・機能障害   1  右足 0.05678684    39     158     24.6835
下肢切断・機能障害   2  大腿 0.04460898    34     158     21.5190
下肢切断・機能障害   3  左足 0.04354881    30     158     18.9873
下肢切断・機能障害   4   足 0.04314784    39     158     24.6835
下肢切断・機能障害   5   膝 0.03835787    32     158     20.2532
下肢切断・機能障害   6  転倒 0.03683745    40     158     25.3165
下肢切断・機能障害   7  負傷 0.03641111    46     158     29.1139
下肢切断・機能障害   8   部 0.03127013    52     158     32.9114
下肢切断・機能障害   9  関節 0.03086756    24     158     15.1899
下肢切断・機能障害  10  短縮 0.02887989    16     158     10.1266

--- 外貌・露出部分の醜状障害 ---
        傷害種別  順位 特徴語   平均TF-IDF 出現事例数 カテゴリ事例数 カテゴリ内出現率(%)
外貌・露出部分の醜状障害   1  転倒 0.03319066   424   1,841     23.0310
外貌・露出部分の醜状障害   2  負傷 0.02995749   429   1,841     23.3026
外貌・露出部分の醜状障害   3   部 0.02703081   485   1,841     26.3444
外貌・露出部分の醜状障害   4  走る 0.02602941   284   1,841     15.4264
外貌・露出部分の醜状障害   5   額 0.02588495   219   1,841     11.8957
外貌・露出部分の醜状障害   6   頬 0.02551089   210   1,841     11.4068
外貌・露出部分の醜状障害   7  残る 0.02491476   318   1,841     17.2732
外貌・露出部分の醜状障害   8  瘢痕 0.02473332   242   1,841     13.1450
外貌・露出部分の醜状障害   9  時間 0.02441444   296   1,841     16.0782
外貌・露出部分の醜状障害  10  切る 0.02429404   222   1,841     12.0587

--- 手指切断・機能障害 ---
     傷害種別  順位 特徴語   平均TF-IDF 出現事例数 カテゴリ事例数 カテゴリ内出現率(%)
手指切断・機能障害   1  右手 0.07886524   199     503     39.5626
手指切断・機能障害   2   指 0.07860423   198     503     39.3638
手指切断・機能障害   3  小指 0.05853801   109     503     21.6700
手指切断・機能障害   4  左手 0.05717204   143     503     28.4294
手指切断・機能障害   5  挟む 0.04348153   108     503     21.4712
手指切断・機能障害   6 ボール 0.03900794   121     503     24.0557
手指切断・機能障害   7  切断 0.03735005    90     503     17.8926
手指切断・機能障害   8  負傷 0.03664027   147     503     29.2247
手指切断・機能障害   9  中指 0.03201469    68     503     13.5189
手指切断・機能障害  10  薬指 0.02882664    53     503     10.5368

--- 歯牙障害 ---
傷害種別  順位 特徴語   平均TF-IDF 出現事例数 カテゴリ事例数 カテゴリ内出現率(%)
歯牙障害   1  前歯 0.08344262   721   1,583     45.5464
歯牙障害   2   歯 0.05775166   444   1,583     28.0480
歯牙障害   3  顔面 0.05076887   489   1,583     30.8907
歯牙障害   4   口 0.04829935   359   1,583     22.6785
歯牙障害   5  練習 0.03953872   462   1,583     29.1851
歯牙障害   6 当たる 0.03941780   410   1,583     25.9002
歯牙障害   7 ボール 0.03936545   402   1,583     25.3948
歯牙障害   8  転倒 0.03859629   398   1,583     25.1421
歯牙障害   9   部 0.03812192   485   1,583     30.6380
歯牙障害  10  負傷 0.03425151   373   1,583     23.5629

--- 精神・神経障害 ---
   傷害種別  順位 特徴語   平均TF-IDF 出現事例数 カテゴリ事例数 カテゴリ内出現率(%)
精神・神経障害   1  障害 0.03594437   168     878     19.1344
精神・神経障害   2  練習 0.03104118   264     878     30.0683
精神・神経障害   3  頭部 0.03102899   150     878     17.0843
精神・神経障害   4   部 0.02937147   270     878     30.7517
精神・神経障害   5  れる 0.02782022   229     878     26.0820
精神・神経障害   6  残る 0.02750164   184     878     20.9567
精神・神経障害   7   頭 0.02433113   122     878     13.8952
精神・神経障害   8 倒れる 0.02356510   148     878     16.8565
精神・神経障害   9  体育 0.01935895   127     878     14.4647
精神・神経障害  10   首 0.01914683    78     878      8.8838

--- 聴力障害 ---
傷害種別  順位 特徴語   平均TF-IDF 出現事例数 カテゴリ事例数 カテゴリ内出現率(%)
聴力障害   1   耳 0.18121035    84     121     69.4215
聴力障害   2  頭部 0.04795030    30     121     24.7934
聴力障害   3 耳鳴り 0.04690648    17     121     14.0496
聴力障害   4 当たる 0.03912031    34     121     28.0992
聴力障害   5 ボール 0.03832951    32     121     26.4463
聴力障害   6  聴力 0.03694417    16     121     13.2231
聴力障害   7   音 0.03184648    15     121     12.3967
聴力障害   8  練習 0.03134255    33     121     27.2727
聴力障害   9   部 0.03033264    34     121     28.0992
聴力障害  10   頭 0.02379359    17     121     14.0496

--- 胸腹部臓器障害 ---
   傷害種別  順位 特徴語   平均TF-IDF 出現事例数 カテゴリ事例数 カテゴリ内出現率(%)
胸腹部臓器障害   1  股間 0.07099188    95     411     23.1144
胸腹部臓器障害   2  試合 0.04242815   107     411     26.0341
胸腹部臓器障害   3  腹部 0.04102009    66     411     16.0584
胸腹部臓器障害   4  病院 0.03938718   109     411     26.5207
胸腹部臓器障害   5 倒れる 0.03928460   126     411     30.6569
胸腹部臓器障害   6 AED 0.03648076    89     411     21.6545
胸腹部臓器障害   7  手術 0.03603951   100     411     24.3309
胸腹部臓器障害   8  心肺 0.03516163    81     411     19.7080
胸腹部臓器障害   9  相手 0.03514232    83     411     20.1946
胸腹部臓器障害  10  睾丸 0.03439058    45     411     10.9489

--- 視力・眼球運動障害 ---
     傷害種別  順位 特徴語   平均TF-IDF 出現事例数 カテゴリ事例数 カテゴリ内出現率(%)
視力・眼球運動障害   1   眼 0.12046479 1,357   1,768     76.7534
視力・眼球運動障害   2 当たる 0.07045351   825   1,768     46.6629
視力・眼球運動障害   3 ボール 0.06602784   723   1,768     40.8937
視力・眼球運動障害   4  練習 0.05557131   698   1,768     39.4796
視力・眼球運動障害   5   部 0.04708287   647   1,768     36.5950
視力・眼球運動障害   6  野球 0.03837986   332   1,768     18.7783
視力・眼球運動障害   7  直撃 0.03583727   293   1,768     16.5724
視力・眼球運動障害   8  打球 0.03549376   226   1,768     12.7828
視力・眼球運動障害   9  試合 0.03436516   301   1,768     17.0249
視力・眼球運動障害  10  打つ 0.03396228   307   1,768     17.3643

--- 足指切断・機能障害 ---
     傷害種別  順位 特徴語   平均TF-IDF 出現事例数 カテゴリ事例数 カテゴリ内出現率(%)
足指切断・機能障害   1  右足 0.08852965    11      28     39.2857
足指切断・機能障害   2  親指 0.05779245     6      28     21.4286
足指切断・機能障害   3  左足 0.05489294     8      28     28.5714
足指切断・機能障害   4   趾 0.05386446     5      28     17.8571
足指切断・機能障害   5  練習 0.04042867    10      28     35.7143
足指切断・機能障害   6   指 0.03908793     6      28     21.4286
足指切断・機能障害   7   足 0.03774152     8      28     28.5714
足指切断・機能障害   8 体育館 0.03544521     5      28     17.8571
足指切断・機能障害   9 痛める 0.03473784     4      28     14.2857
足指切断・機能障害  10  体育 0.03366679     5      28     17.8571

[全体特徴語: 上位30語]
 順位  特徴語   平均TF-IDF 出現事例数 対象事例数 事例出現率(%)
  1    部 0.03439505 2,321 7,682  30.2135
  2   練習 0.03419314 2,068 7,682  26.9201
  3  ボール 0.03249916 1,623 7,682  21.1273
  4  当たる 0.03248976 1,708 7,682  22.2338
  5    眼 0.02959892 1,473 7,682  19.1747
  6   負傷 0.02909624 1,632 7,682  21.2445
  7   転倒 0.02351608 1,254 7,682  16.3239
  8   試合 0.02264627   965 7,682  12.5618
  9   顔面 0.02152924 1,039 7,682  13.5251
 10   相手 0.02146450   908 7,682  11.8198
 11   れる 0.02096330 1,340 7,682  17.4434
 12   打つ 0.01896735   835 7,682  10.8696
 13   体育 0.01829095   891 7,682  11.5985
 14   野球 0.01793470   702 7,682   9.1382
 15   前歯 0.01780919   750 7,682   9.7631
 16   強打 0.01728383   810 7,682  10.5441
 17    場 0.01720076   886 7,682  11.5335
 18   運動 0.01624370   809 7,682  10.5311
 19   時間 0.01606944   822 7,682  10.7003
 20   友人 0.01542467   691 7,682   8.9951
 21   くる 0.01503080   697 7,682   9.0732
 22   走る 0.01491012   704 7,682   9.1643
 23  しまう 0.01489931   717 7,682   9.3335
 24   残る 0.01470692   797 7,682  10.3749
 25    足 0.01428346   667 7,682   8.6826
 26 ぶつかる 0.01369785   534 7,682   6.9513
 27   強い 0.01358631   577 7,682   7.5111
 28 サッカー 0.01357142   463 7,682   6.0271
 29   直撃 0.01348647   488 7,682   6.3525
 30    歯 0.01328934   498 7,682   6.4827

------------------------------------------------------------------------------
Step3-7_All_特徴語抽出 正常終了
------------------------------------------------------------------------------
対象事例数               : 7,682件
傷害種別数               : 12種類
TF-IDF対象語数           : 4,480語
傷害種別別特徴語行数     : 1,200行
全体特徴語行数           : 300行
傷害種別別特徴カテゴリ数 : 357行
事例別特徴データ件数     : 7,682件
処理時間                 : 0.63秒

傷害種別別特徴語CSV       : /workspaces/SchoolProject/SportDent/CreateData/Step3_All/Step3-7_All_傷害種別別特徴語.csv
全体特徴語CSV             : /workspaces/SchoolProject/SportDent/CreateData/Step3_All/Step3-7_All_全体特徴語.csv
傷害種別別特徴カテゴリCSV : /workspaces/SchoolProject/SportDent/CreateData/Step3_All/Step3-7_All_傷害種別別特徴カテゴリ.csv
事例別特徴データCSV       : /workspaces/SchoolProject/SportDent/CreateData/Step3_All/Step3-7_All_事例別特徴データ.csv
解析サマリーCSV           : /workspaces/SchoolProject/SportDent/CreateData/Step3_All/Step3-7_All_解析サマリー.csv

同名CSVは上書きしています。
ジャッカード係数は使用していません。
次のStep: Step3-1_歯牙障害_形態素解析.py
------------------------------------------------------------------------------
正常終了: Step3-7_All_特徴語抽出.py (3.59秒)

[8/32] file/Step3_歯牙障害/Step3-1_歯牙障害_形態素解析.py

------------------------------------------------------------------------------
実行開始: file/Step3_歯牙障害/Step3-1_歯牙障害_形態素解析.py
Python   : /workspaces/SchoolProject/.venv/bin/python
------------------------------------------------------------------------------

==============================================================================
Step3-1_歯牙障害_形態素解析を開始します
解析対象      : 歯牙障害
解析方法      : Janomeによる形態素解析
ジャッカード  : 使用しない
==============================================================================
入力ファイル：/workspaces/SchoolProject/SportDent/CreateData/Step2_傷害カテゴリ別解析/カテゴリ別抽出データ/Step2-1_傷害カテゴリ別解析_歯牙障害抽出.csv
文字コード　：utf-8-sig

[形態素解析結果: 先頭20行]
 元データ行番号   記号   種別  形態素番号 表層形 基本形  品詞 品詞細分類1 品詞細分類2 品詞細分類3      活用型   活用形    読み    発音
       2 17障6 歯牙障害      1  理科  理科  名詞     一般      *      *                   リカ    リカ
       2 17障6 歯牙障害      2   の   の  助詞    連体化      *      *                    ノ     ノ
       2 17障6 歯牙障害      3  授業  授業  名詞   サ変接続      *      *                ジュギョウ ジュギョー
       2 17障6 歯牙障害      4   中   中  名詞     接尾   副詞可能      *                  チュウ   チュー
       2 17障6 歯牙障害      5   、   、  記号     読点      *      *                    、     、
       2 17障6 歯牙障害      6   虫   虫  名詞     一般      *      *                   ムシ    ムシ
       2 17障6 歯牙障害      7  探し  探す  動詞     自立      *      *    五段・サ行   連用形   サガシ   サガシ
       2 17障6 歯牙障害      8   に   に  助詞    格助詞     一般      *                    ニ     ニ
       2 17障6 歯牙障害      9 向かお 向かう  動詞     自立      *      * 五段・ワ行促音便 未然ウ接続   ムカオ   ムカオ
       2 17障6 歯牙障害     10   う   う 助動詞      *      *      *     不変化型   基本形     ウ     ウ
       2 17障6 歯牙障害     11   と   と  助詞    格助詞     一般      *                    ト     ト
       2 17障6 歯牙障害     12  走っ  走る  動詞     自立      *      *    五段・ラ行 連用タ接続   ハシッ   ハシッ
       2 17障6 歯牙障害     13   て   て  助詞   接続助詞      *      *                    テ     テ
       2 17障6 歯牙障害     14   、   、  記号     読点      *      *                    、     、
       2 17障6 歯牙障害     15  地面  地面  名詞     一般      *      *                  ジメン   ジメン
       2 17障6 歯牙障害     16   の   の  助詞    連体化      *      *                    ノ     ノ
       2 17障6 歯牙障害     17 くぼみ くぼむ  動詞     自立      *      *    五段・マ行   連用形   クボミ   クボミ
       2 17障6 歯牙障害     18   に   に  助詞    格助詞     一般      *                    ニ     ニ
       2 17障6 歯牙障害     19   足   足  名詞     一般      *      *                   アシ    アシ
       2 17障6 歯牙障害     20   を   を  助詞    格助詞     一般      *                    ヲ     ヲ

[品詞速報]
名詞    :     25,449件
動詞    :     11,599件
形容詞   :        262件
助詞    :     18,739件
助動詞   :      5,237件
副詞    :        209件
連体詞   :        336件
接続詞   :         62件
記号    :      7,619件

[解析異常候補]
   異常区分  件数
形態素数が多い   2
  文章が長い   1

------------------------------------------------------------------------------
Step3-1_歯牙障害_形態素解析 正常終了
------------------------------------------------------------------------------
入力件数              : 1,583件
解析成功件数          : 1,583件
解析失敗件数          : 0件
総形態素数            : 70,325件
平均形態素数          : 44.43件/事例
最小形態素数          : 7件
最大形態素数          : 164件
異常候補レコード数    : 3件
処理時間              : 5.27秒

形態素解析CSV         : /workspaces/SchoolProject/SportDent/CreateData/Step3_歯牙障害/Step3-1_歯牙障害_形態素解析.csv
解析サマリーCSV       : /workspaces/SchoolProject/SportDent/CreateData/Step3_歯牙障害/Step3-1_歯牙障害_解析サマリー.csv
解析異常一覧CSV       : /workspaces/SchoolProject/SportDent/CreateData/Step3_歯牙障害/Step3-1_歯牙障害_解析異常一覧.csv
事例別解析文章CSV     : /workspaces/SchoolProject/SportDent/CreateData/Step3_歯牙障害/Step3-1_歯牙障害_事例別解析文章.csv

同名CSVは上書きしています。
ジャッカード係数は使用していません。
次のStep: Step3-2_歯牙障害_品詞集計.py
------------------------------------------------------------------------------
正常終了: Step3-1_歯牙障害_形態素解析.py (6.37秒)

[9/32] file/Step3_歯牙障害/Step3-2_歯牙障害_品詞集計.py

------------------------------------------------------------------------------
実行開始: file/Step3_歯牙障害/Step3-2_歯牙障害_品詞集計.py
Python   : /workspaces/SchoolProject/.venv/bin/python
------------------------------------------------------------------------------

==============================================================================
Step3-2_歯牙障害_品詞集計を開始します
解析対象      : 歯牙障害の全形態素
解析方法      : 記述統計
ジャッカード  : 使用しない
==============================================================================

[主要品詞集計]
 順位   品詞     件数   割合(%)  全形態素数
  1   名詞 25,449 36.1877 70,325
  2   助詞 18,739 26.6463 70,325
  3   動詞 11,599 16.4934 70,325
  4   記号  7,619 10.8340 70,325
  5  助動詞  5,237  7.4469 70,325
  6  接頭詞    806  1.1461 70,325
  7  連体詞    336  0.4778 70,325
  8  形容詞    262  0.3726 70,325
  9   副詞    209  0.2972 70,325
 10  接続詞     62  0.0882 70,325
 11  その他      3  0.0043 70,325
 12  感動詞      3  0.0043 70,325
 13 フィラー      1  0.0014 70,325

[品詞・細分類集計: 上位30行]
 全体順位  品詞 品詞細分類1  品詞内順位     件数 品詞内割合(%) 全体割合(%) 品詞合計件数  全形態素数
    1  名詞     一般      1 14,142  55.5700 20.1095 25,449 70,325
    2  助詞    格助詞      1 11,722  62.5540 16.6683 18,739 70,325
    3  動詞     自立      1  9,414  81.1622 13.3864 11,599 70,325
    4  名詞   サ変接続      2  5,271  20.7120  7.4952 25,449 70,325
    5 助動詞    未設定      1  5,237 100.0000  7.4469  5,237 70,325
    6  記号     読点      1  4,873  63.9585  6.9293  7,619 70,325
    7  助詞    連体化      2  3,283  17.5196  4.6683 18,739 70,325
    8  助詞   接続助詞      3  3,044  16.2442  4.3285 18,739 70,325
    9  名詞     接尾      3  2,724  10.7038  3.8734 25,449 70,325
   10  記号     句点      2  2,455  32.2221  3.4909  7,619 70,325
   11  名詞    非自立      4  2,036   8.0003  2.8951 25,449 70,325
   12  動詞    非自立      2  1,894  16.3290  2.6932 11,599 70,325
   13 接頭詞   名詞接続      1    739  91.6873  1.0508    806 70,325
   14  名詞      数      5    584   2.2948  0.8304 25,449 70,325
   15  名詞   副詞可能      6    522   2.0512  0.7423 25,449 70,325
   16 連体詞    未設定      1    336 100.0000  0.4778    336 70,325
   17  動詞     接尾      3    291   2.5088  0.4138 11,599 70,325
   18  助詞   並立助詞      4    279   1.4889  0.3967 18,739 70,325
   19 形容詞     自立      1    254  96.9466  0.3612    262 70,325
   20  助詞    係助詞      5    231   1.2327  0.3285 18,739 70,325
   21  副詞     一般      1    149  71.2919  0.2119    209 70,325
   22  記号    括弧閉      3    119   1.5619  0.1692  7,619 70,325
   23  記号    括弧開      4    118   1.5488  0.1678  7,619 70,325
   24  名詞 形容動詞語幹      7     84   0.3301  0.1194 25,449 70,325
   25  助詞    副詞化      6     64   0.3415  0.0910 18,739 70,325
   26 接頭詞    数接続      2     64   7.9404  0.0910    806 70,325
   27 接続詞    未設定      1     62 100.0000  0.0882     62 70,325
   28  副詞  助詞類接続      2     60  28.7081  0.0853    209 70,325
   29  助詞    副助詞      7     58   0.3095  0.0825 18,739 70,325
   30  助詞    終助詞      8     47   0.2508  0.0668 18,739 70,325

[整合性確認]
入力形態素数      : 70,325件
主要品詞件数合計  : 70,325件
詳細集計件数合計  : 70,325件
主要品詞割合合計  : 100.0002%
詳細割合合計      : 99.9998%

------------------------------------------------------------------------------
Step3-2_歯牙障害_品詞集計 正常終了
------------------------------------------------------------------------------
入力形態素数      : 70,325件
対象事例数        : 1,583件
品詞大分類数      : 13種類
品詞・細分類組合せ: 43種類
処理時間          : 0.26秒

品詞詳細集計CSV   : /workspaces/SchoolProject/SportDent/CreateData/Step3_歯牙障害/Step3-2_歯牙障害_品詞集計.csv
主要品詞集計CSV   : /workspaces/SchoolProject/SportDent/CreateData/Step3_歯牙障害/Step3-2_歯牙障害_主要品詞集計.csv
解析サマリーCSV   : /workspaces/SchoolProject/SportDent/CreateData/Step3_歯牙障害/Step3-2_歯牙障害_解析サマリー.csv

同名CSVは上書きしています。
ジャッカード係数は使用していません。
次のStep: Step3-3_歯牙障害_頻出語集計.py
------------------------------------------------------------------------------
正常終了: Step3-2_歯牙障害_品詞集計.py (0.78秒)

[10/32] file/Step3_歯牙障害/Step3-3_歯牙障害_頻出語集計.py

------------------------------------------------------------------------------
実行開始: file/Step3_歯牙障害/Step3-3_歯牙障害_頻出語集計.py
Python   : /workspaces/SchoolProject/.venv/bin/python
------------------------------------------------------------------------------
==============================================================================
Step3-3_歯牙障害_頻出語集計
ジャッカード係数: 使用しない
==============================================================================

[名詞: 上位20語]
 全体順位 品詞  品詞別順位 基本形  出現回数  出現事例数  事例出現率(%)  1事例当たり平均出現回数  対象事例数
    3 名詞      1   中   941    902   56.9804        1.0432   1583
    4 名詞      2  前歯   764    721   45.5464        1.0596   1583
    5 名詞      3   際   637    620   39.1661        1.0274   1583
    6 名詞      4  生徒   813    505   31.9015        1.6099   1583
    7 名詞      5  顔面   501    489   30.8907        1.0245   1583
    8 名詞      6   部   551    485   30.6380        1.1361   1583
    9 名詞      7  練習   507    462   29.1851        1.0974   1583
   10 名詞      8   歯   489    444   28.0480        1.1014   1583
   12 名詞      9 ボール   506    402   25.3948        1.2587   1583
   13 名詞     10  転倒   409    398   25.1421        1.0276   1583
   14 名詞     11  負傷   375    373   23.5629        1.0054   1583
   15 名詞     12   口   366    359   22.6785        1.0195   1583
   16 名詞     13 ところ   373    357   22.5521        1.0448   1583
   17 名詞     14  強打   303    302   19.0777        1.0033   1583
   18 名詞     15  ため   289    259   16.3613        1.1158   1583
   19 名詞     16  活動   261    253   15.9823        1.0316   1583
   20 名詞     17  試合   245    237   14.9716        1.0338   1583
   21 名詞     18  とき   240    230   14.5294        1.0435   1583
   22 名詞     19 自転車   293    216   13.6450        1.3565   1583
   23 名詞     20   本   255    215   13.5818        1.1860   1583

[動詞: 上位20語]
 全体順位 品詞  品詞別順位  基本形  出現回数  出現事例数  事例出現率(%)  1事例当たり平均出現回数  対象事例数
    1 動詞      1   する  3278   1428   90.2085        2.2955   1583
    2 動詞      2   いる  1437   1049   66.2666        1.3699   1583
   11 動詞      3  当たる   427    410   25.9002        1.0415   1583
   26 動詞      4   打つ   207    202   12.7606        1.0248   1583
   27 動詞      5  加える   198    197   12.4447        1.0051   1583
   34 動詞      6   れる   203    180   11.3708        1.1278   1583
   35 動詞      7   破る   176    175   11.0550        1.0057   1583
   39 動詞      8  しまう   192    159   10.0442        1.2075   1583
   41 動詞      9  折れる   154    152    9.6020        1.0132   1583
   42 動詞     10   くる   155    149    9.4125        1.0403   1583
   43 動詞     11   なる   160    146    9.2230        1.0959   1583
   50 動詞     12 ぶつかる   129    125    7.8964        1.0320   1583
   51 動詞     12 ぶつける   127    125    7.8964        1.0160   1583
   56 動詞     14   崩す   120    120    7.5805        1.0000   1583
   57 動詞     15   走る   125    115    7.2647        1.0870   1583
   60 動詞     16   滑る   118    112    7.0752        1.0536   1583
   62 動詞     17  受ける   109    107    6.7593        1.0187   1583
   71 動詞     18   行う    94     87    5.4959        1.0805   1583
   72 動詞     18  倒れる    92     87    5.4959        1.0575   1583
   77 動詞     20   ある    85     81    5.1169        1.0494   1583

[形容詞: 上位20語]
 全体順位  品詞  品詞別順位 基本形  出現回数  出現事例数  事例出現率(%)  1事例当たり平均出現回数  対象事例数
   48 形容詞      1  強い   134    131    8.2754        1.0229   1583
  319 形容詞      2 激しい    16     15    0.9476        1.0667   1583
  331 形容詞      2  高い    15     15    0.9476        1.0000   1583
  432 形容詞      4  悪い    10     10    0.6317        1.0000   1583
  455 形容詞      5  低い     9      9    0.5685        1.0000   1583
  495 形容詞      6 うまい     8      8    0.5054        1.0000   1583
  498 形容詞      6  ない     8      8    0.5054        1.0000   1583
  550 形容詞      8 大きい     7      7    0.4422        1.0000   1583
  736 形容詞      9  長い     5      5    0.3159        1.0000   1583
  865 形容詞     10  軽い     4      4    0.2527        1.0000   1583
  999 形容詞     11  広い     3      3    0.1895        1.0000   1583
 1155 形容詞     12 にくい     2      2    0.1263        1.0000   1583
 1159 形容詞     12 ひどい     2      2    0.1263        1.0000   1583
 1165 形容詞     12 やすい     2      2    0.1263        1.0000   1583
 1166 形容詞     12  よい     2      2    0.1263        1.0000   1583
 1258 形容詞     12 危ない     2      2    0.1263        1.0000   1583
 1287 形容詞     12  多い     2      2    0.1263        1.0000   1583
 1349 形容詞     12  暑い     2      2    0.1263        1.0000   1583
 1350 形容詞     12  暗い     2      2    0.1263        1.0000   1583
 1371 形容詞     12  深い     2      2    0.1263        1.0000   1583

正常終了
出力: /workspaces/SchoolProject/SportDent/CreateData/Step3_歯牙障害/Step3-3_歯牙障害_頻出語集計.csv
次: Step3-4_歯牙障害_共起語解析.py
正常終了: Step3-3_歯牙障害_頻出語集計.py (0.80秒)

[11/32] file/Step3_歯牙障害/Step3-4_歯牙障害_共起語解析.py

------------------------------------------------------------------------------
実行開始: file/Step3_歯牙障害/Step3-4_歯牙障害_共起語解析.py
Python   : /workspaces/SchoolProject/.venv/bin/python
------------------------------------------------------------------------------
==============================================================================
Step3-4_歯牙障害_共起語解析
ジャッカード係数: 使用しない
==============================================================================
 全体順位 語1 語1品詞  語2 語2品詞  共起事例数  共起事例率(%)  語1出現事例数  語2出現事例数  対象事例数
    1 いる   動詞  する   動詞    969   61.2129     1049     1428   1583
    2 する   動詞   中   名詞    818   51.6740     1428      902   1583
    3 する   動詞  前歯   名詞    651   41.1244     1428      721   1583
    4 する   動詞   際   名詞    582   36.7656     1428      620   1583
    5 いる   動詞   中   名詞    527   33.2912     1049      902   1583
    6 いる   動詞  前歯   名詞    483   30.5117     1049      721   1583
    7 する   動詞  顔面   名詞    453   28.6166     1428      489   1583
    8 する   動詞   部   名詞    451   28.4902     1428      485   1583
    9 する   動詞  生徒   名詞    450   28.4270     1428      505   1583
   10 いる   動詞   際   名詞    432   27.2900     1049      620   1583
   11  中   名詞  前歯   名詞    425   26.8478      902      721   1583
   12 する   動詞  練習   名詞    415   26.2160     1428      462   1583
   13 する   動詞   歯   名詞    402   25.3948     1428      444   1583
   14 する   動詞  転倒   名詞    396   25.0158     1428      398   1583
   15 いる   動詞  生徒   名詞    375   23.6892     1049      505   1583
   16 する   動詞  負傷   名詞    373   23.5629     1428      373   1583
   17  中   名詞   際   名詞    367   23.1838      902      620   1583
   18  中   名詞   部   名詞    364   22.9943      902      485   1583
   19 する   動詞 ボール   名詞    362   22.8680     1428      402   1583
   20 する   動詞 当たる   動詞    342   21.6045     1428      410   1583
   21 する   動詞 ところ   名詞    331   20.9097     1428      357   1583
   22  中   名詞  練習   名詞    324   20.4675      902      462   1583
   23 いる   動詞   部   名詞    318   20.0884     1049      485   1583
   24 する   動詞   口   名詞    318   20.0884     1428      359   1583
   25 前歯   名詞   際   名詞    310   19.5831      721      620   1583
   26 いる   動詞  練習   名詞    309   19.5199     1049      462   1583
   27 いる   動詞 ところ   名詞    304   19.2040     1049      357   1583
   28 いる   動詞  顔面   名詞    303   19.1409     1049      489   1583
   29 する   動詞  強打   名詞    302   19.0777     1428      302   1583
   30 いる   動詞   歯   名詞    289   18.2565     1049      444   1583

正常終了
次: Step3-5_歯牙障害_ストップワード除去.py
正常終了: Step3-4_歯牙障害_共起語解析.py (3.49秒)

[12/32] file/Step3_歯牙障害/Step3-5_歯牙障害_ストップワード除去.py

------------------------------------------------------------------------------
実行開始: file/Step3_歯牙障害/Step3-5_歯牙障害_ストップワード除去.py
Python   : /workspaces/SchoolProject/.venv/bin/python
------------------------------------------------------------------------------
==============================================================================
Step3-5_歯牙障害_ストップワード除去
==============================================================================
    記号  除去前語数  除去後語数  除去語数  除去率(%)                                除去語列                                                                                         解析用語列                                                                              解析用語集合  解析用語異なり語数
17障110     40     32     8 20.0000              児童 する する いる する いる 際 する 寄宿舎 余暇 時間 職員 手 持つ 軽い 力 加える 離す 駆け足 せる 遊び ５ 回 目 駆け足 遊ぶ 急 体 反転 せる 勢い 足 滑る せる うつ 伏せ 倒れる 歯 床 打ちつける 寄宿舎 余暇 時間 職員 手 持つ 軽い 力 加える 離す 駆け足 せる 遊び ５ 回 目 遊ぶ 急 体 反転 勢い 足 滑る うつ 伏せ 倒れる 歯 床 打ちつける         29
17障114     19     12     7 36.8421                  中 する いる する 際 する する                                                           徒歩 登校 舗装 れる 道 つまずく 転倒 顔面 石 強打 前歯 負傷                                                 徒歩 登校 舗装 れる 道 つまずく 転倒 顔面 石 強打 前歯 負傷         12
17障115     30     24     6 20.0000                     中 際 児童 する する する                 妹 ２ 人 自転車 登校 下り坂 スピード 上げる ハンドル 妹 自転車 ハンドル 接触 バランス 崩す 転倒 口 打つ しまう 上顎 前歯 ２ 本 脱落                    妹 ２ 人 自転車 登校 下り坂 スピード 上げる ハンドル 接触 バランス 崩す 転倒 口 打つ しまう 上顎 前歯 本 脱落         20
17障121     18     13     5 27.7778                       中 いる いる する とき                                                  下校 急ぎ足 道路 左端 歩く ガードレール 切れる 側溝 誤る 転落 前歯 何 当たる                                        下校 急ぎ足 道路 左端 歩く ガードレール 切れる 側溝 誤る 転落 前歯 何 当たる         13
17障122     29     17    12 41.3793 中 いる ところ する 児童 際 する する いる ため こと できる                                          下校 通学 路 走る 上級生 走る 追い抜く ぶつかる 転倒 顔面 地面 強打 手 荷物 持つ 手 着く                                     下校 通学 路 走る 上級生 追い抜く ぶつかる 転倒 顔面 地面 強打 手 荷物 持つ 着く         15
17障129     21     16     5 23.8095                        授業 中 際 する する                                              体育 マット 運動 首 跳ね 起きる 技 練習 勢い つく マット 外れる 床 顔面 転倒 負傷                                        体育 マット 運動 首 跳ね 起きる 技 練習 勢い つく 外れる 床 顔面 転倒 負傷         15
 17障13     24     16     8 33.3333                授業 中 する いる する 際 右 する                                               体育 とぶ 転 ( マット 運動 練習 助走 つける 転 終わる 膝 口 ぶつける 前歯 負傷                                       体育 とぶ 転 ( マット 運動 練習 助走 つける 終わる 膝 口 ぶつける 前歯 負傷         15
17障135     14      8     6 42.8571                      授業 中 する いる 際 後                                                               体育 ソフトボール バッター 打つ 投げる バット 口 当たる                                                     体育 ソフトボール バッター 打つ 投げる バット 口 当たる          8
17障136     24     17     7 29.1667                 授業 中 生徒 いる ところ 後 生徒                                体育 ソフトボール 試合 バッター 後ろ 打順 待つ バッター ボール 打つ 誤る バット 放す しまう バット 口 当たる                               体育 ソフトボール 試合 バッター 後ろ 打順 待つ ボール 打つ 誤る バット 放す しまう 口 当たる         15
17障138     15      9     6 40.0000                     授業 中 際 生徒 する する                                                          体育 ウォーミングアップ ランニング 足 からまる 転倒 口 打つ 負傷                                                体育 ウォーミングアップ ランニング 足 からまる 転倒 口 打つ 負傷          9
17障141     32     25     7 21.8750                   時 中 する いる なる 際 する                    中学 体育 会 向ける 百足 競争 練習 本 生 先頭 たつ 練習 何 人 足 合う ロープ 引っ張る れる 顔面 地面 打ちつける 口 付近 強打             中学 体育 会 向ける 百足 競争 練習 本 生 先頭 たつ 何 人 足 合う ロープ 引っ張る れる 顔面 地面 打ちつける 口 付近 強打         24
17障146     38     28    10 26.3158       中 生徒 する ところ 生徒 ため 生徒 ため する する            掃除 清掃 グループ 肩 手 かける 声 かける 相手 手 振り払う 相手 肘 顎 当たる 最初 痛み 引く 医療 機関 受診 後日 歯根 歯 折 脱臼 発見 れる           掃除 清掃 グループ 肩 手 かける 声 相手 振り払う 肘 顎 当たる 最初 痛み 引く 医療 機関 受診 後日 歯根 歯 折 脱臼 発見 れる         25
17障151     27     20     7 25.9259                  活動 する する いる 際 時 生徒                                  学級 使用 机 椅子 移動 せる 途中 机 椅子 のせる 階段 降りる 机 脚 階段 ぶつかる 椅子 滑る 顔面 当たる                                     学級 使用 机 椅子 移動 せる 途中 のせる 階段 降りる 脚 ぶつかる 滑る 顔面 当たる         15
17障159     15     12     3 20.0000                             中 する する                                                  アイススケート 滑走 バランス 崩す 転倒 顔面 氷上 ぶつける 歯 折る 歯ぐき 負傷                                        アイススケート 滑走 バランス 崩す 転倒 顔面 氷上 ぶつける 歯 折る 歯ぐき 負傷         12
17障160     12      9     3 25.0000                             中 する 自分                                                               スキー 教室 受講 転倒 ストック グリップ 部 前歯 当たる                                                     スキー 教室 受講 転倒 ストック グリップ 部 前歯 当たる          9
17障169     25     18     7 28.0000                  中 活動 いる 他 生徒 生徒 する                                   陸上 部 合宿 部 休養 時間 プール プール スライダー 等 遊ぶ プール サイド 転ぶ 跳ね上がる 足 顔面 直撃                                   陸上 部 合宿 休養 時間 プール スライダー 等 遊ぶ サイド 転ぶ 跳ね上がる 足 顔面 直撃         15
17障175     10      6     4 40.0000                           中 他 生徒 する                                                                           テニス 練習 振る ラケット 歯 直撃                                                                 テニス 練習 振る ラケット 歯 直撃          6
17障190     25     16     9 36.0000            活動 中 際 他 なる ところ する いる する                                        野球 部 素振り 練習 始める 転がる くる ボール 捕る 前かがみ 隣 素振り 同級生 バット 顔面 直撃                                  野球 部 素振り 練習 始める 転がる くる ボール 捕る 前かがみ 隣 同級生 バット 顔面 直撃         15
17障196     34     25     9 26.4706          中 する いる 生徒 する いる こと できる する              野球 部 練習 全員 トス バッティング ボール 投げる 瞬間 隣 トス バッティング 組 打球 飛ぶ くる 隣 組 打球 ける 顔 ボール 当たる 前歯 負傷                         野球 部 練習 全員 トス バッティング ボール 投げる 瞬間 隣 組 打球 飛ぶ くる ける 顔 当たる 前歯 負傷         19
17障204     22     17     5 22.7273                        活動 中 する 際 する                               バレーボール 部 チャンス ボール カット 前方 出る チームメイト 足 ひっかかる バランス 失う 顔面 床 転倒 歯 打つ                     バレーボール 部 チャンス ボール カット 前方 出る チームメイト 足 ひっかかる バランス 失う 顔面 床 転倒 歯 打つ         17

正常終了
次: Step3-6_歯牙障害_カテゴリ分類.py
正常終了: Step3-5_歯牙障害_ストップワード除去.py (2.43秒)

[13/32] file/Step3_歯牙障害/Step3-6_歯牙障害_カテゴリ分類.py

------------------------------------------------------------------------------
実行開始: file/Step3_歯牙障害/Step3-6_歯牙障害_カテゴリ分類.py
Python   : /workspaces/SchoolProject/.venv/bin/python
------------------------------------------------------------------------------
==============================================================================
Step3-6_歯牙障害_カテゴリ分類
==============================================================================
 順位 カテゴリ サブカテゴリ  出現回数  出現事例数  事例出現率(%)
  1  未分類    未分類 32297   1583  100.0000
  2 受傷部位     歯牙   798    746   47.1257
  3 受傷部位    顎顔面   613    573   36.1971
  4  原因物 スポーツ用具   734    527   33.2912
  5 受傷機転     転倒   539    507   32.0278
  6  原因物    乗り物   336    232   14.6557
  7 衝突対象      床   206    189   11.9394
  8 受傷機転     衝突   195    186   11.7498
  9   行動     移動   171    152    9.6020
 10 受傷部位     下肢   153    142    8.9703
 11 受傷部位     上肢   136    124    7.8332
 12 受傷機転     滑走   118    112    7.0752
 13 衝突対象     地面   106    101    6.3803
 14 傷害結果     脱臼    89     89    5.6222
 15   行動     球技    89     83    5.2432
 16 受傷機転     接触    71     68    4.2956
 17 傷害結果     欠損    55     55    3.4744
 18 受傷機転     転落    55     54    3.4112
 19 環境要因     路面    58     53    3.3481
 20 受傷部位     頭部    48     48    3.0322
 21 受傷機転   つまずき    45     44    2.7795
 22 衝突対象     階段    64     43    2.7164
 23   行動     乗車    45     39    2.4637
 24 受傷部位      眼    43     34    2.1478
 25 衝突対象  自転車部品    35     31    1.9583
 26 受傷機転     切創    30     30    1.8951
 27  原因物     遊具    42     27    1.7056
 28   行動     昇降    32     27    1.7056
 29 衝突対象      壁    28     25    1.5793
 30 環境要因     天候    22     21    1.3266

正常終了
次: Step3-7_歯牙障害_特徴語抽出.py
正常終了: Step3-6_歯牙障害_カテゴリ分類.py (3.52秒)

[14/32] file/Step3_歯牙障害/Step3-7_歯牙障害_特徴語抽出.py

------------------------------------------------------------------------------
実行開始: file/Step3_歯牙障害/Step3-7_歯牙障害_特徴語抽出.py
Python   : /workspaces/SchoolProject/.venv/bin/python
------------------------------------------------------------------------------
==============================================================================
Step3-7_歯牙障害_特徴語抽出
ジャッカード係数: 使用しない
==============================================================================
エラー: FileNotFoundError: 必要ファイルがありません: /workspaces/SchoolProject/SportDent/CreateData/Step2_傷害カテゴリ別解析/カテゴリ別抽出データ/Step2-1_傷害カテゴリ別解析_歯牙障害抽出.csv

==============================================================================
一括実行を停止しました
終了コード   : 1
失敗ファイル : file/Step3_歯牙障害/Step3-7_歯牙障害_特徴語抽出.py
正常終了数   : 13
ログ         : /workspaces/SchoolProject/SportDent/logs/run_from_step3_20260716_125847.log
==============================================================================
