==============================================================================
Step3以降の一括実行を開始します
Step2は手修正データ保護のため実行しません
プロジェクトルート: /workspaces/SchoolProject/SportDent
ログ保存先        : /workspaces/SchoolProject/SportDent/logs/run_from_step3_20260716_120035.log
==============================================================================

実行予定ファイル数: 32

[1/32] file/Step3_All/Step3-1_All_形態素解析.py

------------------------------------------------------------------------------
実行開始: file/Step3_All/Step3-1_All_形態素解析.py
Python   : /workspaces/SchoolProject/.venv/bin/python
------------------------------------------------------------------------------

==============================================================================
Step3-1_All_形態素解析を開始します
解析対象　　　：全データ
解析方法　　　：Janomeによる形態素解析
ジャッカード　：使用しない
==============================================================================
入力ファイル：/workspaces/SchoolProject/SportDent/DB/shougai(2025.01.31).csv
文字コード　：utf-8-sig

【形態素解析結果：先頭20行】
 元データ行番号   記号  形態素番号 表層形 基本形  品詞 品詞細分類1 品詞細分類2 品詞細分類3      活用型 活用形    読み    発音
       2 17障1      1  理科  理科  名詞     一般      *      *                 リカ    リカ
       2 17障1      2   の   の  助詞    連体化      *      *                  ノ     ノ
       2 17障1      3  授業  授業  名詞   サ変接続      *      *              ジュギョウ ジュギョー
       2 17障1      4   中   中  名詞     接尾   副詞可能      *                チュウ   チュー
       2 17障1      5   、   、  記号     読点      *      *                  、     、
       2 17障1      6  運動  運動  名詞   サ変接続      *      *               ウンドウ  ウンドー
       2 17障1      7   場   場  名詞     接尾     一般      *                ジョウ   ジョー
       2 17障1      8   で   で  助詞    格助詞     一般      *                  デ     デ
       2 17障1      9   熱   熱  名詞     一般      *      *                 ネツ    ネツ
       2 17障1     10  気球  気球  名詞     一般      *      *               キキュウ  キキュー
       2 17障1     11   を   を  助詞    格助詞     一般      *                  ヲ     ヲ
       2 17障1     12 飛ばす 飛ばす  動詞     自立      *      *    五段・サ行 基本形   トバス   トバス
       2 17障1     13  実験  実験  名詞   サ変接続      *      *               ジッケン  ジッケン
       2 17障1     14   を   を  助詞    格助詞     一般      *                  ヲ     ヲ
       2 17障1     15   し  する  動詞     自立      *      *    サ変・スル 連用形     シ     シ
       2 17障1     16   て   て  助詞   接続助詞      *      *                  テ     テ
       2 17障1     17   い  いる  動詞    非自立      *      *       一段 連用形     イ     イ
       2 17障1     18   た   た 助動詞      *      *      *     特殊・タ 基本形     タ     タ
       2 17障1     19   。   。  記号     句点      *      *                  。     。
       2 17障1     20  黒い  黒い 形容詞     自立      *      * 形容詞・アウオ段 基本形   クロイ   クロイ

【品詞速報】
名詞    ：   143,329件
動詞    ：    60,565件
形容詞   ：     1,677件
助詞    ：   100,095件
助動詞   ：    28,682件
副詞    ：     1,505件
連体詞   ：     1,601件
接続詞   ：       392件
記号    ：    40,195件

【解析異常候補】
   異常区分  件数
形態素数が多い  18
  文章が長い  12

━━━━━━━━━━━━━━━━━━━━━━━━━━━━━━━━━━━━━━━━━━━━━━━━━━━━━━━━━━━━━━━━━━━━━━━━━━━━━━
Step3-1_All_形態素解析　正常終了
━━━━━━━━━━━━━━━━━━━━━━━━━━━━━━━━━━━━━━━━━━━━━━━━━━━━━━━━━━━━━━━━━━━━━━━━━━━━━━
入力件数　　　　　　：7,682件
解析成功件数　　　　：7,682件
解析失敗件数　　　　：0件
総形態素数　　　　　：382,913件
平均形態素数　　　　：49.85件／事例
最小形態素数　　　　：6件
最大形態素数　　　　：223件
異常候補レコード数　：30件
処理時間　　　　　　：29.80秒

形態素解析CSV　　　　：/workspaces/SchoolProject/SportDent/CreateData/Step3_All/Step3-1_All_形態素解析.csv
解析サマリーCSV　　　：/workspaces/SchoolProject/SportDent/CreateData/Step3_All/Step3-1_All_解析サマリー.csv
解析異常一覧CSV　　　：/workspaces/SchoolProject/SportDent/CreateData/Step3_All/Step3-1_All_解析異常一覧.csv
事例別解析文章CSV　　：/workspaces/SchoolProject/SportDent/CreateData/Step3_All/Step3-1_All_事例別解析文章.csv

同名CSVは上書きしています。
ジャッカード係数は使用していません。
次のStep：Step3-2_All_品詞集計.py
━━━━━━━━━━━━━━━━━━━━━━━━━━━━━━━━━━━━━━━━━━━━━━━━━━━━━━━━━━━━━━━━━━━━━━━━━━━━━━
正常終了: Step3-1_All_形態素解析.py (32.80秒)

[2/32] file/Step3_All/Step3-2_All_品詞集計.py

------------------------------------------------------------------------------
実行開始: file/Step3_All/Step3-2_All_品詞集計.py
Python   : /workspaces/SchoolProject/.venv/bin/python
------------------------------------------------------------------------------

==============================================================================
Step3-2_All_品詞集計を開始します
解析対象　　　：Step3-1の全形態素
解析方法　　　：記述統計
ジャッカード　：使用しない
==============================================================================

【主要品詞集計】
 順位   品詞      件数   割合（％）   全形態素数
  1   名詞 143,329 37.4312 382,913
  2   助詞 100,095 26.1404 382,913
  3   動詞  60,565 15.8169 382,913
  4   記号  40,195 10.4972 382,913
  5  助動詞  28,682  7.4905 382,913
  6  接頭詞   4,840  1.2640 382,913
  7  形容詞   1,677  0.4380 382,913
  8  連体詞   1,601  0.4181 382,913
  9   副詞   1,505  0.3930 382,913
 10  接続詞     392  0.1024 382,913
 11  感動詞      18  0.0047 382,913
 12 フィラー       9  0.0024 382,913
 13  その他       5  0.0013 382,913

【品詞・細分類集計：上位30行】
 全体順位  品詞 品詞細分類1  品詞内順位     件数 品詞内割合（％） 全体割合（％）  品詞合計件数   全形態素数
    1  名詞     一般      1 79,026  55.1361 20.6381 143,329 382,913
    2  助詞    格助詞      1 61,030  60.9721 15.9383 100,095 382,913
    3  動詞     自立      1 48,637  80.3055 12.7018  60,565 382,913
    4 助動詞    未設定      1 28,682 100.0000  7.4905  28,682 382,913
    5  名詞   サ変接続      2 28,376  19.7978  7.4106 143,329 382,913
    6  記号     読点      1 25,389  63.1646  6.6305  40,195 382,913
    7  助詞    連体化      2 18,208  18.1907  4.7551 100,095 382,913
    8  名詞     接尾      3 16,793  11.7164  4.3856 143,329 382,913
    9  助詞   接続助詞      3 16,513  16.4973  4.3125 100,095 382,913
   10  記号     句点      2 13,044  32.4518  3.4065  40,195 382,913
   11  名詞    非自立      4 10,801   7.5358  2.8207 143,329 382,913
   12  動詞    非自立      2  9,816  16.2074  2.5635  60,565 382,913
   13 接頭詞   名詞接続      1  4,308  89.0083  1.1251   4,840 382,913
   14  名詞      数      5  3,556   2.4810  0.9287 143,329 382,913
   15  名詞   副詞可能      6  3,081   2.1496  0.8046 143,329 382,913
   16  動詞     接尾      3  2,112   3.4872  0.5516  60,565 382,913
   17  助詞    係助詞      4  1,659   1.6574  0.4333 100,095 382,913
   18 形容詞     自立      1  1,640  97.7937  0.4283   1,677 382,913
   19 連体詞    未設定      1  1,601 100.0000  0.4181   1,601 382,913
   20  助詞   並立助詞      5  1,539   1.5375  0.4019 100,095 382,913
   21  副詞     一般      1    882  58.6047  0.2303   1,505 382,913
   22  名詞   固有名詞      7    754   0.5261  0.1969 143,329 382,913
   23  記号    括弧開      3    685   1.7042  0.1789  40,195 382,913
   24  記号    括弧閉      4    680   1.6918  0.1776  40,195 382,913
   25  名詞 形容動詞語幹      8    674   0.4702  0.1760 143,329 382,913
   26  副詞  助詞類接続      2    623  41.3953  0.1627   1,505 382,913
   27 接頭詞    数接続      2    524  10.8264  0.1368   4,840 382,913
   28  助詞    副詞化      6    505   0.5045  0.1319 100,095 382,913
   29  助詞    副助詞      7    414   0.4136  0.1081 100,095 382,913
   30 接続詞    未設定      1    392 100.0000  0.1024     392 382,913

【整合性確認】
入力形態素数　　　：382,913件
主要品詞件数合計　：382,913件
詳細集計件数合計　：382,913件
主要品詞割合合計　：100.0001％
詳細全体割合合計　：100.0001％

━━━━━━━━━━━━━━━━━━━━━━━━━━━━━━━━━━━━━━━━━━━━━━━━━━━━━━━━━━━━━━━━━━━━━━━━━━━━━━
Step3-2_All_品詞集計　正常終了
━━━━━━━━━━━━━━━━━━━━━━━━━━━━━━━━━━━━━━━━━━━━━━━━━━━━━━━━━━━━━━━━━━━━━━━━━━━━━━
入力形態素数　　　　：382,913件
対象事例数　　　　　：7,682件
品詞大分類数　　　　：13種類
品詞・細分類組合せ　：45種類
処理時間　　　　　　：1.99秒

品詞詳細集計CSV　　　：/workspaces/SchoolProject/SportDent/CreateData/Step3_All/Step3-2_All_品詞集計.csv
主要品詞集計CSV　　　：/workspaces/SchoolProject/SportDent/CreateData/Step3_All/Step3-2_All_主要品詞集計.csv
解析サマリーCSV　　　：/workspaces/SchoolProject/SportDent/CreateData/Step3_All/Step3-2_All_解析サマリー.csv

同名CSVは上書きしています。
ジャッカード係数は使用していません。
次のStep：Step3-3_All_頻出語集計.py
━━━━━━━━━━━━━━━━━━━━━━━━━━━━━━━━━━━━━━━━━━━━━━━━━━━━━━━━━━━━━━━━━━━━━━━━━━━━━━
正常終了: Step3-2_All_品詞集計.py (2.73秒)

[3/32] file/Step3_All/Step3-3_All_頻出語集計.py

------------------------------------------------------------------------------
実行開始: file/Step3_All/Step3-3_All_頻出語集計.py
Python   : /workspaces/SchoolProject/.venv/bin/python
------------------------------------------------------------------------------

==============================================================================
Step3-3_All_頻出語集計を開始します
解析対象　　　：名詞・動詞・形容詞
解析方法　　　：頻度・出現事例数集計
ジャッカード　：使用しない
==============================================================================

【名詞：上位20語】
 品詞別順位 基本形  出現回数 出現事例数 事例出現率（％） 1事例当たり平均出現回数
     1   中 4,509 4,291  55.8578       1.0508
     2   際 3,098 3,015  39.2476       1.0275
     3   部 2,710 2,321  30.2135       1.1676
     4  生徒 3,740 2,296  29.8880       1.6289
     5  練習 2,372 2,068  26.9201       1.1470
     6 ところ 2,038 1,929  25.1106       1.0565
     7  負傷 1,636 1,632  21.2445       1.0025
     8 ボール 2,127 1,623  21.1273       1.3105
     9   右 2,081 1,550  20.1770       1.3426
    10   眼 1,779 1,473  19.1747       1.2077
    11   左 1,943 1,470  19.1356       1.3218
    12  ため 1,449 1,266  16.4801       1.1445
    13  転倒 1,299 1,254  16.3239       1.0359
    14   他 1,383 1,224  15.9334       1.1299
    15  とき 1,165 1,108  14.4233       1.0514
    16  活動 1,134 1,104  14.3713       1.0272
    17  児童 1,927 1,055  13.7334       1.8265
    18  顔面 1,087 1,039  13.5251       1.0462
    19  授業 1,015   990  12.8873       1.0253
    20  試合 1,036   965  12.5618       1.0736

【動詞：上位20語】
 品詞別順位  基本形   出現回数 出現事例数 事例出現率（％） 1事例当たり平均出現回数
     1   する 15,485 6,712  87.3731       2.3071
     2   いる  7,534 5,314  69.1747       1.4178
     3  当たる  1,787 1,708  22.2338       1.0463
     4   れる  1,522 1,340  17.4434       1.1358
     5   なる  1,181 1,043  13.5772       1.1323
     6   打つ    871   835  10.8696       1.0431
     7   残る    819   797  10.3749       1.0276
     8  受ける    785   749   9.7501       1.0481
     9  しまう    846   717   9.3335       1.1799
    10   走る    806   704   9.1643       1.1449
    11   くる    729   697   9.0732       1.0459
    12  倒れる    651   612   7.9667       1.0637
    13   行う    732   601   7.8235       1.2180
    14   ある    605   551   7.1726       1.0980
    15   遊ぶ    570   545   7.0945       1.0459
    16 ぶつかる    556   534   6.9513       1.0412
    17   崩す    519   518   6.7430       1.0019
    18 ぶつける    427   422   5.4934       1.0118
    19  投げる    450   403   5.2460       1.1166
    20   蹴る    427   400   5.2070       1.0675

【形容詞：上位20語】
 品詞別順位 基本形 出現回数 出現事例数 事例出現率（％） 1事例当たり平均出現回数
     1  強い  592   577   7.5111       1.0260
     2  高い  112   107   1.3929       1.0467
     3  ない  116   103   1.3408       1.1262
     4  悪い   74    73   0.9503       1.0137
     5 激しい   70    69   0.8982       1.0145
     6  痛い   62    59   0.7680       1.0508
     7 大きい   59    58   0.7550       1.0172
     8  深い   55    55   0.7160       1.0000
     9  暗い   43    42   0.5467       1.0238
    10 うまい   35    35   0.4556       1.0000
    11  軽い   28    28   0.3645       1.0000
    12  低い   22    22   0.2864       1.0000
    13  重い   19    19   0.2473       1.0000
    13  長い   19    19   0.2473       1.0000
    15  硬い   18    18   0.2343       1.0000
    16 にくい   16    16   0.2083       1.0000
    17  熱い   15    15   0.1953       1.0000
    17  近い   15    15   0.1953       1.0000
    17  遠い   15    15   0.1953       1.0000
    20 ひどい   14    14   0.1822       1.0000

【整合性確認】
入力形態素数　　　　：382,913件
集計対象形態素数　　：205,571件
出現回数合計　　　　：205,571件
入力事例数　　　　　：7,682件
集計対象事例数　　　：7,682件

━━━━━━━━━━━━━━━━━━━━━━━━━━━━━━━━━━━━━━━━━━━━━━━━━━━━━━━━━━━━━━━━━━━━━━━━━━━━━━
Step3-3_All_頻出語集計　正常終了
━━━━━━━━━━━━━━━━━━━━━━━━━━━━━━━━━━━━━━━━━━━━━━━━━━━━━━━━━━━━━━━━━━━━━━━━━━━━━━
入力形態素数　　　　：382,913件
集計対象形態素数　　：205,571件
異なり語数　　　　　：7,268語
品詞別上位語出力行数：300行
処理時間　　　　　　：2.12秒

頻出語集計CSV　　　　：/workspaces/SchoolProject/SportDent/CreateData/Step3_All/Step3-3_All_頻出語集計.csv
品詞別上位語CSV　　　：/workspaces/SchoolProject/SportDent/CreateData/Step3_All/Step3-3_All_品詞別頻出語上位.csv
解析サマリーCSV　　　：/workspaces/SchoolProject/SportDent/CreateData/Step3_All/Step3-3_All_解析サマリー.csv

同名CSVは上書きしています。
ジャッカード係数は使用していません。
次のStep：Step3-4_All_共起語解析.py
━━━━━━━━━━━━━━━━━━━━━━━━━━━━━━━━━━━━━━━━━━━━━━━━━━━━━━━━━━━━━━━━━━━━━━━━━━━━━━
正常終了: Step3-3_All_頻出語集計.py (2.86秒)

[4/32] file/Step3_All/Step3-4_All_共起語解析.py

------------------------------------------------------------------------------
実行開始: file/Step3_All/Step3-4_All_共起語解析.py
Python   : /workspaces/SchoolProject/.venv/bin/python
------------------------------------------------------------------------------

==============================================================================
Step3-4_All_共起語解析を開始します
解析対象　　　：名詞・動詞・形容詞
解析方法　　　：事例単位の共起集計
ジャッカード　：使用しない
==============================================================================

【共起語：上位30組】
 全体順位 語1 語1品詞  語2 語2品詞 共起事例数 共起事例率（％）
    1 いる   動詞  する   動詞 4,813  62.6530
    2 する   動詞   中   名詞 3,788  49.3101
    3 する   動詞   際   名詞 2,774  36.1104
    4 いる   動詞   中   名詞 2,731  35.5506
    5 いる   動詞   際   名詞 2,187  28.4691
    6 する   動詞   部   名詞 2,089  27.1934
    7 する   動詞  生徒   名詞 2,034  26.4775
    8  中   名詞   際   名詞 1,869  24.3296
    9 する   動詞  練習   名詞 1,854  24.1343
   10  中   名詞   部   名詞 1,753  22.8196
   11 する   動詞 ところ   名詞 1,733  22.5592
   12 いる   動詞  生徒   名詞 1,700  22.1297
   13 する   動詞  負傷   名詞 1,632  21.2445
   14 いる   動詞 ところ   名詞 1,591  20.7108
   15 いる   動詞   部   名詞 1,572  20.4634
   16  中   名詞  練習   名詞 1,442  18.7712
   17 いる   動詞  練習   名詞 1,437  18.7061
   18 する   動詞 ボール   名詞 1,434  18.6670
   19 する   動詞   右   名詞 1,355  17.6386
   20 する   動詞 当たる   動詞 1,353  17.6126
   21  中   名詞  生徒   名詞 1,336  17.3913
   22 する   動詞   左   名詞 1,280  16.6623
   23 いる   動詞 当たる   動詞 1,267  16.4931
   24 する   動詞   眼   名詞 1,249  16.2588
   25 する   動詞  転倒   名詞 1,240  16.1416
   26 する   動詞  れる   動詞 1,202  15.6470
   27 練習   名詞   部   名詞 1,180  15.3606
   28 する   動詞  ため   名詞 1,169  15.2174
   29 いる   動詞 ボール   名詞 1,162  15.1263
   30 いる   動詞  負傷   名詞 1,127  14.6707

【整合性確認】
入力形態素数　　　　：382,913件
共起分析対象形態素数：205,571件
共起分析対象事例数　：7,682件
共起分析対象語数　　：7,268語
出力共起組数　　　　：72,451組

━━━━━━━━━━━━━━━━━━━━━━━━━━━━━━━━━━━━━━━━━━━━━━━━━━━━━━━━━━━━━━━━━━━━━━━━━━━━━━
Step3-4_All_共起語解析　正常終了
━━━━━━━━━━━━━━━━━━━━━━━━━━━━━━━━━━━━━━━━━━━━━━━━━━━━━━━━━━━━━━━━━━━━━━━━━━━━━━
出力共起組数　　　　：72,451組
上位共起組出力数　　：500組
最小共起事例数　　　：5件
処理時間　　　　　　：20.27秒

共起語解析CSV　　　　：/workspaces/SchoolProject/SportDent/CreateData/Step3_All/Step3-4_All_共起語解析.csv
共起語上位CSV　　　　：/workspaces/SchoolProject/SportDent/CreateData/Step3_All/Step3-4_All_共起語上位.csv
解析サマリーCSV　　　：/workspaces/SchoolProject/SportDent/CreateData/Step3_All/Step3-4_All_解析サマリー.csv

同名CSVは上書きしています。
ジャッカード係数は使用していません。
次のStep：Step3-5_All_ストップワード除去.py
━━━━━━━━━━━━━━━━━━━━━━━━━━━━━━━━━━━━━━━━━━━━━━━━━━━━━━━━━━━━━━━━━━━━━━━━━━━━━━
正常終了: Step3-4_All_共起語解析.py (21.23秒)

[5/32] file/Step3_All/Step3-5_All_ストップワード除去.py

------------------------------------------------------------------------------
実行開始: file/Step3_All/Step3-5_All_ストップワード除去.py
Python   : /workspaces/SchoolProject/.venv/bin/python
------------------------------------------------------------------------------

==============================================================================
Step3-5_All_ストップワード除去を開始します
解析対象　　　：名詞・動詞・形容詞
設定ファイル　：Common/Config/設定_ストップワード.txt
ジャッカード　：使用しない
==============================================================================

【事例別除去結果：先頭20行】
    記号  除去前語数  除去後語数  除去語数  除去率（％）                                     除去語列                                                                                                                                              解析用語列                                                                                                 解析用語集合  解析用語異なり語数
  17障1     60     46    14 23.3333 授業 中 する いる する いる 後 中 する する ところ する する 受ける 理科 運動 場 熱 気球 飛ばす 実験 黒い ビニール 袋 針金 熱 気球 作る 皿 入れる 脱脂綿 アルコール 浸す 火 つけ 熱 気球 飛ばす 実験 いくつ 熱 気球 飛ばす 皿 脱脂綿 燃える の 確認 新しい アルコール 注ぐ アルコール 缶 火種 引火 爆発 熱風 全身 火傷 負う 理科 運動 場 熱 気球 飛ばす 実験 黒い ビニール 袋 針金 作る 皿 入れる 脱脂綿 アルコール 浸す 火 つけ いくつ 燃える の 確認 新しい 注ぐ 缶 火種 引火 爆発 熱風 全身 火傷 負う         33
 17障10     22     14     8 36.3636                   授業 中 する いる 際 こと できる なる                                                                                                             体育 跳び箱 ３ 段 跳ぶ 練習 右手 上手い つく 手 指 甲 つく 状態                                                                    体育 跳び箱 ３ 段 跳ぶ 練習 右手 上手い つく 手 指 甲 状態         13
17障100     22     14     8 36.3636                    する いる いる とき 上 児童 する 際                                                                                                     朝 休み 友だち バラ ゲーム 逃げる 水飲み 場 飛び降りる ぶつかる 転倒 顔 部 打つ                                                         朝 休み 友だち バラ ゲーム 逃げる 水飲み 場 飛び降りる ぶつかる 転倒 顔 部 打つ         14
17障101     30     23     7 23.3333                        前 中 とき 後 児童 児童 する                                                                朝 始業 体育館 ミニ バスケットボール 練習 ２ チーム 分かれる 対面 ゴール 攻める いく 側 コート ドリブル 回り込む くる 頭 顔面 ぶつかる 右目 負傷                    朝 始業 体育館 ミニ バスケットボール 練習 ２ チーム 分かれる 対面 ゴール 攻める いく 側 コート ドリブル 回り込む くる 頭 顔面 ぶつかる 右目 負傷         23
17障102     28     21     7 25.0000                       前 中 する いる する ところ 左                                                                             始業 特定 時間 友達 追う かけっこ 教室 角 曲がる バランス 失う 滑る ガラス 戸 手 飛び込む しまう 割れる ガラス 手首 切る                                     始業 特定 時間 友達 追う かけっこ 教室 角 曲がる バランス 失う 滑る ガラス 戸 手 飛び込む しまう 割れる 手首 切る         20
17障103     22     16     6 27.2727                        授業 後 いる ところ いる ため                                                                                           終了 スクールバス 待つ 間 校庭 遊ぶ 校舎 走る 出る 急ぐ 校庭 転ぶ 額 アスファルト 道路 打ち付ける                                                  終了 スクールバス 待つ 間 校庭 遊ぶ 校舎 走る 出る 急ぐ 転ぶ 額 アスファルト 道路 打ち付ける         15
17障104     29     22     7 24.1379                         授業 後 中 時 いる 際 なる                                                                           終了 特定 時間 運動 場 ジャングルジム 上部 登 下校 身 着ける 安全 たすき 結びつける 遊ぶ 誤る たすき 首 かかる 首 吊る 状態                                     終了 特定 時間 運動 場 ジャングルジム 上部 登 下校 身 着ける 安全 たすき 結びつける 遊ぶ 誤る 首 かかる 吊る 状態         20
17障105     27     19     8 29.6296                    授業 後 中 ため いる いる する する                                                                                      終了 特定 時間 友達 一緒 帰る すべり台 遊ぶ 待つ 遊ぶ うち バランス 崩す 手 ねじれる 形 当たる 転倒 骨折                                             終了 特定 時間 友達 一緒 帰る すべり台 遊ぶ 待つ うち バランス 崩す 手 ねじれる 形 当たる 転倒 骨折         18
17障106     30     22     8 26.6667                     授業 後 中 いる 際 する ため する                                                                               終了 特定 時間 輪ゴム 左手 中指 巻く つける 遊ぶ 指 色 変わる くる 外す きつい 巻く すぎる とれる 帰宅 兄 急ぐ 外す                                         終了 特定 時間 輪ゴム 左手 中指 巻く つける 遊ぶ 指 色 変わる くる 外す きつい すぎる とれる 帰宅 兄 急ぐ         20
17障107     22     13     9 40.9091                 する いる ところ 他 児童 する 際 右 する                                                                                                          放課後 廊下 話 押す れる 転倒 前額 部 コンクリート 柱 角 ぶつける 負傷                                                              放課後 廊下 話 押す れる 転倒 前額 部 コンクリート 柱 角 ぶつける 負傷         13
17障108     32     24     8 25.0000                     授業 後 中 いる 際 自分 する する                                                                          終了 特定 時間 校庭 シーソー 遊ぶ 反対 側 座席 座る 友人 2 人 体重 押し上げる 体重 差 為 戻る シーソー 取っ手 部分 喉 強打                                      終了 特定 時間 校庭 シーソー 遊ぶ 反対 側 座席 座る 友人 2 人 体重 押し上げる 差 為 戻る 取っ手 部分 喉 強打         22
17障109     26     18     8 30.7692                    授業 後 中 する ところ 際 児童 する                                                                                      終了 特定 時間 同級生 注意 聞き入れる 同級生 帽子 取り上げる 同級生 耳 後ろ 爪 たてる 首 つかむ 首 痛める                                                    終了 特定 時間 同級生 注意 聞き入れる 帽子 取り上げる 耳 後ろ 爪 たてる 首 つかむ 痛める         15
 17障11     19     12     7 36.8421                        授業 中 する いる 際 下 する                                                                                                             体育 鉄棒 練習 手 すべる 鉄棒 落ちる 顔面 地面 打ちつける 唇 負傷                                                                    体育 鉄棒 練習 手 すべる 落ちる 顔面 地面 打ちつける 唇 負傷         11
17障110     40     32     8 20.0000                   児童 する する いる する いる 際 する                                                      寄宿舎 余暇 時間 職員 手 持つ 軽い 力 加える 離す 駆け足 せる 遊び ５ 回 目 駆け足 遊ぶ 急 体 反転 せる 勢い 足 滑る せる うつ 伏せ 倒れる 歯 床 打ちつける                    寄宿舎 余暇 時間 職員 手 持つ 軽い 力 加える 離す 駆け足 せる 遊び ５ 回 目 遊ぶ 急 体 反転 勢い 足 滑る うつ 伏せ 倒れる 歯 床 打ちつける         29
17障111     13     11     2 15.3846                                     中 とき                                                                                                                  登校 友人 一緒 走る だす 足 もつれる 転ぶ 顔面 強い 打つ                                                                      登校 友人 一緒 走る だす 足 もつれる 転ぶ 顔面 強い 打つ         11
17障112     41     33     8 19.5122                       中 いる なる 際 左 上 いる 左                                                登校 ゆるい 下り坂 道路 ポケット 手 入れる 歩く 躓く 転ぶ そう マンション 外壁 角 ( 120 度 ) 顔面 ぶつける 眼 3 ㎝ 切る かける 眼鏡 フレーム 眉 2 . 5 ㎝ 切る         登校 ゆるい 下り坂 道路 ポケット 手 入れる 歩く 躓く 転ぶ そう マンション 外壁 角 ( 120 度 ) 顔面 ぶつける 眼 3 ㎝ 切る かける 眼鏡 フレーム 眉 2 . 5         31
17障113     19     15     4 21.0526                                 中 際 右 よう                                                                                                      徒歩 登校 道路 脇 溝 落ちる 下腿 部 膝 部 付近 大きい えぐれる 切れる しまう                                                            徒歩 登校 道路 脇 溝 落ちる 下腿 部 膝 付近 大きい えぐれる 切れる しまう         14
17障114     19     12     7 36.8421                       中 する いる する 際 する する                                                                                                                徒歩 登校 舗装 れる 道 つまずく 転倒 顔面 石 強打 前歯 負傷                                                                    徒歩 登校 舗装 れる 道 つまずく 転倒 顔面 石 強打 前歯 負傷         12
17障115     30     24     6 20.0000                          中 際 児童 する する する                                                                      妹 ２ 人 自転車 登校 下り坂 スピード 上げる ハンドル 妹 自転車 ハンドル 接触 バランス 崩す 転倒 口 打つ しまう 上顎 前歯 ２ 本 脱落                                       妹 ２ 人 自転車 登校 下り坂 スピード 上げる ハンドル 接触 バランス 崩す 転倒 口 打つ しまう 上顎 前歯 本 脱落         20
17障116     27     22     5 18.5185                             中 いる 際 ため する                                                                        登校 母親 押す 車椅子 乗る 母親 ゴミ 捨てる 歩道 ブレーキ かける 止める 車椅子 離れる 隙 動き出す 車道 側 転倒 地面 頭部 ぶつける                                   登校 母親 押す 車椅子 乗る ゴミ 捨てる 歩道 ブレーキ かける 止める 離れる 隙 動き出す 車道 側 転倒 地面 頭部 ぶつける         20

【実際に除去された語：上位30語】
 順位 品詞 基本形   出現回数 出現事例数 事例出現率（％）
  1 動詞  する 15,485 6,712  87.3731
  2 動詞  いる  7,534 5,314  69.1747
  3 名詞   中  4,509 4,291  55.8578
  4 名詞   際  3,098 3,015  39.2476
  5 名詞  生徒  3,740 2,296  29.8880
  6 名詞 ところ  2,038 1,929  25.1106
  7 名詞   右  2,081 1,550  20.1770
  8 名詞   左  1,943 1,470  19.1356
  9 名詞  ため  1,449 1,266  16.4801
 10 名詞   他  1,383 1,224  15.9334
 11 名詞  とき  1,165 1,108  14.4233
 12 名詞  活動  1,134 1,104  14.3713
 13 名詞  児童  1,927 1,055  13.7334
 14 動詞  なる  1,181 1,043  13.5772
 15 名詞  授業  1,015   990  12.8873
 16 名詞   後    860   788  10.2577
 17 名詞   時    798   753   9.8021
 18 動詞 受ける    785   749   9.7501
 19 動詞  行う    732   601   7.8235
 20 名詞   前    628   588   7.6543
 21 動詞  ある    605   551   7.1726
 22 名詞   上    583   541   7.0424
 23 名詞   下    404   374   4.8685
 24 名詞  よう    399   366   4.7644
 25 名詞  こと    327   305   3.9703
 26 名詞  学校    284   278   3.6188
 27 名詞  自分    225   216   2.8118
 28 動詞 できる    181   178   2.3171
 29 名詞 その後    187   177   2.3041
 30 名詞  それ    107   106   1.3798

【除去後に残った語：上位30語】
 順位  品詞 基本形  出現回数 出現事例数 事例出現率（％）
  1  名詞   部 2,710 2,321  30.2135
  2  名詞  練習 2,372 2,068  26.9201
  3  動詞 当たる 1,787 1,708  22.2338
  4  名詞  負傷 1,636 1,632  21.2445
  5  名詞 ボール 2,127 1,623  21.1273
  6  名詞   眼 1,779 1,473  19.1747
  7  動詞  れる 1,522 1,340  17.4434
  8  名詞  転倒 1,299 1,254  16.3239
  9  名詞  顔面 1,087 1,039  13.5251
 10  名詞  試合 1,036   965  12.5618
 11  名詞  相手 1,092   908  11.8198
 12  名詞  体育   914   891  11.5985
 13  名詞   場   918   886  11.5335
 14  動詞  打つ   871   835  10.8696
 15  名詞  時間   829   822  10.7003
 16  名詞  強打   817   810  10.5441
 17  名詞  運動   844   809  10.5311
 18  動詞  残る   819   797  10.3749
 19  名詞  前歯   795   750   9.7631
 20  動詞 しまう   846   717   9.3335
 21  動詞  走る   806   704   9.1643
 22  名詞  野球   716   702   9.1382
 23  動詞  くる   729   697   9.0732
 24  名詞  友人   941   691   8.9951
 25  名詞   足   721   667   8.6826
 26  名詞   手   706   634   8.2531
 27  動詞 倒れる   651   612   7.9667
 28  名詞  教室   659   580   7.5501
 29 形容詞  強い   592   577   7.5111
 30  名詞 体育館   605   562   7.3158

【整合性確認】
除去前語数合計　　　：205,571語
除去後語数合計　　　：148,642語
除去語数合計　　　　：56,929語
前後＋除去の整合性　：205,571語
対象事例数　　　　　：7,682件
出力事例数　　　　　：7,682件

━━━━━━━━━━━━━━━━━━━━━━━━━━━━━━━━━━━━━━━━━━━━━━━━━━━━━━━━━━━━━━━━━━━━━━━━━━━━━━
Step3-5_All_ストップワード除去　正常終了
━━━━━━━━━━━━━━━━━━━━━━━━━━━━━━━━━━━━━━━━━━━━━━━━━━━━━━━━━━━━━━━━━━━━━━━━━━━━━━
登録ストップワード数：35語
除去前語数　　　　　：205,571語
除去後語数　　　　　：148,642語
除去語数　　　　　　：56,929語
全体除去率　　　　　：27.6931％
除去後語数0の事例数 ：0件
処理時間　　　　　　：10.14秒

事例別結果CSV　　　　：/workspaces/SchoolProject/SportDent/CreateData/Step3_All/Step3-5_All_ストップワード除去.csv
除去語集計CSV　　　　：/workspaces/SchoolProject/SportDent/CreateData/Step3_All/Step3-5_All_除去語集計.csv
残存語集計CSV　　　　：/workspaces/SchoolProject/SportDent/CreateData/Step3_All/Step3-5_All_残存語集計.csv
解析サマリーCSV　　　：/workspaces/SchoolProject/SportDent/CreateData/Step3_All/Step3-5_All_解析サマリー.csv

同名CSVは上書きしています。
ジャッカード係数は使用していません。
次のStep：Step3-6_All_カテゴリ分類.py
━━━━━━━━━━━━━━━━━━━━━━━━━━━━━━━━━━━━━━━━━━━━━━━━━━━━━━━━━━━━━━━━━━━━━━━━━━━━━━
正常終了: Step3-5_All_ストップワード除去.py (10.80秒)

[6/32] file/Step3_All/Step3-6_All_カテゴリ分類.py

------------------------------------------------------------------------------
実行開始: file/Step3_All/Step3-6_All_カテゴリ分類.py
Python   : /workspaces/SchoolProject/.venv/bin/python
------------------------------------------------------------------------------

==============================================================================
Step3-6_All_カテゴリ分類を開始します
解析方法      : Commonカテゴリ辞書との完全一致
ジャッカード  : 使用しない
==============================================================================

[処理中にエラーが発生しました]
FileNotFoundError: 必要なファイルが見つかりません: /workspaces/SchoolProject/SportDent/file/Common/Config/設定_カテゴリ辞書.csv

==============================================================================
一括実行を停止しました
終了コード   : 1
失敗ファイル : file/Step3_All/Step3-6_All_カテゴリ分類.py
正常終了数   : 5
ログ         : /workspaces/SchoolProject/SportDent/logs/run_from_step3_20260716_120035.log
==============================================================================
